{"/Users/myktybeksattarov/Desktop/uniAff/spreadsheet-backend/app.js": {"path":"/Users/myktybeksattarov/Desktop/uniAff/spreadsheet-backend/app.js","statementMap":{"0":{"start":{"line":3,"column":16},"end":{"line":3,"column":34}},"1":{"start":{"line":4,"column":15},"end":{"line":4,"column":32}},"2":{"start":{"line":5,"column":13},"end":{"line":5,"column":28}},"3":{"start":{"line":6,"column":18},"end":{"line":6,"column":47}},"4":{"start":{"line":7,"column":13},"end":{"line":7,"column":28}},"5":{"start":{"line":8,"column":15},"end":{"line":8,"column":40}},"6":{"start":{"line":9,"column":19},"end":{"line":9,"column":41}},"7":{"start":{"line":10,"column":21},"end":{"line":10,"column":57}},"8":{"start":{"line":12,"column":18},"end":{"line":12,"column":47}},"9":{"start":{"line":13,"column":20},"end":{"line":13,"column":45}},"10":{"start":{"line":16,"column":19},"end":{"line":16,"column":49}},"11":{"start":{"line":17,"column":26},"end":{"line":17,"column":63}},"12":{"start":{"line":19,"column":21},"end":{"line":19,"column":57}},"13":{"start":{"line":20,"column":12},"end":{"line":20,"column":21}},"14":{"start":{"line":27,"column":0},"end":{"line":27,"column":18}},"15":{"start":{"line":28,"column":0},"end":{"line":28,"column":27}},"16":{"start":{"line":31,"column":0},"end":{"line":37,"column":2}},"17":{"start":{"line":40,"column":20},"end":{"line":44,"column":2}},"18":{"start":{"line":45,"column":0},"end":{"line":45,"column":30}},"19":{"start":{"line":47,"column":0},"end":{"line":47,"column":22}},"20":{"start":{"line":50,"column":0},"end":{"line":50,"column":24}},"21":{"start":{"line":54,"column":0},"end":{"line":54,"column":29}},"22":{"start":{"line":57,"column":0},"end":{"line":57,"column":58}},"23":{"start":{"line":63,"column":0},"end":{"line":63,"column":68}},"24":{"start":{"line":66,"column":0},"end":{"line":69,"column":3}},"25":{"start":{"line":67,"column":2},"end":{"line":67,"column":26}},"26":{"start":{"line":68,"column":2},"end":{"line":68,"column":59}},"27":{"start":{"line":71,"column":0},"end":{"line":71,"column":21}}},"fnMap":{"0":{"name":"(anonymous_0)","decl":{"start":{"line":66,"column":8},"end":{"line":66,"column":9}},"loc":{"start":{"line":66,"column":33},"end":{"line":69,"column":1}},"line":66}},"branchMap":{},"s":{"0":1,"1":1,"2":1,"3":1,"4":1,"5":1,"6":1,"7":1,"8":1,"9":1,"10":1,"11":1,"12":1,"13":1,"14":1,"15":1,"16":1,"17":1,"18":1,"19":1,"20":1,"21":1,"22":1,"23":1,"24":1,"25":0,"26":0,"27":1},"f":{"0":0},"b":{},"_coverageSchema":"1a1c01bbd47fc00a2c39e90264f33305004495a9","hash":"4ecd5918e0d72a17c68ba298feb776589db057f5"}
,"/Users/myktybeksattarov/Desktop/uniAff/spreadsheet-backend/socket.js": {"path":"/Users/myktybeksattarov/Desktop/uniAff/spreadsheet-backend/socket.js","statementMap":{"0":{"start":{"line":3,"column":19},"end":{"line":3,"column":39}},"1":{"start":{"line":4,"column":12},"end":{"line":4,"column":35}},"2":{"start":{"line":5,"column":15},"end":{"line":5,"column":40}},"3":{"start":{"line":6,"column":60},"end":{"line":6,"column":79}},"4":{"start":{"line":7,"column":23},"end":{"line":7,"column":59}},"5":{"start":{"line":16,"column":25},"end":{"line":210,"column":1}},"6":{"start":{"line":17,"column":2},"end":{"line":25,"column":5}},"7":{"start":{"line":28,"column":2},"end":{"line":43,"column":5}},"8":{"start":{"line":29,"column":18},"end":{"line":29,"column":45}},"9":{"start":{"line":30,"column":4},"end":{"line":33,"column":5}},"10":{"start":{"line":31,"column":6},"end":{"line":31,"column":69}},"11":{"start":{"line":32,"column":6},"end":{"line":32,"column":69}},"12":{"start":{"line":35,"column":4},"end":{"line":42,"column":7}},"13":{"start":{"line":36,"column":6},"end":{"line":39,"column":7}},"14":{"start":{"line":37,"column":8},"end":{"line":37,"column":68}},"15":{"start":{"line":38,"column":8},"end":{"line":38,"column":70}},"16":{"start":{"line":40,"column":6},"end":{"line":40,"column":37}},"17":{"start":{"line":41,"column":6},"end":{"line":41,"column":13}},"18":{"start":{"line":46,"column":2},"end":{"line":207,"column":5}},"19":{"start":{"line":47,"column":4},"end":{"line":47,"column":52}},"20":{"start":{"line":54,"column":4},"end":{"line":93,"column":7}},"21":{"start":{"line":55,"column":6},"end":{"line":92,"column":7}},"22":{"start":{"line":57,"column":28},"end":{"line":59,"column":10}},"23":{"start":{"line":61,"column":8},"end":{"line":64,"column":9}},"24":{"start":{"line":62,"column":10},"end":{"line":62,"column":69}},"25":{"start":{"line":63,"column":10},"end":{"line":63,"column":17}},"26":{"start":{"line":66,"column":24},"end":{"line":66,"column":61}},"27":{"start":{"line":67,"column":31},"end":{"line":69,"column":9}},"28":{"start":{"line":68,"column":20},"end":{"line":68,"column":45}},"29":{"start":{"line":71,"column":8},"end":{"line":76,"column":9}},"30":{"start":{"line":72,"column":10},"end":{"line":74,"column":13}},"31":{"start":{"line":75,"column":10},"end":{"line":75,"column":17}},"32":{"start":{"line":79,"column":8},"end":{"line":79,"column":35}},"33":{"start":{"line":80,"column":8},"end":{"line":82,"column":10}},"34":{"start":{"line":85,"column":8},"end":{"line":88,"column":11}},"35":{"start":{"line":90,"column":8},"end":{"line":90,"column":68}},"36":{"start":{"line":91,"column":8},"end":{"line":91,"column":72}},"37":{"start":{"line":99,"column":4},"end":{"line":108,"column":7}},"38":{"start":{"line":100,"column":6},"end":{"line":100,"column":34}},"39":{"start":{"line":101,"column":6},"end":{"line":101,"column":77}},"40":{"start":{"line":104,"column":6},"end":{"line":107,"column":9}},"41":{"start":{"line":117,"column":4},"end":{"line":198,"column":7}},"42":{"start":{"line":118,"column":38},"end":{"line":118,"column":42}},"43":{"start":{"line":120,"column":6},"end":{"line":197,"column":7}},"44":{"start":{"line":122,"column":28},"end":{"line":124,"column":10}},"45":{"start":{"line":126,"column":8},"end":{"line":129,"column":9}},"46":{"start":{"line":127,"column":10},"end":{"line":127,"column":69}},"47":{"start":{"line":128,"column":10},"end":{"line":128,"column":17}},"48":{"start":{"line":131,"column":24},"end":{"line":131,"column":61}},"49":{"start":{"line":132,"column":31},"end":{"line":134,"column":9}},"50":{"start":{"line":133,"column":20},"end":{"line":133,"column":45}},"51":{"start":{"line":136,"column":8},"end":{"line":139,"column":9}},"52":{"start":{"line":137,"column":10},"end":{"line":137,"column":77}},"53":{"start":{"line":138,"column":10},"end":{"line":138,"column":17}},"54":{"start":{"line":142,"column":70},"end":{"line":142,"column":74}},"55":{"start":{"line":144,"column":8},"end":{"line":151,"column":9}},"56":{"start":{"line":149,"column":10},"end":{"line":149,"column":65}},"57":{"start":{"line":150,"column":10},"end":{"line":150,"column":17}},"58":{"start":{"line":154,"column":31},"end":{"line":154,"column":38}},"59":{"start":{"line":155,"column":8},"end":{"line":163,"column":9}},"60":{"start":{"line":156,"column":10},"end":{"line":162,"column":12}},"61":{"start":{"line":166,"column":40},"end":{"line":173,"column":10}},"62":{"start":{"line":175,"column":8},"end":{"line":180,"column":9}},"63":{"start":{"line":176,"column":10},"end":{"line":176,"column":50}},"64":{"start":{"line":177,"column":10},"end":{"line":177,"column":65}},"65":{"start":{"line":178,"column":10},"end":{"line":178,"column":71}},"66":{"start":{"line":179,"column":10},"end":{"line":179,"column":36}},"67":{"start":{"line":183,"column":8},"end":{"line":193,"column":11}},"68":{"start":{"line":195,"column":8},"end":{"line":195,"column":68}},"69":{"start":{"line":196,"column":8},"end":{"line":196,"column":67}},"70":{"start":{"line":203,"column":4},"end":{"line":206,"column":7}},"71":{"start":{"line":204,"column":6},"end":{"line":204,"column":57}},"72":{"start":{"line":209,"column":2},"end":{"line":209,"column":12}},"73":{"start":{"line":217,"column":14},"end":{"line":222,"column":1}},"74":{"start":{"line":218,"column":2},"end":{"line":220,"column":3}},"75":{"start":{"line":219,"column":4},"end":{"line":219,"column":50}},"76":{"start":{"line":221,"column":2},"end":{"line":221,"column":12}},"77":{"start":{"line":224,"column":0},"end":{"line":224,"column":45}}},"fnMap":{"0":{"name":"(anonymous_0)","decl":{"start":{"line":16,"column":25},"end":{"line":16,"column":26}},"loc":{"start":{"line":16,"column":37},"end":{"line":210,"column":1}},"line":16},"1":{"name":"(anonymous_1)","decl":{"start":{"line":28,"column":9},"end":{"line":28,"column":10}},"loc":{"start":{"line":28,"column":27},"end":{"line":43,"column":3}},"line":28},"2":{"name":"(anonymous_2)","decl":{"start":{"line":35,"column":46},"end":{"line":35,"column":47}},"loc":{"start":{"line":35,"column":64},"end":{"line":42,"column":5}},"line":35},"3":{"name":"(anonymous_3)","decl":{"start":{"line":46,"column":22},"end":{"line":46,"column":23}},"loc":{"start":{"line":46,"column":34},"end":{"line":207,"column":3}},"line":46},"4":{"name":"(anonymous_4)","decl":{"start":{"line":54,"column":33},"end":{"line":54,"column":34}},"loc":{"start":{"line":54,"column":58},"end":{"line":93,"column":5}},"line":54},"5":{"name":"(anonymous_5)","decl":{"start":{"line":68,"column":10},"end":{"line":68,"column":11}},"loc":{"start":{"line":68,"column":20},"end":{"line":68,"column":45}},"line":68},"6":{"name":"(anonymous_6)","decl":{"start":{"line":99,"column":34},"end":{"line":99,"column":35}},"loc":{"start":{"line":99,"column":53},"end":{"line":108,"column":5}},"line":99},"7":{"name":"(anonymous_7)","decl":{"start":{"line":117,"column":28},"end":{"line":117,"column":29}},"loc":{"start":{"line":117,"column":44},"end":{"line":198,"column":5}},"line":117},"8":{"name":"(anonymous_8)","decl":{"start":{"line":133,"column":10},"end":{"line":133,"column":11}},"loc":{"start":{"line":133,"column":20},"end":{"line":133,"column":45}},"line":133},"9":{"name":"(anonymous_9)","decl":{"start":{"line":203,"column":28},"end":{"line":203,"column":29}},"loc":{"start":{"line":203,"column":34},"end":{"line":206,"column":5}},"line":203},"10":{"name":"(anonymous_10)","decl":{"start":{"line":217,"column":14},"end":{"line":217,"column":15}},"loc":{"start":{"line":217,"column":20},"end":{"line":222,"column":1}},"line":217}},"branchMap":{"0":{"loc":{"start":{"line":30,"column":4},"end":{"line":33,"column":5}},"type":"if","locations":[{"start":{"line":30,"column":4},"end":{"line":33,"column":5}},{"start":{},"end":{}}],"line":30},"1":{"loc":{"start":{"line":36,"column":6},"end":{"line":39,"column":7}},"type":"if","locations":[{"start":{"line":36,"column":6},"end":{"line":39,"column":7}},{"start":{},"end":{}}],"line":36},"2":{"loc":{"start":{"line":61,"column":8},"end":{"line":64,"column":9}},"type":"if","locations":[{"start":{"line":61,"column":8},"end":{"line":64,"column":9}},{"start":{},"end":{}}],"line":61},"3":{"loc":{"start":{"line":71,"column":8},"end":{"line":76,"column":9}},"type":"if","locations":[{"start":{"line":71,"column":8},"end":{"line":76,"column":9}},{"start":{},"end":{}}],"line":71},"4":{"loc":{"start":{"line":71,"column":12},"end":{"line":71,"column":39}},"type":"binary-expr","locations":[{"start":{"line":71,"column":12},"end":{"line":71,"column":20}},{"start":{"line":71,"column":24},"end":{"line":71,"column":39}}],"line":71},"5":{"loc":{"start":{"line":126,"column":8},"end":{"line":129,"column":9}},"type":"if","locations":[{"start":{"line":126,"column":8},"end":{"line":129,"column":9}},{"start":{},"end":{}}],"line":126},"6":{"loc":{"start":{"line":136,"column":8},"end":{"line":139,"column":9}},"type":"if","locations":[{"start":{"line":136,"column":8},"end":{"line":139,"column":9}},{"start":{},"end":{}}],"line":136},"7":{"loc":{"start":{"line":136,"column":12},"end":{"line":136,"column":39}},"type":"binary-expr","locations":[{"start":{"line":136,"column":12},"end":{"line":136,"column":20}},{"start":{"line":136,"column":24},"end":{"line":136,"column":39}}],"line":136},"8":{"loc":{"start":{"line":144,"column":8},"end":{"line":151,"column":9}},"type":"if","locations":[{"start":{"line":144,"column":8},"end":{"line":151,"column":9}},{"start":{},"end":{}}],"line":144},"9":{"loc":{"start":{"line":145,"column":10},"end":{"line":147,"column":36}},"type":"binary-expr","locations":[{"start":{"line":145,"column":10},"end":{"line":145,"column":37}},{"start":{"line":146,"column":10},"end":{"line":146,"column":33}},{"start":{"line":147,"column":10},"end":{"line":147,"column":36}}],"line":145},"10":{"loc":{"start":{"line":155,"column":8},"end":{"line":163,"column":9}},"type":"if","locations":[{"start":{"line":155,"column":8},"end":{"line":163,"column":9}},{"start":{},"end":{}}],"line":155},"11":{"loc":{"start":{"line":155,"column":12},"end":{"line":155,"column":46}},"type":"binary-expr","locations":[{"start":{"line":155,"column":12},"end":{"line":155,"column":19}},{"start":{"line":155,"column":23},"end":{"line":155,"column":46}}],"line":155},"12":{"loc":{"start":{"line":170,"column":21},"end":{"line":170,"column":36}},"type":"binary-expr","locations":[{"start":{"line":170,"column":21},"end":{"line":170,"column":28}},{"start":{"line":170,"column":32},"end":{"line":170,"column":36}}],"line":170},"13":{"loc":{"start":{"line":171,"column":23},"end":{"line":171,"column":40}},"type":"binary-expr","locations":[{"start":{"line":171,"column":23},"end":{"line":171,"column":32}},{"start":{"line":171,"column":36},"end":{"line":171,"column":40}}],"line":171},"14":{"loc":{"start":{"line":175,"column":8},"end":{"line":180,"column":9}},"type":"if","locations":[{"start":{"line":175,"column":8},"end":{"line":180,"column":9}},{"start":{},"end":{}}],"line":175},"15":{"loc":{"start":{"line":177,"column":33},"end":{"line":177,"column":64}},"type":"binary-expr","locations":[{"start":{"line":177,"column":33},"end":{"line":177,"column":40}},{"start":{"line":177,"column":44},"end":{"line":177,"column":64}}],"line":177},"16":{"loc":{"start":{"line":178,"column":35},"end":{"line":178,"column":70}},"type":"binary-expr","locations":[{"start":{"line":178,"column":35},"end":{"line":178,"column":44}},{"start":{"line":178,"column":48},"end":{"line":178,"column":70}}],"line":178},"17":{"loc":{"start":{"line":190,"column":21},"end":{"line":190,"column":36}},"type":"binary-expr","locations":[{"start":{"line":190,"column":21},"end":{"line":190,"column":28}},{"start":{"line":190,"column":32},"end":{"line":190,"column":36}}],"line":190},"18":{"loc":{"start":{"line":191,"column":23},"end":{"line":191,"column":40}},"type":"binary-expr","locations":[{"start":{"line":191,"column":23},"end":{"line":191,"column":32}},{"start":{"line":191,"column":36},"end":{"line":191,"column":40}}],"line":191},"19":{"loc":{"start":{"line":218,"column":2},"end":{"line":220,"column":3}},"type":"if","locations":[{"start":{"line":218,"column":2},"end":{"line":220,"column":3}},{"start":{},"end":{}}],"line":218}},"s":{"0":1,"1":1,"2":1,"3":1,"4":1,"5":1,"6":0,"7":0,"8":0,"9":0,"10":0,"11":0,"12":0,"13":0,"14":0,"15":0,"16":0,"17":0,"18":0,"19":0,"20":0,"21":0,"22":0,"23":0,"24":0,"25":0,"26":0,"27":0,"28":0,"29":0,"30":0,"31":0,"32":0,"33":0,"34":0,"35":0,"36":0,"37":0,"38":0,"39":0,"40":0,"41":0,"42":0,"43":0,"44":0,"45":0,"46":0,"47":0,"48":0,"49":0,"50":0,"51":0,"52":0,"53":0,"54":0,"55":0,"56":0,"57":0,"58":0,"59":0,"60":0,"61":0,"62":0,"63":0,"64":0,"65":0,"66":0,"67":0,"68":0,"69":0,"70":0,"71":0,"72":0,"73":1,"74":0,"75":0,"76":0,"77":1},"f":{"0":0,"1":0,"2":0,"3":0,"4":0,"5":0,"6":0,"7":0,"8":0,"9":0,"10":0},"b":{"0":[0,0],"1":[0,0],"2":[0,0],"3":[0,0],"4":[0,0],"5":[0,0],"6":[0,0],"7":[0,0],"8":[0,0],"9":[0,0,0],"10":[0,0],"11":[0,0],"12":[0,0],"13":[0,0],"14":[0,0],"15":[0,0],"16":[0,0],"17":[0,0],"18":[0,0],"19":[0,0]},"_coverageSchema":"1a1c01bbd47fc00a2c39e90264f33305004495a9","hash":"44fac017e004eb688e16a695902616c48567fa01"}
,"/Users/myktybeksattarov/Desktop/uniAff/spreadsheet-backend/config/config.js": {"path":"/Users/myktybeksattarov/Desktop/uniAff/spreadsheet-backend/config/config.js","statementMap":{"0":{"start":{"line":3,"column":0},"end":{"line":3,"column":27}},"1":{"start":{"line":4,"column":12},"end":{"line":4,"column":49}},"2":{"start":{"line":5,"column":15},"end":{"line":28,"column":1}},"3":{"start":{"line":36,"column":0},"end":{"line":36,"column":24}}},"fnMap":{},"branchMap":{"0":{"loc":{"start":{"line":4,"column":12},"end":{"line":4,"column":49}},"type":"binary-expr","locations":[{"start":{"line":4,"column":12},"end":{"line":4,"column":32}},{"start":{"line":4,"column":36},"end":{"line":4,"column":49}}],"line":4},"1":{"loc":{"start":{"line":15,"column":6},"end":{"line":16,"column":67}},"type":"binary-expr","locations":[{"start":{"line":15,"column":6},"end":{"line":15,"column":35}},{"start":{"line":16,"column":6},"end":{"line":16,"column":67}}],"line":15}},"s":{"0":1,"1":1,"2":1,"3":1},"f":{},"b":{"0":[1,0],"1":[1,0]},"_coverageSchema":"1a1c01bbd47fc00a2c39e90264f33305004495a9","hash":"28ec9ec77babb721ad2cb43f041bbb56f380a5a8"}
,"/Users/myktybeksattarov/Desktop/uniAff/spreadsheet-backend/controllers/authController.js": {"path":"/Users/myktybeksattarov/Desktop/uniAff/spreadsheet-backend/controllers/authController.js","statementMap":{"0":{"start":{"line":3,"column":29},"end":{"line":3,"column":57}},"1":{"start":{"line":4,"column":20},"end":{"line":4,"column":54}},"2":{"start":{"line":5,"column":15},"end":{"line":5,"column":41}},"3":{"start":{"line":6,"column":12},"end":{"line":6,"column":35}},"4":{"start":{"line":7,"column":17},"end":{"line":7,"column":37}},"5":{"start":{"line":10,"column":0},"end":{"line":27,"column":2}},"6":{"start":{"line":11,"column":17},"end":{"line":11,"column":38}},"7":{"start":{"line":12,"column":2},"end":{"line":15,"column":3}},"8":{"start":{"line":13,"column":4},"end":{"line":13,"column":73}},"9":{"start":{"line":14,"column":4},"end":{"line":14,"column":60}},"10":{"start":{"line":17,"column":40},"end":{"line":17,"column":48}},"11":{"start":{"line":18,"column":2},"end":{"line":26,"column":3}},"12":{"start":{"line":19,"column":17},"end":{"line":19,"column":70}},"13":{"start":{"line":20,"column":4},"end":{"line":22,"column":74}},"14":{"start":{"line":24,"column":4},"end":{"line":24,"column":57}},"15":{"start":{"line":25,"column":4},"end":{"line":25,"column":51}},"16":{"start":{"line":29,"column":0},"end":{"line":49,"column":2}},"17":{"start":{"line":30,"column":17},"end":{"line":30,"column":38}},"18":{"start":{"line":31,"column":2},"end":{"line":34,"column":3}},"19":{"start":{"line":32,"column":4},"end":{"line":32,"column":66}},"20":{"start":{"line":33,"column":4},"end":{"line":33,"column":60}},"21":{"start":{"line":36,"column":33},"end":{"line":36,"column":41}},"22":{"start":{"line":37,"column":2},"end":{"line":48,"column":3}},"23":{"start":{"line":38,"column":42},"end":{"line":41,"column":5}},"24":{"start":{"line":42,"column":4},"end":{"line":42,"column":44}},"25":{"start":{"line":46,"column":4},"end":{"line":46,"column":50}},"26":{"start":{"line":47,"column":4},"end":{"line":47,"column":51}},"27":{"start":{"line":51,"column":0},"end":{"line":96,"column":2}},"28":{"start":{"line":52,"column":27},"end":{"line":52,"column":35}},"29":{"start":{"line":53,"column":2},"end":{"line":55,"column":3}},"30":{"start":{"line":54,"column":4},"end":{"line":54,"column":69}},"31":{"start":{"line":57,"column":2},"end":{"line":95,"column":3}},"32":{"start":{"line":59,"column":20},"end":{"line":59,"column":78}},"33":{"start":{"line":62,"column":17},"end":{"line":62,"column":52}},"34":{"start":{"line":63,"column":4},"end":{"line":66,"column":5}},"35":{"start":{"line":64,"column":6},"end":{"line":64,"column":54}},"36":{"start":{"line":65,"column":6},"end":{"line":65,"column":70}},"37":{"start":{"line":70,"column":4},"end":{"line":73,"column":5}},"38":{"start":{"line":71,"column":6},"end":{"line":71,"column":44}},"39":{"start":{"line":72,"column":6},"end":{"line":72,"column":70}},"40":{"start":{"line":76,"column":24},"end":{"line":78,"column":6}},"41":{"start":{"line":79,"column":28},"end":{"line":83,"column":5}},"42":{"start":{"line":86,"column":4},"end":{"line":86,"column":40}},"43":{"start":{"line":87,"column":4},"end":{"line":87,"column":22}},"44":{"start":{"line":89,"column":4},"end":{"line":89,"column":61}},"45":{"start":{"line":92,"column":4},"end":{"line":94,"column":63}}},"fnMap":{"0":{"name":"(anonymous_0)","decl":{"start":{"line":10,"column":19},"end":{"line":10,"column":20}},"loc":{"start":{"line":10,"column":39},"end":{"line":27,"column":1}},"line":10},"1":{"name":"(anonymous_1)","decl":{"start":{"line":29,"column":16},"end":{"line":29,"column":17}},"loc":{"start":{"line":29,"column":36},"end":{"line":49,"column":1}},"line":29},"2":{"name":"(anonymous_2)","decl":{"start":{"line":51,"column":23},"end":{"line":51,"column":24}},"loc":{"start":{"line":51,"column":43},"end":{"line":96,"column":1}},"line":51}},"branchMap":{"0":{"loc":{"start":{"line":12,"column":2},"end":{"line":15,"column":3}},"type":"if","locations":[{"start":{"line":12,"column":2},"end":{"line":15,"column":3}},{"start":{},"end":{}}],"line":12},"1":{"loc":{"start":{"line":31,"column":2},"end":{"line":34,"column":3}},"type":"if","locations":[{"start":{"line":31,"column":2},"end":{"line":34,"column":3}},{"start":{},"end":{}}],"line":31},"2":{"loc":{"start":{"line":53,"column":2},"end":{"line":55,"column":3}},"type":"if","locations":[{"start":{"line":53,"column":2},"end":{"line":55,"column":3}},{"start":{},"end":{}}],"line":53},"3":{"loc":{"start":{"line":63,"column":4},"end":{"line":66,"column":5}},"type":"if","locations":[{"start":{"line":63,"column":4},"end":{"line":66,"column":5}},{"start":{},"end":{}}],"line":63},"4":{"loc":{"start":{"line":70,"column":4},"end":{"line":73,"column":5}},"type":"if","locations":[{"start":{"line":70,"column":4},"end":{"line":73,"column":5}},{"start":{},"end":{}}],"line":70}},"s":{"0":1,"1":1,"2":1,"3":1,"4":1,"5":1,"6":2,"7":2,"8":0,"9":0,"10":2,"11":2,"12":2,"13":1,"14":1,"15":1,"16":1,"17":2,"18":2,"19":0,"20":0,"21":2,"22":2,"23":2,"24":1,"25":1,"26":1,"27":1,"28":2,"29":2,"30":0,"31":2,"32":2,"33":1,"34":1,"35":0,"36":0,"37":1,"38":0,"39":0,"40":1,"41":1,"42":1,"43":1,"44":1,"45":1},"f":{"0":2,"1":2,"2":2},"b":{"0":[0,2],"1":[0,2],"2":[0,2],"3":[0,1],"4":[0,1]},"_coverageSchema":"1a1c01bbd47fc00a2c39e90264f33305004495a9","hash":"3cb25f65133b100417ad2de1e3ca22232899dc0d"}
,"/Users/myktybeksattarov/Desktop/uniAff/spreadsheet-backend/controllers/spreadsheetController.js": {"path":"/Users/myktybeksattarov/Desktop/uniAff/spreadsheet-backend/controllers/spreadsheetController.js","statementMap":{"0":{"start":{"line":1,"column":54},"end":{"line":1,"column":74}},"1":{"start":{"line":2,"column":29},"end":{"line":2,"column":57}},"2":{"start":{"line":3,"column":18},"end":{"line":3,"column":38}},"3":{"start":{"line":8,"column":0},"end":{"line":35,"column":2}},"4":{"start":{"line":9,"column":2},"end":{"line":34,"column":3}},"5":{"start":{"line":10,"column":19},"end":{"line":10,"column":40}},"6":{"start":{"line":11,"column":4},"end":{"line":13,"column":5}},"7":{"start":{"line":12,"column":6},"end":{"line":12,"column":62}},"8":{"start":{"line":15,"column":21},"end":{"line":15,"column":29}},"9":{"start":{"line":16,"column":20},"end":{"line":16,"column":31}},"10":{"start":{"line":19,"column":24},"end":{"line":19,"column":67}},"11":{"start":{"line":22,"column":18},"end":{"line":25,"column":6}},"12":{"start":{"line":28,"column":15},"end":{"line":28,"column":22}},"13":{"start":{"line":29,"column":4},"end":{"line":29,"column":51}},"14":{"start":{"line":31,"column":4},"end":{"line":31,"column":42}},"15":{"start":{"line":33,"column":4},"end":{"line":33,"column":16}},"16":{"start":{"line":40,"column":0},"end":{"line":66,"column":2}},"17":{"start":{"line":41,"column":2},"end":{"line":65,"column":3}},"18":{"start":{"line":42,"column":26},"end":{"line":42,"column":39}},"19":{"start":{"line":43,"column":19},"end":{"line":43,"column":30}},"20":{"start":{"line":45,"column":24},"end":{"line":45,"column":65}},"21":{"start":{"line":47,"column":4},"end":{"line":49,"column":5}},"22":{"start":{"line":48,"column":6},"end":{"line":48,"column":72}},"23":{"start":{"line":51,"column":4},"end":{"line":55,"column":5}},"24":{"start":{"line":52,"column":6},"end":{"line":54,"column":68}},"25":{"start":{"line":57,"column":4},"end":{"line":57,"column":32}},"26":{"start":{"line":59,"column":15},"end":{"line":59,"column":22}},"27":{"start":{"line":60,"column":4},"end":{"line":60,"column":53}},"28":{"start":{"line":62,"column":4},"end":{"line":62,"column":74}},"29":{"start":{"line":64,"column":4},"end":{"line":64,"column":16}},"30":{"start":{"line":71,"column":0},"end":{"line":121,"column":2}},"31":{"start":{"line":72,"column":2},"end":{"line":120,"column":3}},"32":{"start":{"line":73,"column":26},"end":{"line":73,"column":39}},"33":{"start":{"line":74,"column":34},"end":{"line":74,"column":42}},"34":{"start":{"line":75,"column":19},"end":{"line":75,"column":30}},"35":{"start":{"line":77,"column":24},"end":{"line":79,"column":6}},"36":{"start":{"line":81,"column":4},"end":{"line":83,"column":5}},"37":{"start":{"line":82,"column":6},"end":{"line":82,"column":72}},"38":{"start":{"line":85,"column":4},"end":{"line":89,"column":5}},"39":{"start":{"line":86,"column":6},"end":{"line":88,"column":63}},"40":{"start":{"line":91,"column":25},"end":{"line":93,"column":6}},"41":{"start":{"line":95,"column":4},"end":{"line":97,"column":5}},"42":{"start":{"line":96,"column":6},"end":{"line":96,"column":73}},"43":{"start":{"line":99,"column":21},"end":{"line":101,"column":6}},"44":{"start":{"line":103,"column":4},"end":{"line":107,"column":5}},"45":{"start":{"line":104,"column":6},"end":{"line":106,"column":61}},"46":{"start":{"line":109,"column":4},"end":{"line":109,"column":77}},"47":{"start":{"line":111,"column":15},"end":{"line":111,"column":22}},"48":{"start":{"line":112,"column":4},"end":{"line":115,"column":7}},"49":{"start":{"line":117,"column":4},"end":{"line":117,"column":73}},"50":{"start":{"line":119,"column":4},"end":{"line":119,"column":16}},"51":{"start":{"line":126,"column":0},"end":{"line":172,"column":2}},"52":{"start":{"line":127,"column":2},"end":{"line":171,"column":3}},"53":{"start":{"line":128,"column":26},"end":{"line":128,"column":39}},"54":{"start":{"line":129,"column":31},"end":{"line":129,"column":39}},"55":{"start":{"line":130,"column":19},"end":{"line":130,"column":30}},"56":{"start":{"line":132,"column":24},"end":{"line":134,"column":6}},"57":{"start":{"line":136,"column":4},"end":{"line":138,"column":5}},"58":{"start":{"line":137,"column":6},"end":{"line":137,"column":72}},"59":{"start":{"line":140,"column":4},"end":{"line":144,"column":5}},"60":{"start":{"line":141,"column":6},"end":{"line":143,"column":66}},"61":{"start":{"line":146,"column":4},"end":{"line":150,"column":5}},"62":{"start":{"line":147,"column":6},"end":{"line":149,"column":72}},"63":{"start":{"line":152,"column":25},"end":{"line":154,"column":6}},"64":{"start":{"line":156,"column":4},"end":{"line":158,"column":5}},"65":{"start":{"line":157,"column":6},"end":{"line":157,"column":73}},"66":{"start":{"line":160,"column":4},"end":{"line":160,"column":33}},"67":{"start":{"line":162,"column":15},"end":{"line":162,"column":22}},"68":{"start":{"line":163,"column":4},"end":{"line":166,"column":7}},"69":{"start":{"line":168,"column":4},"end":{"line":168,"column":75}},"70":{"start":{"line":170,"column":4},"end":{"line":170,"column":16}},"71":{"start":{"line":177,"column":0},"end":{"line":205,"column":2}},"72":{"start":{"line":178,"column":2},"end":{"line":204,"column":3}},"73":{"start":{"line":179,"column":19},"end":{"line":179,"column":30}},"74":{"start":{"line":181,"column":30},"end":{"line":184,"column":6}},"75":{"start":{"line":186,"column":27},"end":{"line":195,"column":6}},"76":{"start":{"line":197,"column":37},"end":{"line":199,"column":5}},"77":{"start":{"line":198,"column":18},"end":{"line":198,"column":36}},"78":{"start":{"line":201,"column":4},"end":{"line":201,"column":74}},"79":{"start":{"line":203,"column":4},"end":{"line":203,"column":16}},"80":{"start":{"line":210,"column":0},"end":{"line":239,"column":2}},"81":{"start":{"line":211,"column":2},"end":{"line":238,"column":3}},"82":{"start":{"line":212,"column":26},"end":{"line":212,"column":39}},"83":{"start":{"line":213,"column":19},"end":{"line":213,"column":30}},"84":{"start":{"line":215,"column":24},"end":{"line":220,"column":6}},"85":{"start":{"line":222,"column":4},"end":{"line":224,"column":5}},"86":{"start":{"line":223,"column":6},"end":{"line":223,"column":72}},"87":{"start":{"line":226,"column":20},"end":{"line":226,"column":50}},"88":{"start":{"line":227,"column":27},"end":{"line":229,"column":5}},"89":{"start":{"line":228,"column":16},"end":{"line":228,"column":34}},"90":{"start":{"line":231,"column":4},"end":{"line":233,"column":5}},"91":{"start":{"line":232,"column":6},"end":{"line":232,"column":64}},"92":{"start":{"line":235,"column":4},"end":{"line":235,"column":42}},"93":{"start":{"line":237,"column":4},"end":{"line":237,"column":16}},"94":{"start":{"line":244,"column":0},"end":{"line":279,"column":2}},"95":{"start":{"line":245,"column":2},"end":{"line":278,"column":3}},"96":{"start":{"line":246,"column":19},"end":{"line":246,"column":40}},"97":{"start":{"line":247,"column":4},"end":{"line":249,"column":5}},"98":{"start":{"line":248,"column":6},"end":{"line":248,"column":62}},"99":{"start":{"line":251,"column":26},"end":{"line":251,"column":39}},"100":{"start":{"line":252,"column":21},"end":{"line":252,"column":29}},"101":{"start":{"line":253,"column":19},"end":{"line":253,"column":30}},"102":{"start":{"line":255,"column":24},"end":{"line":255,"column":65}},"103":{"start":{"line":257,"column":4},"end":{"line":259,"column":5}},"104":{"start":{"line":258,"column":6},"end":{"line":258,"column":72}},"105":{"start":{"line":261,"column":4},"end":{"line":265,"column":5}},"106":{"start":{"line":262,"column":6},"end":{"line":264,"column":68}},"107":{"start":{"line":267,"column":4},"end":{"line":273,"column":5}},"108":{"start":{"line":268,"column":6},"end":{"line":268,"column":30}},"109":{"start":{"line":269,"column":6},"end":{"line":269,"column":31}},"110":{"start":{"line":271,"column":17},"end":{"line":271,"column":24}},"111":{"start":{"line":272,"column":6},"end":{"line":272,"column":71}},"112":{"start":{"line":275,"column":4},"end":{"line":275,"column":42}},"113":{"start":{"line":277,"column":4},"end":{"line":277,"column":16}}},"fnMap":{"0":{"name":"(anonymous_0)","decl":{"start":{"line":8,"column":28},"end":{"line":8,"column":29}},"loc":{"start":{"line":8,"column":54},"end":{"line":35,"column":1}},"line":8},"1":{"name":"(anonymous_1)","decl":{"start":{"line":40,"column":28},"end":{"line":40,"column":29}},"loc":{"start":{"line":40,"column":54},"end":{"line":66,"column":1}},"line":40},"2":{"name":"(anonymous_2)","decl":{"start":{"line":71,"column":26},"end":{"line":71,"column":27}},"loc":{"start":{"line":71,"column":52},"end":{"line":121,"column":1}},"line":71},"3":{"name":"(anonymous_3)","decl":{"start":{"line":126,"column":29},"end":{"line":126,"column":30}},"loc":{"start":{"line":126,"column":55},"end":{"line":172,"column":1}},"line":126},"4":{"name":"(anonymous_4)","decl":{"start":{"line":177,"column":26},"end":{"line":177,"column":27}},"loc":{"start":{"line":177,"column":52},"end":{"line":205,"column":1}},"line":177},"5":{"name":"(anonymous_5)","decl":{"start":{"line":198,"column":6},"end":{"line":198,"column":7}},"loc":{"start":{"line":198,"column":18},"end":{"line":198,"column":36}},"line":198},"6":{"name":"(anonymous_6)","decl":{"start":{"line":210,"column":29},"end":{"line":210,"column":30}},"loc":{"start":{"line":210,"column":55},"end":{"line":239,"column":1}},"line":210},"7":{"name":"(anonymous_7)","decl":{"start":{"line":228,"column":6},"end":{"line":228,"column":7}},"loc":{"start":{"line":228,"column":16},"end":{"line":228,"column":34}},"line":228},"8":{"name":"(anonymous_8)","decl":{"start":{"line":244,"column":28},"end":{"line":244,"column":29}},"loc":{"start":{"line":244,"column":54},"end":{"line":279,"column":1}},"line":244}},"branchMap":{"0":{"loc":{"start":{"line":11,"column":4},"end":{"line":13,"column":5}},"type":"if","locations":[{"start":{"line":11,"column":4},"end":{"line":13,"column":5}},{"start":{},"end":{}}],"line":11},"1":{"loc":{"start":{"line":47,"column":4},"end":{"line":49,"column":5}},"type":"if","locations":[{"start":{"line":47,"column":4},"end":{"line":49,"column":5}},{"start":{},"end":{}}],"line":47},"2":{"loc":{"start":{"line":51,"column":4},"end":{"line":55,"column":5}},"type":"if","locations":[{"start":{"line":51,"column":4},"end":{"line":55,"column":5}},{"start":{},"end":{}}],"line":51},"3":{"loc":{"start":{"line":81,"column":4},"end":{"line":83,"column":5}},"type":"if","locations":[{"start":{"line":81,"column":4},"end":{"line":83,"column":5}},{"start":{},"end":{}}],"line":81},"4":{"loc":{"start":{"line":85,"column":4},"end":{"line":89,"column":5}},"type":"if","locations":[{"start":{"line":85,"column":4},"end":{"line":89,"column":5}},{"start":{},"end":{}}],"line":85},"5":{"loc":{"start":{"line":95,"column":4},"end":{"line":97,"column":5}},"type":"if","locations":[{"start":{"line":95,"column":4},"end":{"line":97,"column":5}},{"start":{},"end":{}}],"line":95},"6":{"loc":{"start":{"line":103,"column":4},"end":{"line":107,"column":5}},"type":"if","locations":[{"start":{"line":103,"column":4},"end":{"line":107,"column":5}},{"start":{},"end":{}}],"line":103},"7":{"loc":{"start":{"line":136,"column":4},"end":{"line":138,"column":5}},"type":"if","locations":[{"start":{"line":136,"column":4},"end":{"line":138,"column":5}},{"start":{},"end":{}}],"line":136},"8":{"loc":{"start":{"line":140,"column":4},"end":{"line":144,"column":5}},"type":"if","locations":[{"start":{"line":140,"column":4},"end":{"line":144,"column":5}},{"start":{},"end":{}}],"line":140},"9":{"loc":{"start":{"line":146,"column":4},"end":{"line":150,"column":5}},"type":"if","locations":[{"start":{"line":146,"column":4},"end":{"line":150,"column":5}},{"start":{},"end":{}}],"line":146},"10":{"loc":{"start":{"line":156,"column":4},"end":{"line":158,"column":5}},"type":"if","locations":[{"start":{"line":156,"column":4},"end":{"line":158,"column":5}},{"start":{},"end":{}}],"line":156},"11":{"loc":{"start":{"line":222,"column":4},"end":{"line":224,"column":5}},"type":"if","locations":[{"start":{"line":222,"column":4},"end":{"line":224,"column":5}},{"start":{},"end":{}}],"line":222},"12":{"loc":{"start":{"line":231,"column":4},"end":{"line":233,"column":5}},"type":"if","locations":[{"start":{"line":231,"column":4},"end":{"line":233,"column":5}},{"start":{},"end":{}}],"line":231},"13":{"loc":{"start":{"line":231,"column":8},"end":{"line":231,"column":35}},"type":"binary-expr","locations":[{"start":{"line":231,"column":8},"end":{"line":231,"column":16}},{"start":{"line":231,"column":20},"end":{"line":231,"column":35}}],"line":231},"14":{"loc":{"start":{"line":247,"column":4},"end":{"line":249,"column":5}},"type":"if","locations":[{"start":{"line":247,"column":4},"end":{"line":249,"column":5}},{"start":{},"end":{}}],"line":247},"15":{"loc":{"start":{"line":257,"column":4},"end":{"line":259,"column":5}},"type":"if","locations":[{"start":{"line":257,"column":4},"end":{"line":259,"column":5}},{"start":{},"end":{}}],"line":257},"16":{"loc":{"start":{"line":261,"column":4},"end":{"line":265,"column":5}},"type":"if","locations":[{"start":{"line":261,"column":4},"end":{"line":265,"column":5}},{"start":{},"end":{}}],"line":261},"17":{"loc":{"start":{"line":267,"column":4},"end":{"line":273,"column":5}},"type":"if","locations":[{"start":{"line":267,"column":4},"end":{"line":273,"column":5}},{"start":{},"end":{}}],"line":267}},"s":{"0":3,"1":3,"2":3,"3":3,"4":6,"5":6,"6":6,"7":2,"8":4,"9":4,"10":4,"11":2,"12":2,"13":2,"14":2,"15":2,"16":3,"17":8,"18":8,"19":8,"20":8,"21":6,"22":2,"23":4,"24":2,"25":2,"26":2,"27":2,"28":2,"29":2,"30":3,"31":12,"32":12,"33":12,"34":12,"35":12,"36":10,"37":2,"38":8,"39":2,"40":6,"41":6,"42":2,"43":4,"44":4,"45":2,"46":2,"47":2,"48":2,"49":2,"50":2,"51":3,"52":12,"53":12,"54":12,"55":12,"56":12,"57":10,"58":2,"59":8,"60":2,"61":6,"62":2,"63":4,"64":4,"65":2,"66":2,"67":2,"68":2,"69":2,"70":2,"71":3,"72":4,"73":4,"74":4,"75":2,"76":2,"77":1,"78":2,"79":2,"80":3,"81":8,"82":8,"83":8,"84":8,"85":6,"86":2,"87":4,"88":4,"89":1,"90":4,"91":2,"92":2,"93":2,"94":3,"95":10,"96":10,"97":10,"98":2,"99":8,"100":8,"101":8,"102":8,"103":6,"104":2,"105":4,"106":2,"107":2,"108":2,"109":2,"110":2,"111":2,"112":2,"113":2},"f":{"0":6,"1":8,"2":12,"3":12,"4":4,"5":1,"6":8,"7":1,"8":10},"b":{"0":[2,4],"1":[2,4],"2":[2,2],"3":[2,8],"4":[2,6],"5":[2,4],"6":[2,2],"7":[2,8],"8":[2,6],"9":[2,4],"10":[2,2],"11":[2,4],"12":[2,2],"13":[4,2],"14":[2,8],"15":[2,4],"16":[2,2],"17":[2,0]},"_coverageSchema":"1a1c01bbd47fc00a2c39e90264f33305004495a9","hash":"c31d06adc5662eed9ac7bc2ca8a2d543786752fd"}
,"/Users/myktybeksattarov/Desktop/uniAff/spreadsheet-backend/docs/swagger.js": {"path":"/Users/myktybeksattarov/Desktop/uniAff/spreadsheet-backend/docs/swagger.js","statementMap":{"0":{"start":{"line":3,"column":21},"end":{"line":3,"column":45}},"1":{"start":{"line":4,"column":13},"end":{"line":4,"column":28}},"2":{"start":{"line":6,"column":16},"end":{"line":145,"column":1}},"3":{"start":{"line":147,"column":20},"end":{"line":147,"column":41}},"4":{"start":{"line":149,"column":0},"end":{"line":149,"column":29}}},"fnMap":{},"branchMap":{},"s":{"0":1,"1":1,"2":1,"3":1,"4":1},"f":{},"b":{},"_coverageSchema":"1a1c01bbd47fc00a2c39e90264f33305004495a9","hash":"b8880198afc696ef89f706c614d52959fb609dfc"}
,"/Users/myktybeksattarov/Desktop/uniAff/spreadsheet-backend/middleware/authenticate.js": {"path":"/Users/myktybeksattarov/Desktop/uniAff/spreadsheet-backend/middleware/authenticate.js","statementMap":{"0":{"start":{"line":3,"column":12},"end":{"line":3,"column":35}},"1":{"start":{"line":4,"column":17},"end":{"line":4,"column":37}},"2":{"start":{"line":5,"column":15},"end":{"line":5,"column":41}},"3":{"start":{"line":7,"column":0},"end":{"line":34,"column":2}},"4":{"start":{"line":8,"column":21},"end":{"line":8,"column":46}},"5":{"start":{"line":10,"column":2},"end":{"line":12,"column":3}},"6":{"start":{"line":11,"column":4},"end":{"line":11,"column":71}},"7":{"start":{"line":13,"column":16},"end":{"line":13,"column":54}},"8":{"start":{"line":15,"column":2},"end":{"line":17,"column":3}},"9":{"start":{"line":16,"column":4},"end":{"line":16,"column":64}},"10":{"start":{"line":19,"column":2},"end":{"line":33,"column":3}},"11":{"start":{"line":20,"column":20},"end":{"line":20,"column":61}},"12":{"start":{"line":21,"column":17},"end":{"line":21,"column":52}},"13":{"start":{"line":22,"column":4},"end":{"line":24,"column":5}},"14":{"start":{"line":23,"column":6},"end":{"line":23,"column":62}},"15":{"start":{"line":25,"column":4},"end":{"line":25,"column":20}},"16":{"start":{"line":26,"column":4},"end":{"line":26,"column":11}},"17":{"start":{"line":28,"column":4},"end":{"line":28,"column":49}},"18":{"start":{"line":29,"column":4},"end":{"line":31,"column":5}},"19":{"start":{"line":30,"column":6},"end":{"line":30,"column":62}},"20":{"start":{"line":32,"column":4},"end":{"line":32,"column":75}}},"fnMap":{"0":{"name":"(anonymous_0)","decl":{"start":{"line":7,"column":17},"end":{"line":7,"column":18}},"loc":{"start":{"line":7,"column":43},"end":{"line":34,"column":1}},"line":7}},"branchMap":{"0":{"loc":{"start":{"line":10,"column":2},"end":{"line":12,"column":3}},"type":"if","locations":[{"start":{"line":10,"column":2},"end":{"line":12,"column":3}},{"start":{},"end":{}}],"line":10},"1":{"loc":{"start":{"line":10,"column":6},"end":{"line":10,"column":54}},"type":"binary-expr","locations":[{"start":{"line":10,"column":6},"end":{"line":10,"column":17}},{"start":{"line":10,"column":21},"end":{"line":10,"column":54}}],"line":10},"2":{"loc":{"start":{"line":13,"column":16},"end":{"line":13,"column":54}},"type":"binary-expr","locations":[{"start":{"line":13,"column":16},"end":{"line":13,"column":26}},{"start":{"line":13,"column":30},"end":{"line":13,"column":54}}],"line":13},"3":{"loc":{"start":{"line":15,"column":2},"end":{"line":17,"column":3}},"type":"if","locations":[{"start":{"line":15,"column":2},"end":{"line":17,"column":3}},{"start":{},"end":{}}],"line":15},"4":{"loc":{"start":{"line":22,"column":4},"end":{"line":24,"column":5}},"type":"if","locations":[{"start":{"line":22,"column":4},"end":{"line":24,"column":5}},{"start":{},"end":{}}],"line":22},"5":{"loc":{"start":{"line":29,"column":4},"end":{"line":31,"column":5}},"type":"if","locations":[{"start":{"line":29,"column":4},"end":{"line":31,"column":5}},{"start":{},"end":{}}],"line":29}},"s":{"0":1,"1":1,"2":1,"3":1,"4":0,"5":0,"6":0,"7":0,"8":0,"9":0,"10":0,"11":0,"12":0,"13":0,"14":0,"15":0,"16":0,"17":0,"18":0,"19":0,"20":0},"f":{"0":0},"b":{"0":[0,0],"1":[0,0],"2":[0,0],"3":[0,0],"4":[0,0],"5":[0,0]},"_coverageSchema":"1a1c01bbd47fc00a2c39e90264f33305004495a9","hash":"fb4fbb9189a08bd4bce2cb78a412ef43cbae7478"}
,"/Users/myktybeksattarov/Desktop/uniAff/spreadsheet-backend/middleware/errorHandler.js": {"path":"/Users/myktybeksattarov/Desktop/uniAff/spreadsheet-backend/middleware/errorHandler.js","statementMap":{"0":{"start":{"line":3,"column":15},"end":{"line":3,"column":41}},"1":{"start":{"line":5,"column":21},"end":{"line":18,"column":1}},"2":{"start":{"line":6,"column":2},"end":{"line":6,"column":58}},"3":{"start":{"line":8,"column":21},"end":{"line":8,"column":38}},"4":{"start":{"line":10,"column":4},"end":{"line":12,"column":42}},"5":{"start":{"line":14,"column":2},"end":{"line":17,"column":5}},"6":{"start":{"line":20,"column":0},"end":{"line":20,"column":30}}},"fnMap":{"0":{"name":"(anonymous_0)","decl":{"start":{"line":5,"column":21},"end":{"line":5,"column":22}},"loc":{"start":{"line":5,"column":46},"end":{"line":18,"column":1}},"line":5}},"branchMap":{"0":{"loc":{"start":{"line":8,"column":21},"end":{"line":8,"column":38}},"type":"binary-expr","locations":[{"start":{"line":8,"column":21},"end":{"line":8,"column":31}},{"start":{"line":8,"column":35},"end":{"line":8,"column":38}}],"line":8},"1":{"loc":{"start":{"line":10,"column":4},"end":{"line":12,"column":42}},"type":"cond-expr","locations":[{"start":{"line":11,"column":8},"end":{"line":11,"column":31}},{"start":{"line":12,"column":8},"end":{"line":12,"column":42}}],"line":10},"2":{"loc":{"start":{"line":12,"column":8},"end":{"line":12,"column":42}},"type":"binary-expr","locations":[{"start":{"line":12,"column":8},"end":{"line":12,"column":19}},{"start":{"line":12,"column":23},"end":{"line":12,"column":42}}],"line":12}},"s":{"0":1,"1":1,"2":0,"3":0,"4":0,"5":0,"6":1},"f":{"0":0},"b":{"0":[0,0],"1":[0,0],"2":[0,0]},"_coverageSchema":"1a1c01bbd47fc00a2c39e90264f33305004495a9","hash":"8aaa4c3c40f24470b099a6f15555d50e755b089e"}
,"/Users/myktybeksattarov/Desktop/uniAff/spreadsheet-backend/models/cell.js": {"path":"/Users/myktybeksattarov/Desktop/uniAff/spreadsheet-backend/models/cell.js","statementMap":{"0":{"start":{"line":2,"column":29},"end":{"line":2,"column":49}},"1":{"start":{"line":4,"column":0},"end":{"line":49,"column":2}},"2":{"start":{"line":7,"column":6},"end":{"line":7,"column":62}},"3":{"start":{"line":11,"column":2},"end":{"line":46,"column":4}},"4":{"start":{"line":48,"column":2},"end":{"line":48,"column":14}}},"fnMap":{"0":{"name":"(anonymous_0)","decl":{"start":{"line":4,"column":17},"end":{"line":4,"column":18}},"loc":{"start":{"line":4,"column":32},"end":{"line":49,"column":1}},"line":4},"1":{"name":"(anonymous_1)","decl":{"start":{"line":6,"column":4},"end":{"line":6,"column":5}},"loc":{"start":{"line":6,"column":29},"end":{"line":8,"column":5}},"line":6}},"branchMap":{},"s":{"0":1,"1":1,"2":1,"3":1,"4":1},"f":{"0":1,"1":1},"b":{},"_coverageSchema":"1a1c01bbd47fc00a2c39e90264f33305004495a9","hash":"7cb6c8e1f5dde50819535a4accb40cf774764622"}
,"/Users/myktybeksattarov/Desktop/uniAff/spreadsheet-backend/models/index.js": {"path":"/Users/myktybeksattarov/Desktop/uniAff/spreadsheet-backend/models/index.js","statementMap":{"0":{"start":{"line":5,"column":11},"end":{"line":5,"column":24}},"1":{"start":{"line":6,"column":13},"end":{"line":6,"column":28}},"2":{"start":{"line":7,"column":18},"end":{"line":7,"column":38}},"3":{"start":{"line":8,"column":17},"end":{"line":8,"column":42}},"4":{"start":{"line":9,"column":12},"end":{"line":9,"column":49}},"5":{"start":{"line":10,"column":15},"end":{"line":10,"column":63}},"6":{"start":{"line":11,"column":11},"end":{"line":11,"column":13}},"7":{"start":{"line":14,"column":0},"end":{"line":20,"column":1}},"8":{"start":{"line":15,"column":2},"end":{"line":15,"column":74}},"9":{"start":{"line":16,"column":7},"end":{"line":20,"column":1}},"10":{"start":{"line":17,"column":2},"end":{"line":17,"column":48}},"11":{"start":{"line":19,"column":2},"end":{"line":19,"column":87}},"12":{"start":{"line":22,"column":0},"end":{"line":35,"column":5}},"13":{"start":{"line":25,"column":4},"end":{"line":30,"column":6}},"14":{"start":{"line":33,"column":18},"end":{"line":33,"column":85}},"15":{"start":{"line":34,"column":4},"end":{"line":34,"column":27}},"16":{"start":{"line":37,"column":0},"end":{"line":41,"column":3}},"17":{"start":{"line":38,"column":2},"end":{"line":40,"column":3}},"18":{"start":{"line":39,"column":4},"end":{"line":39,"column":32}},"19":{"start":{"line":43,"column":0},"end":{"line":43,"column":25}},"20":{"start":{"line":44,"column":0},"end":{"line":44,"column":25}},"21":{"start":{"line":46,"column":0},"end":{"line":46,"column":20}}},"fnMap":{"0":{"name":"(anonymous_0)","decl":{"start":{"line":24,"column":10},"end":{"line":24,"column":11}},"loc":{"start":{"line":24,"column":18},"end":{"line":31,"column":3}},"line":24},"1":{"name":"(anonymous_1)","decl":{"start":{"line":32,"column":11},"end":{"line":32,"column":12}},"loc":{"start":{"line":32,"column":19},"end":{"line":35,"column":3}},"line":32},"2":{"name":"(anonymous_2)","decl":{"start":{"line":37,"column":24},"end":{"line":37,"column":25}},"loc":{"start":{"line":37,"column":37},"end":{"line":41,"column":1}},"line":37}},"branchMap":{"0":{"loc":{"start":{"line":9,"column":12},"end":{"line":9,"column":49}},"type":"binary-expr","locations":[{"start":{"line":9,"column":12},"end":{"line":9,"column":32}},{"start":{"line":9,"column":36},"end":{"line":9,"column":49}}],"line":9},"1":{"loc":{"start":{"line":14,"column":0},"end":{"line":20,"column":1}},"type":"if","locations":[{"start":{"line":14,"column":0},"end":{"line":20,"column":1}},{"start":{"line":16,"column":7},"end":{"line":20,"column":1}}],"line":14},"2":{"loc":{"start":{"line":16,"column":7},"end":{"line":20,"column":1}},"type":"if","locations":[{"start":{"line":16,"column":7},"end":{"line":20,"column":1}},{"start":{"line":18,"column":7},"end":{"line":20,"column":1}}],"line":16},"3":{"loc":{"start":{"line":26,"column":6},"end":{"line":29,"column":37}},"type":"binary-expr","locations":[{"start":{"line":26,"column":6},"end":{"line":26,"column":29}},{"start":{"line":27,"column":6},"end":{"line":27,"column":23}},{"start":{"line":28,"column":6},"end":{"line":28,"column":30}},{"start":{"line":29,"column":6},"end":{"line":29,"column":37}}],"line":26},"4":{"loc":{"start":{"line":38,"column":2},"end":{"line":40,"column":3}},"type":"if","locations":[{"start":{"line":38,"column":2},"end":{"line":40,"column":3}},{"start":{},"end":{}}],"line":38}},"s":{"0":1,"1":1,"2":1,"3":1,"4":1,"5":1,"6":1,"7":1,"8":0,"9":1,"10":1,"11":0,"12":1,"13":6,"14":5,"15":5,"16":1,"17":5,"18":5,"19":1,"20":1,"21":1},"f":{"0":6,"1":5,"2":5},"b":{"0":[1,0],"1":[0,1],"2":[1,0],"3":[6,6,5,5],"4":[5,0]},"_coverageSchema":"1a1c01bbd47fc00a2c39e90264f33305004495a9","hash":"d3668b31abe9a734dea4758c624cbbd80f2c1774"}
,"/Users/myktybeksattarov/Desktop/uniAff/spreadsheet-backend/models/sheet.js": {"path":"/Users/myktybeksattarov/Desktop/uniAff/spreadsheet-backend/models/sheet.js","statementMap":{"0":{"start":{"line":2,"column":29},"end":{"line":2,"column":49}},"1":{"start":{"line":4,"column":0},"end":{"line":37,"column":2}},"2":{"start":{"line":7,"column":6},"end":{"line":7,"column":75}},"3":{"start":{"line":8,"column":6},"end":{"line":8,"column":60}},"4":{"start":{"line":12,"column":2},"end":{"line":34,"column":4}},"5":{"start":{"line":36,"column":2},"end":{"line":36,"column":15}}},"fnMap":{"0":{"name":"(anonymous_0)","decl":{"start":{"line":4,"column":17},"end":{"line":4,"column":18}},"loc":{"start":{"line":4,"column":32},"end":{"line":37,"column":1}},"line":4},"1":{"name":"(anonymous_1)","decl":{"start":{"line":6,"column":4},"end":{"line":6,"column":5}},"loc":{"start":{"line":6,"column":29},"end":{"line":9,"column":5}},"line":6}},"branchMap":{},"s":{"0":1,"1":1,"2":1,"3":1,"4":1,"5":1},"f":{"0":1,"1":1},"b":{},"_coverageSchema":"1a1c01bbd47fc00a2c39e90264f33305004495a9","hash":"12b7b1a074a3a49aeea3ca661393c581cce842e7"}
,"/Users/myktybeksattarov/Desktop/uniAff/spreadsheet-backend/models/spreadsheet.js": {"path":"/Users/myktybeksattarov/Desktop/uniAff/spreadsheet-backend/models/spreadsheet.js","statementMap":{"0":{"start":{"line":2,"column":29},"end":{"line":2,"column":49}},"1":{"start":{"line":4,"column":0},"end":{"line":54,"column":2}},"2":{"start":{"line":8,"column":6},"end":{"line":12,"column":9}},"3":{"start":{"line":15,"column":6},"end":{"line":19,"column":9}},"4":{"start":{"line":22,"column":6},"end":{"line":25,"column":9}},"5":{"start":{"line":29,"column":2},"end":{"line":51,"column":4}},"6":{"start":{"line":53,"column":2},"end":{"line":53,"column":21}}},"fnMap":{"0":{"name":"(anonymous_0)","decl":{"start":{"line":4,"column":17},"end":{"line":4,"column":18}},"loc":{"start":{"line":4,"column":32},"end":{"line":54,"column":1}},"line":4},"1":{"name":"(anonymous_1)","decl":{"start":{"line":6,"column":4},"end":{"line":6,"column":5}},"loc":{"start":{"line":6,"column":29},"end":{"line":26,"column":5}},"line":6}},"branchMap":{},"s":{"0":1,"1":1,"2":1,"3":1,"4":1,"5":1,"6":1},"f":{"0":1,"1":1},"b":{},"_coverageSchema":"1a1c01bbd47fc00a2c39e90264f33305004495a9","hash":"21cb104c6140327906cd4fbe39f12c53af51a051"}
,"/Users/myktybeksattarov/Desktop/uniAff/spreadsheet-backend/models/user.js": {"path":"/Users/myktybeksattarov/Desktop/uniAff/spreadsheet-backend/models/user.js","statementMap":{"0":{"start":{"line":2,"column":29},"end":{"line":2,"column":49}},"1":{"start":{"line":4,"column":0},"end":{"line":55,"column":2}},"2":{"start":{"line":8,"column":6},"end":{"line":12,"column":9}},"3":{"start":{"line":13,"column":6},"end":{"line":16,"column":9}},"4":{"start":{"line":20,"column":2},"end":{"line":52,"column":4}},"5":{"start":{"line":54,"column":2},"end":{"line":54,"column":14}}},"fnMap":{"0":{"name":"(anonymous_0)","decl":{"start":{"line":4,"column":17},"end":{"line":4,"column":18}},"loc":{"start":{"line":4,"column":32},"end":{"line":55,"column":1}},"line":4},"1":{"name":"(anonymous_1)","decl":{"start":{"line":6,"column":4},"end":{"line":6,"column":5}},"loc":{"start":{"line":6,"column":29},"end":{"line":17,"column":5}},"line":6}},"branchMap":{},"s":{"0":1,"1":1,"2":1,"3":1,"4":1,"5":1},"f":{"0":1,"1":1},"b":{},"_coverageSchema":"1a1c01bbd47fc00a2c39e90264f33305004495a9","hash":"f5bafe249535b55370fcd6c1f9ddad417c20a432"}
,"/Users/myktybeksattarov/Desktop/uniAff/spreadsheet-backend/models/userSpreadsheet.js": {"path":"/Users/myktybeksattarov/Desktop/uniAff/spreadsheet-backend/models/userSpreadsheet.js","statementMap":{"0":{"start":{"line":2,"column":29},"end":{"line":2,"column":49}},"1":{"start":{"line":4,"column":0},"end":{"line":42,"column":2}},"2":{"start":{"line":11,"column":2},"end":{"line":39,"column":4}},"3":{"start":{"line":41,"column":2},"end":{"line":41,"column":25}}},"fnMap":{"0":{"name":"(anonymous_0)","decl":{"start":{"line":4,"column":17},"end":{"line":4,"column":18}},"loc":{"start":{"line":4,"column":32},"end":{"line":42,"column":1}},"line":4},"1":{"name":"(anonymous_1)","decl":{"start":{"line":6,"column":4},"end":{"line":6,"column":5}},"loc":{"start":{"line":6,"column":29},"end":{"line":8,"column":5}},"line":6}},"branchMap":{},"s":{"0":1,"1":1,"2":1,"3":1},"f":{"0":1,"1":1},"b":{},"_coverageSchema":"1a1c01bbd47fc00a2c39e90264f33305004495a9","hash":"781ceab7b67c82edd0ba2909ab4659d8dbd9853f"}
,"/Users/myktybeksattarov/Desktop/uniAff/spreadsheet-backend/routes/authRoutes.js": {"path":"/Users/myktybeksattarov/Desktop/uniAff/spreadsheet-backend/routes/authRoutes.js","statementMap":{"0":{"start":{"line":3,"column":16},"end":{"line":3,"column":34}},"1":{"start":{"line":4,"column":17},"end":{"line":4,"column":45}},"2":{"start":{"line":5,"column":23},"end":{"line":5,"column":63}},"3":{"start":{"line":7,"column":15},"end":{"line":7,"column":31}},"4":{"start":{"line":40,"column":0},"end":{"line":52,"column":2}},"5":{"start":{"line":94,"column":0},"end":{"line":101,"column":2}},"6":{"start":{"line":136,"column":0},"end":{"line":136,"column":59}},"7":{"start":{"line":138,"column":0},"end":{"line":138,"column":24}}},"fnMap":{},"branchMap":{},"s":{"0":1,"1":1,"2":1,"3":1,"4":1,"5":1,"6":1,"7":1},"f":{},"b":{},"_coverageSchema":"1a1c01bbd47fc00a2c39e90264f33305004495a9","hash":"04ef27ae57dee13d4bac6d859a01abe0d5c9a9a0"}
,"/Users/myktybeksattarov/Desktop/uniAff/spreadsheet-backend/routes/spreadSheetRoutes.js": {"path":"/Users/myktybeksattarov/Desktop/uniAff/spreadsheet-backend/routes/spreadSheetRoutes.js","statementMap":{"0":{"start":{"line":1,"column":16},"end":{"line":1,"column":34}},"1":{"start":{"line":2,"column":24},"end":{"line":2,"column":52}},"2":{"start":{"line":3,"column":30},"end":{"line":3,"column":77}},"3":{"start":{"line":5,"column":15},"end":{"line":5,"column":31}},"4":{"start":{"line":47,"column":0},"end":{"line":55,"column":2}},"5":{"start":{"line":82,"column":0},"end":{"line":82,"column":55}},"6":{"start":{"line":115,"column":0},"end":{"line":121,"column":2}},"7":{"start":{"line":164,"column":0},"end":{"line":174,"column":2}},"8":{"start":{"line":200,"column":0},"end":{"line":206,"column":2}},"9":{"start":{"line":246,"column":0},"end":{"line":255,"column":2}},"10":{"start":{"line":295,"column":0},"end":{"line":304,"column":2}},"11":{"start":{"line":306,"column":0},"end":{"line":306,"column":24}}},"fnMap":{},"branchMap":{},"s":{"0":2,"1":2,"2":2,"3":2,"4":2,"5":2,"6":2,"7":2,"8":2,"9":2,"10":2,"11":2},"f":{},"b":{},"_coverageSchema":"1a1c01bbd47fc00a2c39e90264f33305004495a9","hash":"3cdf4cba4e11d6b3cee61580e3f690913d7413fc"}
,"/Users/myktybeksattarov/Desktop/uniAff/spreadsheet-backend/services/authService.js": {"path":"/Users/myktybeksattarov/Desktop/uniAff/spreadsheet-backend/services/authService.js","statementMap":{"0":{"start":{"line":3,"column":15},"end":{"line":3,"column":32}},"1":{"start":{"line":4,"column":12},"end":{"line":4,"column":35}},"2":{"start":{"line":5,"column":17},"end":{"line":5,"column":37}},"3":{"start":{"line":6,"column":15},"end":{"line":6,"column":35}},"4":{"start":{"line":7,"column":15},"end":{"line":7,"column":41}},"5":{"start":{"line":9,"column":0},"end":{"line":35,"column":2}},"6":{"start":{"line":11,"column":23},"end":{"line":15,"column":4}},"7":{"start":{"line":16,"column":2},"end":{"line":21,"column":3}},"8":{"start":{"line":17,"column":4},"end":{"line":19,"column":6}},"9":{"start":{"line":20,"column":4},"end":{"line":20,"column":56}},"10":{"start":{"line":24,"column":25},"end":{"line":24,"column":56}},"11":{"start":{"line":27,"column":15},"end":{"line":31,"column":4}},"12":{"start":{"line":33,"column":2},"end":{"line":33,"column":59}},"13":{"start":{"line":34,"column":2},"end":{"line":34,"column":14}},"14":{"start":{"line":37,"column":0},"end":{"line":67,"column":2}},"15":{"start":{"line":39,"column":15},"end":{"line":39,"column":58}},"16":{"start":{"line":40,"column":2},"end":{"line":42,"column":3}},"17":{"start":{"line":41,"column":4},"end":{"line":41,"column":38}},"18":{"start":{"line":45,"column":26},"end":{"line":45,"column":75}},"19":{"start":{"line":46,"column":2},"end":{"line":48,"column":3}},"20":{"start":{"line":47,"column":4},"end":{"line":47,"column":40}},"21":{"start":{"line":51,"column":22},"end":{"line":53,"column":4}},"22":{"start":{"line":54,"column":23},"end":{"line":60,"column":3}},"23":{"start":{"line":63,"column":2},"end":{"line":63,"column":35}},"24":{"start":{"line":64,"column":2},"end":{"line":64,"column":20}},"25":{"start":{"line":66,"column":2},"end":{"line":66,"column":39}}},"fnMap":{"0":{"name":"(anonymous_0)","decl":{"start":{"line":9,"column":19},"end":{"line":9,"column":20}},"loc":{"start":{"line":9,"column":56},"end":{"line":35,"column":1}},"line":9},"1":{"name":"(anonymous_1)","decl":{"start":{"line":37,"column":16},"end":{"line":37,"column":17}},"loc":{"start":{"line":37,"column":46},"end":{"line":67,"column":1}},"line":37}},"branchMap":{"0":{"loc":{"start":{"line":16,"column":2},"end":{"line":21,"column":3}},"type":"if","locations":[{"start":{"line":16,"column":2},"end":{"line":21,"column":3}},{"start":{},"end":{}}],"line":16},"1":{"loc":{"start":{"line":40,"column":2},"end":{"line":42,"column":3}},"type":"if","locations":[{"start":{"line":40,"column":2},"end":{"line":42,"column":3}},{"start":{},"end":{}}],"line":40},"2":{"loc":{"start":{"line":46,"column":2},"end":{"line":48,"column":3}},"type":"if","locations":[{"start":{"line":46,"column":2},"end":{"line":48,"column":3}},{"start":{},"end":{}}],"line":46}},"s":{"0":1,"1":1,"2":1,"3":1,"4":1,"5":1,"6":2,"7":2,"8":1,"9":1,"10":1,"11":1,"12":1,"13":1,"14":1,"15":2,"16":2,"17":0,"18":2,"19":2,"20":1,"21":1,"22":1,"23":1,"24":1,"25":1},"f":{"0":2,"1":2},"b":{"0":[1,1],"1":[0,2],"2":[1,1]},"_coverageSchema":"1a1c01bbd47fc00a2c39e90264f33305004495a9","hash":"da8a5177b7c357e573b25de39e7cbe0f38f73921"}
,"/Users/myktybeksattarov/Desktop/uniAff/spreadsheet-backend/services/formulaService.js": {"path":"/Users/myktybeksattarov/Desktop/uniAff/spreadsheet-backend/services/formulaService.js","statementMap":{"0":{"start":{"line":3,"column":15},"end":{"line":3,"column":32}},"1":{"start":{"line":4,"column":17},"end":{"line":4,"column":37}},"2":{"start":{"line":5,"column":15},"end":{"line":5,"column":35}},"3":{"start":{"line":6,"column":15},"end":{"line":6,"column":41}},"4":{"start":{"line":8,"column":0},"end":{"line":54,"column":2}},"5":{"start":{"line":10,"column":19},"end":{"line":10,"column":52}},"6":{"start":{"line":13,"column":21},"end":{"line":13,"column":67}},"7":{"start":{"line":13,"column":43},"end":{"line":13,"column":66}},"8":{"start":{"line":15,"column":2},"end":{"line":17,"column":3}},"9":{"start":{"line":16,"column":4},"end":{"line":16,"column":67}},"10":{"start":{"line":20,"column":16},"end":{"line":28,"column":4}},"11":{"start":{"line":23,"column":40},"end":{"line":26,"column":7}},"12":{"start":{"line":31,"column":18},"end":{"line":31,"column":20}},"13":{"start":{"line":32,"column":2},"end":{"line":37,"column":5}},"14":{"start":{"line":33,"column":16},"end":{"line":33,"column":57}},"15":{"start":{"line":34,"column":4},"end":{"line":36,"column":33}},"16":{"start":{"line":40,"column":19},"end":{"line":40,"column":26}},"17":{"start":{"line":41,"column":2},"end":{"line":44,"column":5}},"18":{"start":{"line":42,"column":18},"end":{"line":42,"column":63}},"19":{"start":{"line":43,"column":4},"end":{"line":43,"column":65}},"20":{"start":{"line":47,"column":2},"end":{"line":53,"column":3}},"21":{"start":{"line":48,"column":19},"end":{"line":48,"column":46}},"22":{"start":{"line":49,"column":4},"end":{"line":49,"column":18}},"23":{"start":{"line":51,"column":4},"end":{"line":51,"column":76}},"24":{"start":{"line":52,"column":4},"end":{"line":52,"column":39}},"25":{"start":{"line":57,"column":24},"end":{"line":57,"column":46}},"26":{"start":{"line":58,"column":20},"end":{"line":58,"column":39}},"27":{"start":{"line":61,"column":21},"end":{"line":61,"column":22}},"28":{"start":{"line":62,"column":2},"end":{"line":65,"column":3}},"29":{"start":{"line":62,"column":15},"end":{"line":62,"column":16}},"30":{"start":{"line":63,"column":4},"end":{"line":63,"column":23}},"31":{"start":{"line":64,"column":4},"end":{"line":64,"column":53}},"32":{"start":{"line":67,"column":2},"end":{"line":70,"column":4}},"33":{"start":{"line":74,"column":12},"end":{"line":74,"column":14}},"34":{"start":{"line":75,"column":2},"end":{"line":79,"column":3}},"35":{"start":{"line":76,"column":19},"end":{"line":76,"column":36}},"36":{"start":{"line":77,"column":4},"end":{"line":77,"column":49}},"37":{"start":{"line":78,"column":4},"end":{"line":78,"column":48}},"38":{"start":{"line":80,"column":2},"end":{"line":80,"column":19}}},"fnMap":{"0":{"name":"(anonymous_0)","decl":{"start":{"line":8,"column":26},"end":{"line":8,"column":27}},"loc":{"start":{"line":8,"column":54},"end":{"line":54,"column":1}},"line":8},"1":{"name":"(anonymous_1)","decl":{"start":{"line":13,"column":34},"end":{"line":13,"column":35}},"loc":{"start":{"line":13,"column":43},"end":{"line":13,"column":66}},"line":13},"2":{"name":"(anonymous_2)","decl":{"start":{"line":23,"column":30},"end":{"line":23,"column":31}},"loc":{"start":{"line":23,"column":40},"end":{"line":26,"column":7}},"line":23},"3":{"name":"(anonymous_3)","decl":{"start":{"line":32,"column":16},"end":{"line":32,"column":17}},"loc":{"start":{"line":32,"column":26},"end":{"line":37,"column":3}},"line":32},"4":{"name":"(anonymous_4)","decl":{"start":{"line":41,"column":19},"end":{"line":41,"column":20}},"loc":{"start":{"line":41,"column":28},"end":{"line":44,"column":3}},"line":41},"5":{"name":"parseCellReference","decl":{"start":{"line":56,"column":9},"end":{"line":56,"column":27}},"loc":{"start":{"line":56,"column":33},"end":{"line":71,"column":1}},"line":56},"6":{"name":"convertRowColToRef","decl":{"start":{"line":73,"column":9},"end":{"line":73,"column":27}},"loc":{"start":{"line":73,"column":41},"end":{"line":81,"column":1}},"line":73}},"branchMap":{"0":{"loc":{"start":{"line":10,"column":19},"end":{"line":10,"column":52}},"type":"binary-expr","locations":[{"start":{"line":10,"column":19},"end":{"line":10,"column":46}},{"start":{"line":10,"column":50},"end":{"line":10,"column":52}}],"line":10},"1":{"loc":{"start":{"line":15,"column":2},"end":{"line":17,"column":3}},"type":"if","locations":[{"start":{"line":15,"column":2},"end":{"line":17,"column":3}},{"start":{},"end":{}}],"line":15},"2":{"loc":{"start":{"line":34,"column":19},"end":{"line":36,"column":32}},"type":"cond-expr","locations":[{"start":{"line":35,"column":8},"end":{"line":35,"column":9}},{"start":{"line":36,"column":8},"end":{"line":36,"column":32}}],"line":34},"3":{"loc":{"start":{"line":42,"column":18},"end":{"line":42,"column":63}},"type":"cond-expr","locations":[{"start":{"line":42,"column":47},"end":{"line":42,"column":59}},{"start":{"line":42,"column":62},"end":{"line":42,"column":63}}],"line":42}},"s":{"0":1,"1":1,"2":1,"3":1,"4":1,"5":0,"6":0,"7":0,"8":0,"9":0,"10":0,"11":0,"12":0,"13":0,"14":0,"15":0,"16":0,"17":0,"18":0,"19":0,"20":0,"21":0,"22":0,"23":0,"24":0,"25":0,"26":0,"27":0,"28":0,"29":0,"30":0,"31":0,"32":0,"33":0,"34":0,"35":0,"36":0,"37":0,"38":0},"f":{"0":0,"1":0,"2":0,"3":0,"4":0,"5":0,"6":0},"b":{"0":[0,0],"1":[0,0],"2":[0,0],"3":[0,0]},"_coverageSchema":"1a1c01bbd47fc00a2c39e90264f33305004495a9","hash":"f3a941205f839de5c9499ea62897ee18740baf91"}
,"/Users/myktybeksattarov/Desktop/uniAff/spreadsheet-backend/utils/logger.js": {"path":"/Users/myktybeksattarov/Desktop/uniAff/spreadsheet-backend/utils/logger.js","statementMap":{"0":{"start":{"line":3,"column":45},"end":{"line":3,"column":63}},"1":{"start":{"line":5,"column":15},"end":{"line":24,"column":2}},"2":{"start":{"line":27,"column":0},"end":{"line":33,"column":1}},"3":{"start":{"line":28,"column":2},"end":{"line":32,"column":4}},"4":{"start":{"line":35,"column":0},"end":{"line":35,"column":24}}},"fnMap":{},"branchMap":{"0":{"loc":{"start":{"line":27,"column":0},"end":{"line":33,"column":1}},"type":"if","locations":[{"start":{"line":27,"column":0},"end":{"line":33,"column":1}},{"start":{},"end":{}}],"line":27}},"s":{"0":1,"1":1,"2":1,"3":1,"4":1},"f":{},"b":{"0":[1,0]},"_coverageSchema":"1a1c01bbd47fc00a2c39e90264f33305004495a9","hash":"bc7c8af5351e9d8a0acb3606ca342961f841c33f"}
}
