{"/Users/myktybeksattarov/Desktop/uniAff/spreadsheet-backend/app.js": {"path":"/Users/myktybeksattarov/Desktop/uniAff/spreadsheet-backend/app.js","statementMap":{"0":{"start":{"line":3,"column":16},"end":{"line":3,"column":34}},"1":{"start":{"line":4,"column":15},"end":{"line":4,"column":32}},"2":{"start":{"line":5,"column":13},"end":{"line":5,"column":28}},"3":{"start":{"line":6,"column":18},"end":{"line":6,"column":47}},"4":{"start":{"line":7,"column":15},"end":{"line":7,"column":40}},"5":{"start":{"line":8,"column":21},"end":{"line":8,"column":57}},"6":{"start":{"line":10,"column":18},"end":{"line":10,"column":47}},"7":{"start":{"line":11,"column":20},"end":{"line":11,"column":45}},"8":{"start":{"line":14,"column":19},"end":{"line":14,"column":49}},"9":{"start":{"line":15,"column":26},"end":{"line":15,"column":63}},"10":{"start":{"line":16,"column":20},"end":{"line":16,"column":51}},"11":{"start":{"line":17,"column":19},"end":{"line":17,"column":49}},"12":{"start":{"line":18,"column":21},"end":{"line":18,"column":57}},"13":{"start":{"line":20,"column":12},"end":{"line":20,"column":21}},"14":{"start":{"line":25,"column":0},"end":{"line":25,"column":18}},"15":{"start":{"line":28,"column":0},"end":{"line":28,"column":24}},"16":{"start":{"line":31,"column":0},"end":{"line":37,"column":2}},"17":{"start":{"line":40,"column":20},"end":{"line":44,"column":2}},"18":{"start":{"line":45,"column":0},"end":{"line":45,"column":30}},"19":{"start":{"line":50,"column":0},"end":{"line":50,"column":29}},"20":{"start":{"line":53,"column":0},"end":{"line":53,"column":58}},"21":{"start":{"line":54,"column":0},"end":{"line":54,"column":74}},"22":{"start":{"line":56,"column":0},"end":{"line":60,"column":2}},"23":{"start":{"line":63,"column":0},"end":{"line":63,"column":68}},"24":{"start":{"line":66,"column":0},"end":{"line":66,"column":22}},"25":{"start":{"line":68,"column":0},"end":{"line":68,"column":21}}},"fnMap":{},"branchMap":{},"s":{"0":1,"1":1,"2":1,"3":1,"4":1,"5":1,"6":1,"7":1,"8":1,"9":1,"10":1,"11":1,"12":1,"13":1,"14":1,"15":1,"16":1,"17":1,"18":1,"19":1,"20":1,"21":1,"22":1,"23":1,"24":1,"25":1},"f":{},"b":{},"_coverageSchema":"1a1c01bbd47fc00a2c39e90264f33305004495a9","hash":"ab3a63af7ad660181a1d3e0dd7977f14440bd89b"}
,"/Users/myktybeksattarov/Desktop/uniAff/spreadsheet-backend/socket.js": {"path":"/Users/myktybeksattarov/Desktop/uniAff/spreadsheet-backend/socket.js","statementMap":{"0":{"start":{"line":3,"column":19},"end":{"line":3,"column":39}},"1":{"start":{"line":4,"column":12},"end":{"line":4,"column":35}},"2":{"start":{"line":5,"column":15},"end":{"line":5,"column":40}},"3":{"start":{"line":6,"column":60},"end":{"line":6,"column":79}},"4":{"start":{"line":7,"column":23},"end":{"line":7,"column":59}},"5":{"start":{"line":16,"column":25},"end":{"line":243,"column":1}},"6":{"start":{"line":17,"column":2},"end":{"line":25,"column":5}},"7":{"start":{"line":28,"column":2},"end":{"line":43,"column":5}},"8":{"start":{"line":29,"column":18},"end":{"line":29,"column":45}},"9":{"start":{"line":30,"column":4},"end":{"line":33,"column":5}},"10":{"start":{"line":31,"column":6},"end":{"line":31,"column":69}},"11":{"start":{"line":32,"column":6},"end":{"line":32,"column":69}},"12":{"start":{"line":35,"column":4},"end":{"line":42,"column":7}},"13":{"start":{"line":36,"column":6},"end":{"line":39,"column":7}},"14":{"start":{"line":37,"column":8},"end":{"line":37,"column":68}},"15":{"start":{"line":38,"column":8},"end":{"line":38,"column":70}},"16":{"start":{"line":40,"column":6},"end":{"line":40,"column":37}},"17":{"start":{"line":41,"column":6},"end":{"line":41,"column":13}},"18":{"start":{"line":46,"column":2},"end":{"line":240,"column":5}},"19":{"start":{"line":47,"column":4},"end":{"line":47,"column":52}},"20":{"start":{"line":54,"column":4},"end":{"line":93,"column":7}},"21":{"start":{"line":55,"column":6},"end":{"line":92,"column":7}},"22":{"start":{"line":57,"column":28},"end":{"line":59,"column":10}},"23":{"start":{"line":61,"column":8},"end":{"line":64,"column":9}},"24":{"start":{"line":62,"column":10},"end":{"line":62,"column":69}},"25":{"start":{"line":63,"column":10},"end":{"line":63,"column":17}},"26":{"start":{"line":66,"column":24},"end":{"line":66,"column":61}},"27":{"start":{"line":67,"column":31},"end":{"line":69,"column":9}},"28":{"start":{"line":68,"column":20},"end":{"line":68,"column":45}},"29":{"start":{"line":71,"column":8},"end":{"line":76,"column":9}},"30":{"start":{"line":72,"column":10},"end":{"line":74,"column":13}},"31":{"start":{"line":75,"column":10},"end":{"line":75,"column":17}},"32":{"start":{"line":79,"column":8},"end":{"line":79,"column":35}},"33":{"start":{"line":80,"column":8},"end":{"line":82,"column":10}},"34":{"start":{"line":85,"column":8},"end":{"line":88,"column":11}},"35":{"start":{"line":90,"column":8},"end":{"line":90,"column":68}},"36":{"start":{"line":91,"column":8},"end":{"line":91,"column":72}},"37":{"start":{"line":99,"column":4},"end":{"line":108,"column":7}},"38":{"start":{"line":100,"column":6},"end":{"line":100,"column":34}},"39":{"start":{"line":101,"column":6},"end":{"line":101,"column":77}},"40":{"start":{"line":104,"column":6},"end":{"line":107,"column":9}},"41":{"start":{"line":117,"column":4},"end":{"line":231,"column":7}},"42":{"start":{"line":118,"column":38},"end":{"line":118,"column":42}},"43":{"start":{"line":120,"column":6},"end":{"line":230,"column":7}},"44":{"start":{"line":122,"column":28},"end":{"line":124,"column":10}},"45":{"start":{"line":126,"column":8},"end":{"line":129,"column":9}},"46":{"start":{"line":127,"column":10},"end":{"line":127,"column":69}},"47":{"start":{"line":128,"column":10},"end":{"line":128,"column":17}},"48":{"start":{"line":131,"column":24},"end":{"line":131,"column":61}},"49":{"start":{"line":132,"column":31},"end":{"line":134,"column":9}},"50":{"start":{"line":133,"column":20},"end":{"line":133,"column":45}},"51":{"start":{"line":136,"column":8},"end":{"line":139,"column":9}},"52":{"start":{"line":137,"column":10},"end":{"line":137,"column":77}},"53":{"start":{"line":138,"column":10},"end":{"line":138,"column":17}},"54":{"start":{"line":142,"column":70},"end":{"line":142,"column":74}},"55":{"start":{"line":144,"column":8},"end":{"line":151,"column":9}},"56":{"start":{"line":149,"column":10},"end":{"line":149,"column":65}},"57":{"start":{"line":150,"column":10},"end":{"line":150,"column":17}},"58":{"start":{"line":154,"column":22},"end":{"line":156,"column":10}},"59":{"start":{"line":158,"column":8},"end":{"line":161,"column":9}},"60":{"start":{"line":159,"column":10},"end":{"line":159,"column":63}},"61":{"start":{"line":160,"column":10},"end":{"line":160,"column":17}},"62":{"start":{"line":164,"column":31},"end":{"line":164,"column":38}},"63":{"start":{"line":165,"column":8},"end":{"line":186,"column":9}},"64":{"start":{"line":166,"column":35},"end":{"line":174,"column":11}},"65":{"start":{"line":176,"column":10},"end":{"line":185,"column":11}},"66":{"start":{"line":177,"column":12},"end":{"line":177,"column":41}},"67":{"start":{"line":179,"column":12},"end":{"line":182,"column":15}},"68":{"start":{"line":184,"column":12},"end":{"line":184,"column":54}},"69":{"start":{"line":189,"column":40},"end":{"line":196,"column":10}},"70":{"start":{"line":198,"column":8},"end":{"line":203,"column":9}},"71":{"start":{"line":199,"column":10},"end":{"line":199,"column":50}},"72":{"start":{"line":200,"column":10},"end":{"line":200,"column":49}},"73":{"start":{"line":201,"column":10},"end":{"line":201,"column":53}},"74":{"start":{"line":202,"column":10},"end":{"line":202,"column":36}},"75":{"start":{"line":206,"column":8},"end":{"line":215,"column":9}},"76":{"start":{"line":208,"column":10},"end":{"line":211,"column":12}},"77":{"start":{"line":214,"column":10},"end":{"line":214,"column":63}},"78":{"start":{"line":218,"column":30},"end":{"line":220,"column":9}},"79":{"start":{"line":223,"column":8},"end":{"line":226,"column":11}},"80":{"start":{"line":228,"column":8},"end":{"line":228,"column":68}},"81":{"start":{"line":229,"column":8},"end":{"line":229,"column":67}},"82":{"start":{"line":236,"column":4},"end":{"line":239,"column":7}},"83":{"start":{"line":237,"column":6},"end":{"line":237,"column":57}},"84":{"start":{"line":242,"column":2},"end":{"line":242,"column":12}},"85":{"start":{"line":250,"column":14},"end":{"line":255,"column":1}},"86":{"start":{"line":251,"column":2},"end":{"line":253,"column":3}},"87":{"start":{"line":252,"column":4},"end":{"line":252,"column":50}},"88":{"start":{"line":254,"column":2},"end":{"line":254,"column":12}},"89":{"start":{"line":257,"column":0},"end":{"line":257,"column":45}}},"fnMap":{"0":{"name":"(anonymous_0)","decl":{"start":{"line":16,"column":25},"end":{"line":16,"column":26}},"loc":{"start":{"line":16,"column":37},"end":{"line":243,"column":1}},"line":16},"1":{"name":"(anonymous_1)","decl":{"start":{"line":28,"column":9},"end":{"line":28,"column":10}},"loc":{"start":{"line":28,"column":27},"end":{"line":43,"column":3}},"line":28},"2":{"name":"(anonymous_2)","decl":{"start":{"line":35,"column":46},"end":{"line":35,"column":47}},"loc":{"start":{"line":35,"column":64},"end":{"line":42,"column":5}},"line":35},"3":{"name":"(anonymous_3)","decl":{"start":{"line":46,"column":22},"end":{"line":46,"column":23}},"loc":{"start":{"line":46,"column":34},"end":{"line":240,"column":3}},"line":46},"4":{"name":"(anonymous_4)","decl":{"start":{"line":54,"column":33},"end":{"line":54,"column":34}},"loc":{"start":{"line":54,"column":58},"end":{"line":93,"column":5}},"line":54},"5":{"name":"(anonymous_5)","decl":{"start":{"line":68,"column":10},"end":{"line":68,"column":11}},"loc":{"start":{"line":68,"column":20},"end":{"line":68,"column":45}},"line":68},"6":{"name":"(anonymous_6)","decl":{"start":{"line":99,"column":34},"end":{"line":99,"column":35}},"loc":{"start":{"line":99,"column":53},"end":{"line":108,"column":5}},"line":99},"7":{"name":"(anonymous_7)","decl":{"start":{"line":117,"column":28},"end":{"line":117,"column":29}},"loc":{"start":{"line":117,"column":44},"end":{"line":231,"column":5}},"line":117},"8":{"name":"(anonymous_8)","decl":{"start":{"line":133,"column":10},"end":{"line":133,"column":11}},"loc":{"start":{"line":133,"column":20},"end":{"line":133,"column":45}},"line":133},"9":{"name":"(anonymous_9)","decl":{"start":{"line":236,"column":28},"end":{"line":236,"column":29}},"loc":{"start":{"line":236,"column":34},"end":{"line":239,"column":5}},"line":236},"10":{"name":"(anonymous_10)","decl":{"start":{"line":250,"column":14},"end":{"line":250,"column":15}},"loc":{"start":{"line":250,"column":20},"end":{"line":255,"column":1}},"line":250}},"branchMap":{"0":{"loc":{"start":{"line":30,"column":4},"end":{"line":33,"column":5}},"type":"if","locations":[{"start":{"line":30,"column":4},"end":{"line":33,"column":5}},{"start":{},"end":{}}],"line":30},"1":{"loc":{"start":{"line":36,"column":6},"end":{"line":39,"column":7}},"type":"if","locations":[{"start":{"line":36,"column":6},"end":{"line":39,"column":7}},{"start":{},"end":{}}],"line":36},"2":{"loc":{"start":{"line":61,"column":8},"end":{"line":64,"column":9}},"type":"if","locations":[{"start":{"line":61,"column":8},"end":{"line":64,"column":9}},{"start":{},"end":{}}],"line":61},"3":{"loc":{"start":{"line":71,"column":8},"end":{"line":76,"column":9}},"type":"if","locations":[{"start":{"line":71,"column":8},"end":{"line":76,"column":9}},{"start":{},"end":{}}],"line":71},"4":{"loc":{"start":{"line":71,"column":12},"end":{"line":71,"column":39}},"type":"binary-expr","locations":[{"start":{"line":71,"column":12},"end":{"line":71,"column":20}},{"start":{"line":71,"column":24},"end":{"line":71,"column":39}}],"line":71},"5":{"loc":{"start":{"line":126,"column":8},"end":{"line":129,"column":9}},"type":"if","locations":[{"start":{"line":126,"column":8},"end":{"line":129,"column":9}},{"start":{},"end":{}}],"line":126},"6":{"loc":{"start":{"line":136,"column":8},"end":{"line":139,"column":9}},"type":"if","locations":[{"start":{"line":136,"column":8},"end":{"line":139,"column":9}},{"start":{},"end":{}}],"line":136},"7":{"loc":{"start":{"line":136,"column":12},"end":{"line":136,"column":39}},"type":"binary-expr","locations":[{"start":{"line":136,"column":12},"end":{"line":136,"column":20}},{"start":{"line":136,"column":24},"end":{"line":136,"column":39}}],"line":136},"8":{"loc":{"start":{"line":144,"column":8},"end":{"line":151,"column":9}},"type":"if","locations":[{"start":{"line":144,"column":8},"end":{"line":151,"column":9}},{"start":{},"end":{}}],"line":144},"9":{"loc":{"start":{"line":145,"column":10},"end":{"line":147,"column":36}},"type":"binary-expr","locations":[{"start":{"line":145,"column":10},"end":{"line":145,"column":37}},{"start":{"line":146,"column":10},"end":{"line":146,"column":33}},{"start":{"line":147,"column":10},"end":{"line":147,"column":36}}],"line":145},"10":{"loc":{"start":{"line":158,"column":8},"end":{"line":161,"column":9}},"type":"if","locations":[{"start":{"line":158,"column":8},"end":{"line":161,"column":9}},{"start":{},"end":{}}],"line":158},"11":{"loc":{"start":{"line":165,"column":8},"end":{"line":186,"column":9}},"type":"if","locations":[{"start":{"line":165,"column":8},"end":{"line":186,"column":9}},{"start":{},"end":{}}],"line":165},"12":{"loc":{"start":{"line":165,"column":12},"end":{"line":165,"column":46}},"type":"binary-expr","locations":[{"start":{"line":165,"column":12},"end":{"line":165,"column":19}},{"start":{"line":165,"column":23},"end":{"line":165,"column":46}}],"line":165},"13":{"loc":{"start":{"line":176,"column":10},"end":{"line":185,"column":11}},"type":"if","locations":[{"start":{"line":176,"column":10},"end":{"line":185,"column":11}},{"start":{"line":183,"column":17},"end":{"line":185,"column":11}}],"line":176},"14":{"loc":{"start":{"line":193,"column":21},"end":{"line":193,"column":36}},"type":"binary-expr","locations":[{"start":{"line":193,"column":21},"end":{"line":193,"column":28}},{"start":{"line":193,"column":32},"end":{"line":193,"column":36}}],"line":193},"15":{"loc":{"start":{"line":194,"column":23},"end":{"line":194,"column":40}},"type":"binary-expr","locations":[{"start":{"line":194,"column":23},"end":{"line":194,"column":32}},{"start":{"line":194,"column":36},"end":{"line":194,"column":40}}],"line":194},"16":{"loc":{"start":{"line":198,"column":8},"end":{"line":203,"column":9}},"type":"if","locations":[{"start":{"line":198,"column":8},"end":{"line":203,"column":9}},{"start":{},"end":{}}],"line":198},"17":{"loc":{"start":{"line":200,"column":33},"end":{"line":200,"column":48}},"type":"binary-expr","locations":[{"start":{"line":200,"column":33},"end":{"line":200,"column":40}},{"start":{"line":200,"column":44},"end":{"line":200,"column":48}}],"line":200},"18":{"loc":{"start":{"line":201,"column":35},"end":{"line":201,"column":52}},"type":"binary-expr","locations":[{"start":{"line":201,"column":35},"end":{"line":201,"column":44}},{"start":{"line":201,"column":48},"end":{"line":201,"column":52}}],"line":201},"19":{"loc":{"start":{"line":206,"column":8},"end":{"line":215,"column":9}},"type":"if","locations":[{"start":{"line":206,"column":8},"end":{"line":215,"column":9}},{"start":{"line":212,"column":15},"end":{"line":215,"column":9}}],"line":206},"20":{"loc":{"start":{"line":206,"column":12},"end":{"line":206,"column":46}},"type":"binary-expr","locations":[{"start":{"line":206,"column":12},"end":{"line":206,"column":19}},{"start":{"line":206,"column":23},"end":{"line":206,"column":46}}],"line":206},"21":{"loc":{"start":{"line":251,"column":2},"end":{"line":253,"column":3}},"type":"if","locations":[{"start":{"line":251,"column":2},"end":{"line":253,"column":3}},{"start":{},"end":{}}],"line":251}},"s":{"0":3,"1":3,"2":3,"3":3,"4":3,"5":3,"6":0,"7":0,"8":0,"9":0,"10":0,"11":0,"12":0,"13":0,"14":0,"15":0,"16":0,"17":0,"18":0,"19":0,"20":0,"21":0,"22":0,"23":0,"24":0,"25":0,"26":0,"27":0,"28":0,"29":0,"30":0,"31":0,"32":0,"33":0,"34":0,"35":0,"36":0,"37":0,"38":0,"39":0,"40":0,"41":0,"42":0,"43":0,"44":0,"45":0,"46":0,"47":0,"48":0,"49":0,"50":0,"51":0,"52":0,"53":0,"54":0,"55":0,"56":0,"57":0,"58":0,"59":0,"60":0,"61":0,"62":0,"63":0,"64":0,"65":0,"66":0,"67":0,"68":0,"69":0,"70":0,"71":0,"72":0,"73":0,"74":0,"75":0,"76":0,"77":0,"78":0,"79":0,"80":0,"81":0,"82":0,"83":0,"84":0,"85":3,"86":0,"87":0,"88":0,"89":3},"f":{"0":0,"1":0,"2":0,"3":0,"4":0,"5":0,"6":0,"7":0,"8":0,"9":0,"10":0},"b":{"0":[0,0],"1":[0,0],"2":[0,0],"3":[0,0],"4":[0,0],"5":[0,0],"6":[0,0],"7":[0,0],"8":[0,0],"9":[0,0,0],"10":[0,0],"11":[0,0],"12":[0,0],"13":[0,0],"14":[0,0],"15":[0,0],"16":[0,0],"17":[0,0],"18":[0,0],"19":[0,0],"20":[0,0],"21":[0,0]},"_coverageSchema":"1a1c01bbd47fc00a2c39e90264f33305004495a9","hash":"b971980a3ed629f616769cd392bdfbf5895b0008"}
,"/Users/myktybeksattarov/Desktop/uniAff/spreadsheet-backend/config/config.js": {"path":"/Users/myktybeksattarov/Desktop/uniAff/spreadsheet-backend/config/config.js","statementMap":{"0":{"start":{"line":3,"column":0},"end":{"line":3,"column":27}},"1":{"start":{"line":4,"column":12},"end":{"line":4,"column":49}},"2":{"start":{"line":5,"column":15},"end":{"line":28,"column":1}},"3":{"start":{"line":36,"column":0},"end":{"line":36,"column":24}}},"fnMap":{},"branchMap":{"0":{"loc":{"start":{"line":4,"column":12},"end":{"line":4,"column":49}},"type":"binary-expr","locations":[{"start":{"line":4,"column":12},"end":{"line":4,"column":32}},{"start":{"line":4,"column":36},"end":{"line":4,"column":49}}],"line":4},"1":{"loc":{"start":{"line":15,"column":6},"end":{"line":16,"column":67}},"type":"binary-expr","locations":[{"start":{"line":15,"column":6},"end":{"line":15,"column":35}},{"start":{"line":16,"column":6},"end":{"line":16,"column":67}}],"line":15}},"s":{"0":4,"1":4,"2":4,"3":4},"f":{},"b":{"0":[4,0],"1":[4,0]},"_coverageSchema":"1a1c01bbd47fc00a2c39e90264f33305004495a9","hash":"28ec9ec77babb721ad2cb43f041bbb56f380a5a8"}
,"/Users/myktybeksattarov/Desktop/uniAff/spreadsheet-backend/controllers/authController.js": {"path":"/Users/myktybeksattarov/Desktop/uniAff/spreadsheet-backend/controllers/authController.js","statementMap":{"0":{"start":{"line":3,"column":29},"end":{"line":3,"column":57}},"1":{"start":{"line":4,"column":20},"end":{"line":4,"column":54}},"2":{"start":{"line":5,"column":15},"end":{"line":5,"column":41}},"3":{"start":{"line":6,"column":12},"end":{"line":6,"column":35}},"4":{"start":{"line":7,"column":17},"end":{"line":7,"column":37}},"5":{"start":{"line":10,"column":0},"end":{"line":27,"column":2}},"6":{"start":{"line":11,"column":17},"end":{"line":11,"column":38}},"7":{"start":{"line":12,"column":2},"end":{"line":15,"column":3}},"8":{"start":{"line":13,"column":4},"end":{"line":13,"column":73}},"9":{"start":{"line":14,"column":4},"end":{"line":14,"column":60}},"10":{"start":{"line":17,"column":40},"end":{"line":17,"column":48}},"11":{"start":{"line":18,"column":2},"end":{"line":26,"column":3}},"12":{"start":{"line":19,"column":17},"end":{"line":19,"column":70}},"13":{"start":{"line":20,"column":4},"end":{"line":22,"column":74}},"14":{"start":{"line":24,"column":4},"end":{"line":24,"column":57}},"15":{"start":{"line":25,"column":4},"end":{"line":25,"column":51}},"16":{"start":{"line":29,"column":0},"end":{"line":49,"column":2}},"17":{"start":{"line":30,"column":17},"end":{"line":30,"column":38}},"18":{"start":{"line":31,"column":2},"end":{"line":34,"column":3}},"19":{"start":{"line":32,"column":4},"end":{"line":32,"column":66}},"20":{"start":{"line":33,"column":4},"end":{"line":33,"column":60}},"21":{"start":{"line":36,"column":33},"end":{"line":36,"column":41}},"22":{"start":{"line":37,"column":2},"end":{"line":48,"column":3}},"23":{"start":{"line":38,"column":42},"end":{"line":41,"column":5}},"24":{"start":{"line":42,"column":4},"end":{"line":42,"column":44}},"25":{"start":{"line":46,"column":4},"end":{"line":46,"column":50}},"26":{"start":{"line":47,"column":4},"end":{"line":47,"column":51}},"27":{"start":{"line":51,"column":0},"end":{"line":96,"column":2}},"28":{"start":{"line":52,"column":27},"end":{"line":52,"column":35}},"29":{"start":{"line":53,"column":2},"end":{"line":55,"column":3}},"30":{"start":{"line":54,"column":4},"end":{"line":54,"column":69}},"31":{"start":{"line":57,"column":2},"end":{"line":95,"column":3}},"32":{"start":{"line":59,"column":20},"end":{"line":59,"column":78}},"33":{"start":{"line":62,"column":17},"end":{"line":62,"column":52}},"34":{"start":{"line":63,"column":4},"end":{"line":66,"column":5}},"35":{"start":{"line":64,"column":6},"end":{"line":64,"column":54}},"36":{"start":{"line":65,"column":6},"end":{"line":65,"column":70}},"37":{"start":{"line":70,"column":4},"end":{"line":73,"column":5}},"38":{"start":{"line":71,"column":6},"end":{"line":71,"column":44}},"39":{"start":{"line":72,"column":6},"end":{"line":72,"column":70}},"40":{"start":{"line":76,"column":24},"end":{"line":78,"column":6}},"41":{"start":{"line":79,"column":28},"end":{"line":83,"column":5}},"42":{"start":{"line":86,"column":4},"end":{"line":86,"column":40}},"43":{"start":{"line":87,"column":4},"end":{"line":87,"column":22}},"44":{"start":{"line":89,"column":4},"end":{"line":89,"column":61}},"45":{"start":{"line":92,"column":4},"end":{"line":94,"column":63}}},"fnMap":{"0":{"name":"(anonymous_0)","decl":{"start":{"line":10,"column":19},"end":{"line":10,"column":20}},"loc":{"start":{"line":10,"column":39},"end":{"line":27,"column":1}},"line":10},"1":{"name":"(anonymous_1)","decl":{"start":{"line":29,"column":16},"end":{"line":29,"column":17}},"loc":{"start":{"line":29,"column":36},"end":{"line":49,"column":1}},"line":29},"2":{"name":"(anonymous_2)","decl":{"start":{"line":51,"column":23},"end":{"line":51,"column":24}},"loc":{"start":{"line":51,"column":43},"end":{"line":96,"column":1}},"line":51}},"branchMap":{"0":{"loc":{"start":{"line":12,"column":2},"end":{"line":15,"column":3}},"type":"if","locations":[{"start":{"line":12,"column":2},"end":{"line":15,"column":3}},{"start":{},"end":{}}],"line":12},"1":{"loc":{"start":{"line":31,"column":2},"end":{"line":34,"column":3}},"type":"if","locations":[{"start":{"line":31,"column":2},"end":{"line":34,"column":3}},{"start":{},"end":{}}],"line":31},"2":{"loc":{"start":{"line":53,"column":2},"end":{"line":55,"column":3}},"type":"if","locations":[{"start":{"line":53,"column":2},"end":{"line":55,"column":3}},{"start":{},"end":{}}],"line":53},"3":{"loc":{"start":{"line":63,"column":4},"end":{"line":66,"column":5}},"type":"if","locations":[{"start":{"line":63,"column":4},"end":{"line":66,"column":5}},{"start":{},"end":{}}],"line":63},"4":{"loc":{"start":{"line":70,"column":4},"end":{"line":73,"column":5}},"type":"if","locations":[{"start":{"line":70,"column":4},"end":{"line":73,"column":5}},{"start":{},"end":{}}],"line":70}},"s":{"0":1,"1":1,"2":1,"3":1,"4":1,"5":1,"6":2,"7":2,"8":0,"9":0,"10":2,"11":2,"12":2,"13":1,"14":1,"15":1,"16":1,"17":2,"18":2,"19":0,"20":0,"21":2,"22":2,"23":2,"24":1,"25":1,"26":1,"27":1,"28":2,"29":2,"30":0,"31":2,"32":2,"33":1,"34":1,"35":0,"36":0,"37":1,"38":0,"39":0,"40":1,"41":1,"42":1,"43":1,"44":1,"45":1},"f":{"0":2,"1":2,"2":2},"b":{"0":[0,2],"1":[0,2],"2":[0,2],"3":[0,1],"4":[0,1]},"_coverageSchema":"1a1c01bbd47fc00a2c39e90264f33305004495a9","hash":"3cb25f65133b100417ad2de1e3ca22232899dc0d"}
,"/Users/myktybeksattarov/Desktop/uniAff/spreadsheet-backend/controllers/cellController.js": {"path":"/Users/myktybeksattarov/Desktop/uniAff/spreadsheet-backend/controllers/cellController.js","statementMap":{"0":{"start":{"line":3,"column":37},"end":{"line":3,"column":57}},"1":{"start":{"line":4,"column":29},"end":{"line":4,"column":57}},"2":{"start":{"line":5,"column":18},"end":{"line":5,"column":38}},"3":{"start":{"line":11,"column":0},"end":{"line":80,"column":2}},"4":{"start":{"line":12,"column":2},"end":{"line":79,"column":3}},"5":{"start":{"line":14,"column":19},"end":{"line":14,"column":40}},"6":{"start":{"line":15,"column":4},"end":{"line":17,"column":5}},"7":{"start":{"line":16,"column":6},"end":{"line":16,"column":62}},"8":{"start":{"line":19,"column":39},"end":{"line":19,"column":49}},"9":{"start":{"line":20,"column":57},"end":{"line":20,"column":65}},"10":{"start":{"line":23,"column":24},"end":{"line":23,"column":65}},"11":{"start":{"line":25,"column":4},"end":{"line":27,"column":5}},"12":{"start":{"line":26,"column":6},"end":{"line":26,"column":72}},"13":{"start":{"line":30,"column":19},"end":{"line":30,"column":30}},"14":{"start":{"line":31,"column":4},"end":{"line":38,"column":5}},"15":{"start":{"line":32,"column":29},"end":{"line":32,"column":70}},"16":{"start":{"line":33,"column":6},"end":{"line":37,"column":7}},"17":{"start":{"line":34,"column":8},"end":{"line":36,"column":62}},"18":{"start":{"line":41,"column":18},"end":{"line":43,"column":6}},"19":{"start":{"line":45,"column":4},"end":{"line":47,"column":5}},"20":{"start":{"line":46,"column":6},"end":{"line":46,"column":66}},"21":{"start":{"line":50,"column":15},"end":{"line":52,"column":6}},"22":{"start":{"line":54,"column":4},"end":{"line":70,"column":5}},"23":{"start":{"line":56,"column":6},"end":{"line":56,"column":29}},"24":{"start":{"line":57,"column":6},"end":{"line":57,"column":29}},"25":{"start":{"line":58,"column":6},"end":{"line":58,"column":33}},"26":{"start":{"line":59,"column":6},"end":{"line":59,"column":24}},"27":{"start":{"line":62,"column":6},"end":{"line":69,"column":9}},"28":{"start":{"line":73,"column":15},"end":{"line":73,"column":22}},"29":{"start":{"line":74,"column":4},"end":{"line":74,"column":55}},"30":{"start":{"line":76,"column":4},"end":{"line":76,"column":35}},"31":{"start":{"line":78,"column":4},"end":{"line":78,"column":16}},"32":{"start":{"line":85,"column":0},"end":{"line":121,"column":2}},"33":{"start":{"line":86,"column":2},"end":{"line":120,"column":3}},"34":{"start":{"line":87,"column":39},"end":{"line":87,"column":49}},"35":{"start":{"line":90,"column":24},"end":{"line":90,"column":65}},"36":{"start":{"line":92,"column":4},"end":{"line":94,"column":5}},"37":{"start":{"line":93,"column":6},"end":{"line":93,"column":72}},"38":{"start":{"line":97,"column":19},"end":{"line":97,"column":30}},"39":{"start":{"line":98,"column":4},"end":{"line":103,"column":5}},"40":{"start":{"line":99,"column":29},"end":{"line":99,"column":70}},"41":{"start":{"line":100,"column":6},"end":{"line":102,"column":7}},"42":{"start":{"line":101,"column":8},"end":{"line":101,"column":79}},"43":{"start":{"line":106,"column":18},"end":{"line":108,"column":6}},"44":{"start":{"line":110,"column":4},"end":{"line":112,"column":5}},"45":{"start":{"line":111,"column":6},"end":{"line":111,"column":66}},"46":{"start":{"line":115,"column":18},"end":{"line":115,"column":60}},"47":{"start":{"line":117,"column":4},"end":{"line":117,"column":36}},"48":{"start":{"line":119,"column":4},"end":{"line":119,"column":16}},"49":{"start":{"line":126,"column":0},"end":{"line":168,"column":2}},"50":{"start":{"line":127,"column":2},"end":{"line":167,"column":3}},"51":{"start":{"line":128,"column":52},"end":{"line":128,"column":62}},"52":{"start":{"line":131,"column":24},"end":{"line":131,"column":65}},"53":{"start":{"line":133,"column":4},"end":{"line":135,"column":5}},"54":{"start":{"line":134,"column":6},"end":{"line":134,"column":72}},"55":{"start":{"line":138,"column":19},"end":{"line":138,"column":30}},"56":{"start":{"line":139,"column":4},"end":{"line":144,"column":5}},"57":{"start":{"line":140,"column":29},"end":{"line":140,"column":70}},"58":{"start":{"line":141,"column":6},"end":{"line":143,"column":7}},"59":{"start":{"line":142,"column":8},"end":{"line":142,"column":78}},"60":{"start":{"line":147,"column":18},"end":{"line":149,"column":6}},"61":{"start":{"line":151,"column":4},"end":{"line":153,"column":5}},"62":{"start":{"line":152,"column":6},"end":{"line":152,"column":66}},"63":{"start":{"line":156,"column":17},"end":{"line":158,"column":6}},"64":{"start":{"line":160,"column":4},"end":{"line":162,"column":5}},"65":{"start":{"line":161,"column":6},"end":{"line":161,"column":65}},"66":{"start":{"line":164,"column":4},"end":{"line":164,"column":35}},"67":{"start":{"line":166,"column":4},"end":{"line":166,"column":16}},"68":{"start":{"line":173,"column":0},"end":{"line":219,"column":2}},"69":{"start":{"line":174,"column":2},"end":{"line":218,"column":3}},"70":{"start":{"line":175,"column":52},"end":{"line":175,"column":62}},"71":{"start":{"line":178,"column":24},"end":{"line":178,"column":65}},"72":{"start":{"line":180,"column":4},"end":{"line":182,"column":5}},"73":{"start":{"line":181,"column":6},"end":{"line":181,"column":72}},"74":{"start":{"line":185,"column":19},"end":{"line":185,"column":30}},"75":{"start":{"line":186,"column":4},"end":{"line":188,"column":5}},"76":{"start":{"line":187,"column":6},"end":{"line":187,"column":78}},"77":{"start":{"line":191,"column":18},"end":{"line":193,"column":6}},"78":{"start":{"line":195,"column":4},"end":{"line":197,"column":5}},"79":{"start":{"line":196,"column":6},"end":{"line":196,"column":66}},"80":{"start":{"line":200,"column":17},"end":{"line":202,"column":6}},"81":{"start":{"line":204,"column":4},"end":{"line":206,"column":5}},"82":{"start":{"line":205,"column":6},"end":{"line":205,"column":65}},"83":{"start":{"line":209,"column":4},"end":{"line":209,"column":25}},"84":{"start":{"line":212,"column":15},"end":{"line":212,"column":22}},"85":{"start":{"line":213,"column":4},"end":{"line":213,"column":71}},"86":{"start":{"line":215,"column":4},"end":{"line":215,"column":67}},"87":{"start":{"line":217,"column":4},"end":{"line":217,"column":16}}},"fnMap":{"0":{"name":"(anonymous_0)","decl":{"start":{"line":11,"column":29},"end":{"line":11,"column":30}},"loc":{"start":{"line":11,"column":55},"end":{"line":80,"column":1}},"line":11},"1":{"name":"(anonymous_1)","decl":{"start":{"line":85,"column":19},"end":{"line":85,"column":20}},"loc":{"start":{"line":85,"column":45},"end":{"line":121,"column":1}},"line":85},"2":{"name":"(anonymous_2)","decl":{"start":{"line":126,"column":18},"end":{"line":126,"column":19}},"loc":{"start":{"line":126,"column":44},"end":{"line":168,"column":1}},"line":126},"3":{"name":"(anonymous_3)","decl":{"start":{"line":173,"column":21},"end":{"line":173,"column":22}},"loc":{"start":{"line":173,"column":47},"end":{"line":219,"column":1}},"line":173}},"branchMap":{"0":{"loc":{"start":{"line":15,"column":4},"end":{"line":17,"column":5}},"type":"if","locations":[{"start":{"line":15,"column":4},"end":{"line":17,"column":5}},{"start":{},"end":{}}],"line":15},"1":{"loc":{"start":{"line":25,"column":4},"end":{"line":27,"column":5}},"type":"if","locations":[{"start":{"line":25,"column":4},"end":{"line":27,"column":5}},{"start":{},"end":{}}],"line":25},"2":{"loc":{"start":{"line":31,"column":4},"end":{"line":38,"column":5}},"type":"if","locations":[{"start":{"line":31,"column":4},"end":{"line":38,"column":5}},{"start":{},"end":{}}],"line":31},"3":{"loc":{"start":{"line":33,"column":6},"end":{"line":37,"column":7}},"type":"if","locations":[{"start":{"line":33,"column":6},"end":{"line":37,"column":7}},{"start":{},"end":{}}],"line":33},"4":{"loc":{"start":{"line":45,"column":4},"end":{"line":47,"column":5}},"type":"if","locations":[{"start":{"line":45,"column":4},"end":{"line":47,"column":5}},{"start":{},"end":{}}],"line":45},"5":{"loc":{"start":{"line":54,"column":4},"end":{"line":70,"column":5}},"type":"if","locations":[{"start":{"line":54,"column":4},"end":{"line":70,"column":5}},{"start":{"line":60,"column":11},"end":{"line":70,"column":5}}],"line":54},"6":{"loc":{"start":{"line":92,"column":4},"end":{"line":94,"column":5}},"type":"if","locations":[{"start":{"line":92,"column":4},"end":{"line":94,"column":5}},{"start":{},"end":{}}],"line":92},"7":{"loc":{"start":{"line":98,"column":4},"end":{"line":103,"column":5}},"type":"if","locations":[{"start":{"line":98,"column":4},"end":{"line":103,"column":5}},{"start":{},"end":{}}],"line":98},"8":{"loc":{"start":{"line":100,"column":6},"end":{"line":102,"column":7}},"type":"if","locations":[{"start":{"line":100,"column":6},"end":{"line":102,"column":7}},{"start":{},"end":{}}],"line":100},"9":{"loc":{"start":{"line":110,"column":4},"end":{"line":112,"column":5}},"type":"if","locations":[{"start":{"line":110,"column":4},"end":{"line":112,"column":5}},{"start":{},"end":{}}],"line":110},"10":{"loc":{"start":{"line":133,"column":4},"end":{"line":135,"column":5}},"type":"if","locations":[{"start":{"line":133,"column":4},"end":{"line":135,"column":5}},{"start":{},"end":{}}],"line":133},"11":{"loc":{"start":{"line":139,"column":4},"end":{"line":144,"column":5}},"type":"if","locations":[{"start":{"line":139,"column":4},"end":{"line":144,"column":5}},{"start":{},"end":{}}],"line":139},"12":{"loc":{"start":{"line":141,"column":6},"end":{"line":143,"column":7}},"type":"if","locations":[{"start":{"line":141,"column":6},"end":{"line":143,"column":7}},{"start":{},"end":{}}],"line":141},"13":{"loc":{"start":{"line":151,"column":4},"end":{"line":153,"column":5}},"type":"if","locations":[{"start":{"line":151,"column":4},"end":{"line":153,"column":5}},{"start":{},"end":{}}],"line":151},"14":{"loc":{"start":{"line":160,"column":4},"end":{"line":162,"column":5}},"type":"if","locations":[{"start":{"line":160,"column":4},"end":{"line":162,"column":5}},{"start":{},"end":{}}],"line":160},"15":{"loc":{"start":{"line":180,"column":4},"end":{"line":182,"column":5}},"type":"if","locations":[{"start":{"line":180,"column":4},"end":{"line":182,"column":5}},{"start":{},"end":{}}],"line":180},"16":{"loc":{"start":{"line":186,"column":4},"end":{"line":188,"column":5}},"type":"if","locations":[{"start":{"line":186,"column":4},"end":{"line":188,"column":5}},{"start":{},"end":{}}],"line":186},"17":{"loc":{"start":{"line":195,"column":4},"end":{"line":197,"column":5}},"type":"if","locations":[{"start":{"line":195,"column":4},"end":{"line":197,"column":5}},{"start":{},"end":{}}],"line":195},"18":{"loc":{"start":{"line":204,"column":4},"end":{"line":206,"column":5}},"type":"if","locations":[{"start":{"line":204,"column":4},"end":{"line":206,"column":5}},{"start":{},"end":{}}],"line":204}},"s":{"0":3,"1":3,"2":3,"3":3,"4":6,"5":6,"6":6,"7":1,"8":5,"9":5,"10":5,"11":4,"12":1,"13":3,"14":3,"15":1,"16":1,"17":1,"18":2,"19":2,"20":0,"21":2,"22":2,"23":1,"24":1,"25":1,"26":1,"27":1,"28":2,"29":2,"30":2,"31":1,"32":3,"33":4,"34":4,"35":4,"36":3,"37":1,"38":2,"39":2,"40":1,"41":1,"42":1,"43":1,"44":1,"45":0,"46":1,"47":1,"48":1,"49":3,"50":3,"51":3,"52":3,"53":2,"54":0,"55":2,"56":2,"57":1,"58":1,"59":1,"60":1,"61":1,"62":0,"63":1,"64":1,"65":0,"66":1,"67":1,"68":3,"69":5,"70":5,"71":5,"72":4,"73":0,"74":4,"75":4,"76":1,"77":3,"78":3,"79":0,"80":3,"81":3,"82":2,"83":1,"84":1,"85":1,"86":1,"87":1},"f":{"0":6,"1":4,"2":3,"3":5},"b":{"0":[1,5],"1":[1,3],"2":[1,2],"3":[1,0],"4":[0,2],"5":[1,1],"6":[1,2],"7":[1,1],"8":[1,0],"9":[0,1],"10":[0,2],"11":[1,1],"12":[1,0],"13":[0,1],"14":[0,1],"15":[0,4],"16":[1,3],"17":[0,3],"18":[2,1]},"_coverageSchema":"1a1c01bbd47fc00a2c39e90264f33305004495a9","hash":"d1f85f30c4a2a0f883223fd6b800c1bd384d2f34"}
,"/Users/myktybeksattarov/Desktop/uniAff/spreadsheet-backend/controllers/sheetController.js": {"path":"/Users/myktybeksattarov/Desktop/uniAff/spreadsheet-backend/controllers/sheetController.js","statementMap":{"0":{"start":{"line":3,"column":31},"end":{"line":3,"column":51}},"1":{"start":{"line":4,"column":29},"end":{"line":4,"column":57}},"2":{"start":{"line":5,"column":18},"end":{"line":5,"column":38}},"3":{"start":{"line":11,"column":0},"end":{"line":50,"column":2}},"4":{"start":{"line":12,"column":2},"end":{"line":49,"column":3}},"5":{"start":{"line":14,"column":19},"end":{"line":14,"column":40}},"6":{"start":{"line":15,"column":4},"end":{"line":17,"column":5}},"7":{"start":{"line":16,"column":6},"end":{"line":16,"column":62}},"8":{"start":{"line":19,"column":21},"end":{"line":19,"column":29}},"9":{"start":{"line":20,"column":26},"end":{"line":20,"column":50}},"10":{"start":{"line":23,"column":24},"end":{"line":23,"column":65}},"11":{"start":{"line":25,"column":4},"end":{"line":27,"column":5}},"12":{"start":{"line":26,"column":6},"end":{"line":26,"column":72}},"13":{"start":{"line":30,"column":4},"end":{"line":37,"column":5}},"14":{"start":{"line":31,"column":29},"end":{"line":31,"column":75}},"15":{"start":{"line":32,"column":6},"end":{"line":36,"column":7}},"16":{"start":{"line":33,"column":8},"end":{"line":35,"column":62}},"17":{"start":{"line":40,"column":18},"end":{"line":40,"column":61}},"18":{"start":{"line":43,"column":15},"end":{"line":43,"column":22}},"19":{"start":{"line":44,"column":4},"end":{"line":44,"column":57}},"20":{"start":{"line":46,"column":4},"end":{"line":46,"column":36}},"21":{"start":{"line":48,"column":4},"end":{"line":48,"column":16}},"22":{"start":{"line":56,"column":0},"end":{"line":83,"column":2}},"23":{"start":{"line":57,"column":2},"end":{"line":82,"column":3}},"24":{"start":{"line":58,"column":26},"end":{"line":58,"column":50}},"25":{"start":{"line":61,"column":24},"end":{"line":61,"column":65}},"26":{"start":{"line":63,"column":4},"end":{"line":65,"column":5}},"27":{"start":{"line":64,"column":6},"end":{"line":64,"column":72}},"28":{"start":{"line":68,"column":4},"end":{"line":75,"column":5}},"29":{"start":{"line":69,"column":29},"end":{"line":69,"column":75}},"30":{"start":{"line":70,"column":6},"end":{"line":74,"column":7}},"31":{"start":{"line":71,"column":8},"end":{"line":73,"column":65}},"32":{"start":{"line":77,"column":19},"end":{"line":77,"column":68}},"33":{"start":{"line":79,"column":4},"end":{"line":79,"column":37}},"34":{"start":{"line":81,"column":4},"end":{"line":81,"column":16}},"35":{"start":{"line":89,"column":0},"end":{"line":122,"column":2}},"36":{"start":{"line":90,"column":2},"end":{"line":121,"column":3}},"37":{"start":{"line":91,"column":39},"end":{"line":91,"column":49}},"38":{"start":{"line":94,"column":24},"end":{"line":94,"column":65}},"39":{"start":{"line":96,"column":4},"end":{"line":98,"column":5}},"40":{"start":{"line":97,"column":6},"end":{"line":97,"column":72}},"41":{"start":{"line":101,"column":4},"end":{"line":108,"column":5}},"42":{"start":{"line":102,"column":29},"end":{"line":102,"column":75}},"43":{"start":{"line":103,"column":6},"end":{"line":107,"column":7}},"44":{"start":{"line":104,"column":8},"end":{"line":106,"column":62}},"45":{"start":{"line":110,"column":18},"end":{"line":112,"column":6}},"46":{"start":{"line":114,"column":4},"end":{"line":116,"column":5}},"47":{"start":{"line":115,"column":6},"end":{"line":115,"column":66}},"48":{"start":{"line":118,"column":4},"end":{"line":118,"column":36}},"49":{"start":{"line":120,"column":4},"end":{"line":120,"column":16}},"50":{"start":{"line":128,"column":0},"end":{"line":176,"column":2}},"51":{"start":{"line":129,"column":2},"end":{"line":175,"column":3}},"52":{"start":{"line":131,"column":19},"end":{"line":131,"column":40}},"53":{"start":{"line":132,"column":4},"end":{"line":134,"column":5}},"54":{"start":{"line":133,"column":6},"end":{"line":133,"column":62}},"55":{"start":{"line":136,"column":39},"end":{"line":136,"column":49}},"56":{"start":{"line":137,"column":21},"end":{"line":137,"column":29}},"57":{"start":{"line":140,"column":24},"end":{"line":140,"column":65}},"58":{"start":{"line":142,"column":4},"end":{"line":144,"column":5}},"59":{"start":{"line":143,"column":6},"end":{"line":143,"column":72}},"60":{"start":{"line":147,"column":4},"end":{"line":154,"column":5}},"61":{"start":{"line":148,"column":29},"end":{"line":148,"column":75}},"62":{"start":{"line":149,"column":6},"end":{"line":153,"column":7}},"63":{"start":{"line":150,"column":8},"end":{"line":152,"column":62}},"64":{"start":{"line":156,"column":18},"end":{"line":158,"column":6}},"65":{"start":{"line":160,"column":4},"end":{"line":162,"column":5}},"66":{"start":{"line":161,"column":6},"end":{"line":161,"column":66}},"67":{"start":{"line":165,"column":4},"end":{"line":165,"column":22}},"68":{"start":{"line":166,"column":4},"end":{"line":166,"column":23}},"69":{"start":{"line":169,"column":15},"end":{"line":169,"column":22}},"70":{"start":{"line":170,"column":4},"end":{"line":170,"column":57}},"71":{"start":{"line":172,"column":4},"end":{"line":172,"column":36}},"72":{"start":{"line":174,"column":4},"end":{"line":174,"column":16}},"73":{"start":{"line":182,"column":0},"end":{"line":219,"column":2}},"74":{"start":{"line":183,"column":2},"end":{"line":218,"column":3}},"75":{"start":{"line":184,"column":39},"end":{"line":184,"column":49}},"76":{"start":{"line":187,"column":24},"end":{"line":187,"column":65}},"77":{"start":{"line":189,"column":4},"end":{"line":191,"column":5}},"78":{"start":{"line":190,"column":6},"end":{"line":190,"column":72}},"79":{"start":{"line":194,"column":4},"end":{"line":198,"column":5}},"80":{"start":{"line":195,"column":6},"end":{"line":197,"column":63}},"81":{"start":{"line":200,"column":18},"end":{"line":202,"column":6}},"82":{"start":{"line":204,"column":4},"end":{"line":206,"column":5}},"83":{"start":{"line":205,"column":6},"end":{"line":205,"column":66}},"84":{"start":{"line":209,"column":4},"end":{"line":209,"column":26}},"85":{"start":{"line":212,"column":15},"end":{"line":212,"column":22}},"86":{"start":{"line":213,"column":4},"end":{"line":213,"column":59}},"87":{"start":{"line":215,"column":4},"end":{"line":215,"column":68}},"88":{"start":{"line":217,"column":4},"end":{"line":217,"column":16}}},"fnMap":{"0":{"name":"(anonymous_0)","decl":{"start":{"line":11,"column":22},"end":{"line":11,"column":23}},"loc":{"start":{"line":11,"column":48},"end":{"line":50,"column":1}},"line":11},"1":{"name":"(anonymous_1)","decl":{"start":{"line":56,"column":20},"end":{"line":56,"column":21}},"loc":{"start":{"line":56,"column":46},"end":{"line":83,"column":1}},"line":56},"2":{"name":"(anonymous_2)","decl":{"start":{"line":89,"column":23},"end":{"line":89,"column":24}},"loc":{"start":{"line":89,"column":49},"end":{"line":122,"column":1}},"line":89},"3":{"name":"(anonymous_3)","decl":{"start":{"line":128,"column":22},"end":{"line":128,"column":23}},"loc":{"start":{"line":128,"column":48},"end":{"line":176,"column":1}},"line":128},"4":{"name":"(anonymous_4)","decl":{"start":{"line":182,"column":22},"end":{"line":182,"column":23}},"loc":{"start":{"line":182,"column":48},"end":{"line":219,"column":1}},"line":182}},"branchMap":{"0":{"loc":{"start":{"line":15,"column":4},"end":{"line":17,"column":5}},"type":"if","locations":[{"start":{"line":15,"column":4},"end":{"line":17,"column":5}},{"start":{},"end":{}}],"line":15},"1":{"loc":{"start":{"line":25,"column":4},"end":{"line":27,"column":5}},"type":"if","locations":[{"start":{"line":25,"column":4},"end":{"line":27,"column":5}},{"start":{},"end":{}}],"line":25},"2":{"loc":{"start":{"line":30,"column":4},"end":{"line":37,"column":5}},"type":"if","locations":[{"start":{"line":30,"column":4},"end":{"line":37,"column":5}},{"start":{},"end":{}}],"line":30},"3":{"loc":{"start":{"line":32,"column":6},"end":{"line":36,"column":7}},"type":"if","locations":[{"start":{"line":32,"column":6},"end":{"line":36,"column":7}},{"start":{},"end":{}}],"line":32},"4":{"loc":{"start":{"line":63,"column":4},"end":{"line":65,"column":5}},"type":"if","locations":[{"start":{"line":63,"column":4},"end":{"line":65,"column":5}},{"start":{},"end":{}}],"line":63},"5":{"loc":{"start":{"line":68,"column":4},"end":{"line":75,"column":5}},"type":"if","locations":[{"start":{"line":68,"column":4},"end":{"line":75,"column":5}},{"start":{},"end":{}}],"line":68},"6":{"loc":{"start":{"line":70,"column":6},"end":{"line":74,"column":7}},"type":"if","locations":[{"start":{"line":70,"column":6},"end":{"line":74,"column":7}},{"start":{},"end":{}}],"line":70},"7":{"loc":{"start":{"line":96,"column":4},"end":{"line":98,"column":5}},"type":"if","locations":[{"start":{"line":96,"column":4},"end":{"line":98,"column":5}},{"start":{},"end":{}}],"line":96},"8":{"loc":{"start":{"line":101,"column":4},"end":{"line":108,"column":5}},"type":"if","locations":[{"start":{"line":101,"column":4},"end":{"line":108,"column":5}},{"start":{},"end":{}}],"line":101},"9":{"loc":{"start":{"line":103,"column":6},"end":{"line":107,"column":7}},"type":"if","locations":[{"start":{"line":103,"column":6},"end":{"line":107,"column":7}},{"start":{},"end":{}}],"line":103},"10":{"loc":{"start":{"line":114,"column":4},"end":{"line":116,"column":5}},"type":"if","locations":[{"start":{"line":114,"column":4},"end":{"line":116,"column":5}},{"start":{},"end":{}}],"line":114},"11":{"loc":{"start":{"line":132,"column":4},"end":{"line":134,"column":5}},"type":"if","locations":[{"start":{"line":132,"column":4},"end":{"line":134,"column":5}},{"start":{},"end":{}}],"line":132},"12":{"loc":{"start":{"line":142,"column":4},"end":{"line":144,"column":5}},"type":"if","locations":[{"start":{"line":142,"column":4},"end":{"line":144,"column":5}},{"start":{},"end":{}}],"line":142},"13":{"loc":{"start":{"line":147,"column":4},"end":{"line":154,"column":5}},"type":"if","locations":[{"start":{"line":147,"column":4},"end":{"line":154,"column":5}},{"start":{},"end":{}}],"line":147},"14":{"loc":{"start":{"line":149,"column":6},"end":{"line":153,"column":7}},"type":"if","locations":[{"start":{"line":149,"column":6},"end":{"line":153,"column":7}},{"start":{},"end":{}}],"line":149},"15":{"loc":{"start":{"line":160,"column":4},"end":{"line":162,"column":5}},"type":"if","locations":[{"start":{"line":160,"column":4},"end":{"line":162,"column":5}},{"start":{},"end":{}}],"line":160},"16":{"loc":{"start":{"line":189,"column":4},"end":{"line":191,"column":5}},"type":"if","locations":[{"start":{"line":189,"column":4},"end":{"line":191,"column":5}},{"start":{},"end":{}}],"line":189},"17":{"loc":{"start":{"line":194,"column":4},"end":{"line":198,"column":5}},"type":"if","locations":[{"start":{"line":194,"column":4},"end":{"line":198,"column":5}},{"start":{},"end":{}}],"line":194},"18":{"loc":{"start":{"line":204,"column":4},"end":{"line":206,"column":5}},"type":"if","locations":[{"start":{"line":204,"column":4},"end":{"line":206,"column":5}},{"start":{},"end":{}}],"line":204}},"s":{"0":2,"1":2,"2":2,"3":2,"4":5,"5":5,"6":5,"7":1,"8":4,"9":4,"10":4,"11":4,"12":1,"13":3,"14":2,"15":2,"16":1,"17":2,"18":2,"19":2,"20":2,"21":0,"22":2,"23":4,"24":4,"25":4,"26":4,"27":1,"28":3,"29":2,"30":2,"31":1,"32":2,"33":2,"34":0,"35":2,"36":5,"37":5,"38":5,"39":5,"40":1,"41":4,"42":2,"43":2,"44":1,"45":3,"46":3,"47":1,"48":2,"49":0,"50":2,"51":6,"52":6,"53":6,"54":1,"55":5,"56":5,"57":5,"58":5,"59":1,"60":4,"61":2,"62":2,"63":1,"64":3,"65":3,"66":1,"67":2,"68":2,"69":2,"70":2,"71":2,"72":0,"73":2,"74":4,"75":4,"76":4,"77":4,"78":1,"79":3,"80":1,"81":2,"82":2,"83":1,"84":1,"85":1,"86":1,"87":1,"88":0},"f":{"0":5,"1":4,"2":5,"3":6,"4":4},"b":{"0":[1,4],"1":[1,3],"2":[2,1],"3":[1,1],"4":[1,3],"5":[2,1],"6":[1,1],"7":[1,4],"8":[2,2],"9":[1,1],"10":[1,2],"11":[1,5],"12":[1,4],"13":[2,2],"14":[1,1],"15":[1,2],"16":[1,3],"17":[1,2],"18":[1,1]},"_coverageSchema":"1a1c01bbd47fc00a2c39e90264f33305004495a9","hash":"0a700864c7159044af1d3e1bd2563287bd751e45"}
,"/Users/myktybeksattarov/Desktop/uniAff/spreadsheet-backend/controllers/spreadsheetController.js": {"path":"/Users/myktybeksattarov/Desktop/uniAff/spreadsheet-backend/controllers/spreadsheetController.js","statementMap":{"0":{"start":{"line":1,"column":54},"end":{"line":1,"column":74}},"1":{"start":{"line":2,"column":29},"end":{"line":2,"column":57}},"2":{"start":{"line":3,"column":18},"end":{"line":3,"column":38}},"3":{"start":{"line":8,"column":0},"end":{"line":35,"column":2}},"4":{"start":{"line":9,"column":2},"end":{"line":34,"column":3}},"5":{"start":{"line":10,"column":19},"end":{"line":10,"column":40}},"6":{"start":{"line":11,"column":4},"end":{"line":13,"column":5}},"7":{"start":{"line":12,"column":6},"end":{"line":12,"column":62}},"8":{"start":{"line":15,"column":21},"end":{"line":15,"column":29}},"9":{"start":{"line":16,"column":20},"end":{"line":16,"column":31}},"10":{"start":{"line":19,"column":24},"end":{"line":19,"column":67}},"11":{"start":{"line":22,"column":18},"end":{"line":25,"column":6}},"12":{"start":{"line":28,"column":15},"end":{"line":28,"column":22}},"13":{"start":{"line":29,"column":4},"end":{"line":29,"column":51}},"14":{"start":{"line":31,"column":4},"end":{"line":31,"column":42}},"15":{"start":{"line":33,"column":4},"end":{"line":33,"column":16}},"16":{"start":{"line":40,"column":0},"end":{"line":66,"column":2}},"17":{"start":{"line":41,"column":2},"end":{"line":65,"column":3}},"18":{"start":{"line":42,"column":26},"end":{"line":42,"column":39}},"19":{"start":{"line":43,"column":19},"end":{"line":43,"column":30}},"20":{"start":{"line":45,"column":24},"end":{"line":45,"column":65}},"21":{"start":{"line":47,"column":4},"end":{"line":49,"column":5}},"22":{"start":{"line":48,"column":6},"end":{"line":48,"column":72}},"23":{"start":{"line":51,"column":4},"end":{"line":55,"column":5}},"24":{"start":{"line":52,"column":6},"end":{"line":54,"column":68}},"25":{"start":{"line":57,"column":4},"end":{"line":57,"column":32}},"26":{"start":{"line":59,"column":15},"end":{"line":59,"column":22}},"27":{"start":{"line":60,"column":4},"end":{"line":60,"column":53}},"28":{"start":{"line":62,"column":4},"end":{"line":62,"column":74}},"29":{"start":{"line":64,"column":4},"end":{"line":64,"column":16}},"30":{"start":{"line":71,"column":0},"end":{"line":121,"column":2}},"31":{"start":{"line":72,"column":2},"end":{"line":120,"column":3}},"32":{"start":{"line":73,"column":26},"end":{"line":73,"column":39}},"33":{"start":{"line":74,"column":34},"end":{"line":74,"column":42}},"34":{"start":{"line":75,"column":19},"end":{"line":75,"column":30}},"35":{"start":{"line":77,"column":24},"end":{"line":79,"column":6}},"36":{"start":{"line":81,"column":4},"end":{"line":83,"column":5}},"37":{"start":{"line":82,"column":6},"end":{"line":82,"column":72}},"38":{"start":{"line":85,"column":4},"end":{"line":89,"column":5}},"39":{"start":{"line":86,"column":6},"end":{"line":88,"column":63}},"40":{"start":{"line":91,"column":25},"end":{"line":93,"column":6}},"41":{"start":{"line":95,"column":4},"end":{"line":97,"column":5}},"42":{"start":{"line":96,"column":6},"end":{"line":96,"column":73}},"43":{"start":{"line":99,"column":21},"end":{"line":101,"column":6}},"44":{"start":{"line":103,"column":4},"end":{"line":107,"column":5}},"45":{"start":{"line":104,"column":6},"end":{"line":106,"column":61}},"46":{"start":{"line":109,"column":4},"end":{"line":109,"column":77}},"47":{"start":{"line":111,"column":15},"end":{"line":111,"column":22}},"48":{"start":{"line":112,"column":4},"end":{"line":115,"column":7}},"49":{"start":{"line":117,"column":4},"end":{"line":117,"column":73}},"50":{"start":{"line":119,"column":4},"end":{"line":119,"column":16}},"51":{"start":{"line":126,"column":0},"end":{"line":172,"column":2}},"52":{"start":{"line":127,"column":2},"end":{"line":171,"column":3}},"53":{"start":{"line":128,"column":26},"end":{"line":128,"column":39}},"54":{"start":{"line":129,"column":31},"end":{"line":129,"column":39}},"55":{"start":{"line":130,"column":19},"end":{"line":130,"column":30}},"56":{"start":{"line":132,"column":24},"end":{"line":134,"column":6}},"57":{"start":{"line":136,"column":4},"end":{"line":138,"column":5}},"58":{"start":{"line":137,"column":6},"end":{"line":137,"column":72}},"59":{"start":{"line":140,"column":4},"end":{"line":144,"column":5}},"60":{"start":{"line":141,"column":6},"end":{"line":143,"column":66}},"61":{"start":{"line":146,"column":4},"end":{"line":150,"column":5}},"62":{"start":{"line":147,"column":6},"end":{"line":149,"column":72}},"63":{"start":{"line":152,"column":25},"end":{"line":154,"column":6}},"64":{"start":{"line":156,"column":4},"end":{"line":158,"column":5}},"65":{"start":{"line":157,"column":6},"end":{"line":157,"column":73}},"66":{"start":{"line":160,"column":4},"end":{"line":160,"column":33}},"67":{"start":{"line":162,"column":15},"end":{"line":162,"column":22}},"68":{"start":{"line":163,"column":4},"end":{"line":166,"column":7}},"69":{"start":{"line":168,"column":4},"end":{"line":168,"column":75}},"70":{"start":{"line":170,"column":4},"end":{"line":170,"column":16}},"71":{"start":{"line":177,"column":0},"end":{"line":205,"column":2}},"72":{"start":{"line":178,"column":2},"end":{"line":204,"column":3}},"73":{"start":{"line":179,"column":19},"end":{"line":179,"column":30}},"74":{"start":{"line":181,"column":30},"end":{"line":184,"column":6}},"75":{"start":{"line":186,"column":27},"end":{"line":195,"column":6}},"76":{"start":{"line":197,"column":37},"end":{"line":199,"column":5}},"77":{"start":{"line":198,"column":18},"end":{"line":198,"column":36}},"78":{"start":{"line":201,"column":4},"end":{"line":201,"column":74}},"79":{"start":{"line":203,"column":4},"end":{"line":203,"column":16}},"80":{"start":{"line":210,"column":0},"end":{"line":239,"column":2}},"81":{"start":{"line":211,"column":2},"end":{"line":238,"column":3}},"82":{"start":{"line":212,"column":26},"end":{"line":212,"column":39}},"83":{"start":{"line":213,"column":19},"end":{"line":213,"column":30}},"84":{"start":{"line":215,"column":24},"end":{"line":220,"column":6}},"85":{"start":{"line":222,"column":4},"end":{"line":224,"column":5}},"86":{"start":{"line":223,"column":6},"end":{"line":223,"column":72}},"87":{"start":{"line":226,"column":20},"end":{"line":226,"column":50}},"88":{"start":{"line":227,"column":27},"end":{"line":229,"column":5}},"89":{"start":{"line":228,"column":16},"end":{"line":228,"column":34}},"90":{"start":{"line":231,"column":4},"end":{"line":233,"column":5}},"91":{"start":{"line":232,"column":6},"end":{"line":232,"column":64}},"92":{"start":{"line":235,"column":4},"end":{"line":235,"column":42}},"93":{"start":{"line":237,"column":4},"end":{"line":237,"column":16}},"94":{"start":{"line":244,"column":0},"end":{"line":279,"column":2}},"95":{"start":{"line":245,"column":2},"end":{"line":278,"column":3}},"96":{"start":{"line":246,"column":19},"end":{"line":246,"column":40}},"97":{"start":{"line":247,"column":4},"end":{"line":249,"column":5}},"98":{"start":{"line":248,"column":6},"end":{"line":248,"column":62}},"99":{"start":{"line":251,"column":26},"end":{"line":251,"column":39}},"100":{"start":{"line":252,"column":21},"end":{"line":252,"column":29}},"101":{"start":{"line":253,"column":19},"end":{"line":253,"column":30}},"102":{"start":{"line":255,"column":24},"end":{"line":255,"column":65}},"103":{"start":{"line":257,"column":4},"end":{"line":259,"column":5}},"104":{"start":{"line":258,"column":6},"end":{"line":258,"column":72}},"105":{"start":{"line":261,"column":4},"end":{"line":265,"column":5}},"106":{"start":{"line":262,"column":6},"end":{"line":264,"column":68}},"107":{"start":{"line":267,"column":4},"end":{"line":273,"column":5}},"108":{"start":{"line":268,"column":6},"end":{"line":268,"column":30}},"109":{"start":{"line":269,"column":6},"end":{"line":269,"column":31}},"110":{"start":{"line":271,"column":17},"end":{"line":271,"column":24}},"111":{"start":{"line":272,"column":6},"end":{"line":272,"column":71}},"112":{"start":{"line":275,"column":4},"end":{"line":275,"column":42}},"113":{"start":{"line":277,"column":4},"end":{"line":277,"column":16}}},"fnMap":{"0":{"name":"(anonymous_0)","decl":{"start":{"line":8,"column":28},"end":{"line":8,"column":29}},"loc":{"start":{"line":8,"column":54},"end":{"line":35,"column":1}},"line":8},"1":{"name":"(anonymous_1)","decl":{"start":{"line":40,"column":28},"end":{"line":40,"column":29}},"loc":{"start":{"line":40,"column":54},"end":{"line":66,"column":1}},"line":40},"2":{"name":"(anonymous_2)","decl":{"start":{"line":71,"column":26},"end":{"line":71,"column":27}},"loc":{"start":{"line":71,"column":52},"end":{"line":121,"column":1}},"line":71},"3":{"name":"(anonymous_3)","decl":{"start":{"line":126,"column":29},"end":{"line":126,"column":30}},"loc":{"start":{"line":126,"column":55},"end":{"line":172,"column":1}},"line":126},"4":{"name":"(anonymous_4)","decl":{"start":{"line":177,"column":26},"end":{"line":177,"column":27}},"loc":{"start":{"line":177,"column":52},"end":{"line":205,"column":1}},"line":177},"5":{"name":"(anonymous_5)","decl":{"start":{"line":198,"column":6},"end":{"line":198,"column":7}},"loc":{"start":{"line":198,"column":18},"end":{"line":198,"column":36}},"line":198},"6":{"name":"(anonymous_6)","decl":{"start":{"line":210,"column":29},"end":{"line":210,"column":30}},"loc":{"start":{"line":210,"column":55},"end":{"line":239,"column":1}},"line":210},"7":{"name":"(anonymous_7)","decl":{"start":{"line":228,"column":6},"end":{"line":228,"column":7}},"loc":{"start":{"line":228,"column":16},"end":{"line":228,"column":34}},"line":228},"8":{"name":"(anonymous_8)","decl":{"start":{"line":244,"column":28},"end":{"line":244,"column":29}},"loc":{"start":{"line":244,"column":54},"end":{"line":279,"column":1}},"line":244}},"branchMap":{"0":{"loc":{"start":{"line":11,"column":4},"end":{"line":13,"column":5}},"type":"if","locations":[{"start":{"line":11,"column":4},"end":{"line":13,"column":5}},{"start":{},"end":{}}],"line":11},"1":{"loc":{"start":{"line":47,"column":4},"end":{"line":49,"column":5}},"type":"if","locations":[{"start":{"line":47,"column":4},"end":{"line":49,"column":5}},{"start":{},"end":{}}],"line":47},"2":{"loc":{"start":{"line":51,"column":4},"end":{"line":55,"column":5}},"type":"if","locations":[{"start":{"line":51,"column":4},"end":{"line":55,"column":5}},{"start":{},"end":{}}],"line":51},"3":{"loc":{"start":{"line":81,"column":4},"end":{"line":83,"column":5}},"type":"if","locations":[{"start":{"line":81,"column":4},"end":{"line":83,"column":5}},{"start":{},"end":{}}],"line":81},"4":{"loc":{"start":{"line":85,"column":4},"end":{"line":89,"column":5}},"type":"if","locations":[{"start":{"line":85,"column":4},"end":{"line":89,"column":5}},{"start":{},"end":{}}],"line":85},"5":{"loc":{"start":{"line":95,"column":4},"end":{"line":97,"column":5}},"type":"if","locations":[{"start":{"line":95,"column":4},"end":{"line":97,"column":5}},{"start":{},"end":{}}],"line":95},"6":{"loc":{"start":{"line":103,"column":4},"end":{"line":107,"column":5}},"type":"if","locations":[{"start":{"line":103,"column":4},"end":{"line":107,"column":5}},{"start":{},"end":{}}],"line":103},"7":{"loc":{"start":{"line":136,"column":4},"end":{"line":138,"column":5}},"type":"if","locations":[{"start":{"line":136,"column":4},"end":{"line":138,"column":5}},{"start":{},"end":{}}],"line":136},"8":{"loc":{"start":{"line":140,"column":4},"end":{"line":144,"column":5}},"type":"if","locations":[{"start":{"line":140,"column":4},"end":{"line":144,"column":5}},{"start":{},"end":{}}],"line":140},"9":{"loc":{"start":{"line":146,"column":4},"end":{"line":150,"column":5}},"type":"if","locations":[{"start":{"line":146,"column":4},"end":{"line":150,"column":5}},{"start":{},"end":{}}],"line":146},"10":{"loc":{"start":{"line":156,"column":4},"end":{"line":158,"column":5}},"type":"if","locations":[{"start":{"line":156,"column":4},"end":{"line":158,"column":5}},{"start":{},"end":{}}],"line":156},"11":{"loc":{"start":{"line":222,"column":4},"end":{"line":224,"column":5}},"type":"if","locations":[{"start":{"line":222,"column":4},"end":{"line":224,"column":5}},{"start":{},"end":{}}],"line":222},"12":{"loc":{"start":{"line":231,"column":4},"end":{"line":233,"column":5}},"type":"if","locations":[{"start":{"line":231,"column":4},"end":{"line":233,"column":5}},{"start":{},"end":{}}],"line":231},"13":{"loc":{"start":{"line":231,"column":8},"end":{"line":231,"column":35}},"type":"binary-expr","locations":[{"start":{"line":231,"column":8},"end":{"line":231,"column":16}},{"start":{"line":231,"column":20},"end":{"line":231,"column":35}}],"line":231},"14":{"loc":{"start":{"line":247,"column":4},"end":{"line":249,"column":5}},"type":"if","locations":[{"start":{"line":247,"column":4},"end":{"line":249,"column":5}},{"start":{},"end":{}}],"line":247},"15":{"loc":{"start":{"line":257,"column":4},"end":{"line":259,"column":5}},"type":"if","locations":[{"start":{"line":257,"column":4},"end":{"line":259,"column":5}},{"start":{},"end":{}}],"line":257},"16":{"loc":{"start":{"line":261,"column":4},"end":{"line":265,"column":5}},"type":"if","locations":[{"start":{"line":261,"column":4},"end":{"line":265,"column":5}},{"start":{},"end":{}}],"line":261},"17":{"loc":{"start":{"line":267,"column":4},"end":{"line":273,"column":5}},"type":"if","locations":[{"start":{"line":267,"column":4},"end":{"line":273,"column":5}},{"start":{},"end":{}}],"line":267}},"s":{"0":3,"1":3,"2":3,"3":3,"4":6,"5":6,"6":6,"7":2,"8":4,"9":4,"10":4,"11":2,"12":2,"13":2,"14":2,"15":2,"16":3,"17":8,"18":8,"19":8,"20":8,"21":6,"22":2,"23":4,"24":2,"25":2,"26":2,"27":2,"28":2,"29":2,"30":3,"31":12,"32":12,"33":12,"34":12,"35":12,"36":10,"37":2,"38":8,"39":2,"40":6,"41":6,"42":2,"43":4,"44":4,"45":2,"46":2,"47":2,"48":2,"49":2,"50":2,"51":3,"52":12,"53":12,"54":12,"55":12,"56":12,"57":10,"58":2,"59":8,"60":2,"61":6,"62":2,"63":4,"64":4,"65":2,"66":2,"67":2,"68":2,"69":2,"70":2,"71":3,"72":4,"73":4,"74":4,"75":2,"76":2,"77":1,"78":2,"79":2,"80":3,"81":8,"82":8,"83":8,"84":8,"85":6,"86":2,"87":4,"88":4,"89":1,"90":4,"91":2,"92":2,"93":2,"94":3,"95":10,"96":10,"97":10,"98":2,"99":8,"100":8,"101":8,"102":8,"103":6,"104":2,"105":4,"106":2,"107":2,"108":2,"109":2,"110":2,"111":2,"112":2,"113":2},"f":{"0":6,"1":8,"2":12,"3":12,"4":4,"5":1,"6":8,"7":1,"8":10},"b":{"0":[2,4],"1":[2,4],"2":[2,2],"3":[2,8],"4":[2,6],"5":[2,4],"6":[2,2],"7":[2,8],"8":[2,6],"9":[2,4],"10":[2,2],"11":[2,4],"12":[2,2],"13":[4,2],"14":[2,8],"15":[2,4],"16":[2,2],"17":[2,0]},"_coverageSchema":"1a1c01bbd47fc00a2c39e90264f33305004495a9","hash":"c31d06adc5662eed9ac7bc2ca8a2d543786752fd"}
,"/Users/myktybeksattarov/Desktop/uniAff/spreadsheet-backend/docs/swagger.js": {"path":"/Users/myktybeksattarov/Desktop/uniAff/spreadsheet-backend/docs/swagger.js","statementMap":{"0":{"start":{"line":3,"column":21},"end":{"line":3,"column":45}},"1":{"start":{"line":4,"column":13},"end":{"line":4,"column":28}},"2":{"start":{"line":6,"column":16},"end":{"line":188,"column":1}},"3":{"start":{"line":190,"column":20},"end":{"line":190,"column":41}},"4":{"start":{"line":192,"column":0},"end":{"line":192,"column":29}}},"fnMap":{},"branchMap":{},"s":{"0":1,"1":1,"2":1,"3":1,"4":1},"f":{},"b":{},"_coverageSchema":"1a1c01bbd47fc00a2c39e90264f33305004495a9","hash":"0333a50e564981c249131941bf36b3b916554d74"}
,"/Users/myktybeksattarov/Desktop/uniAff/spreadsheet-backend/middleware/authenticate.js": {"path":"/Users/myktybeksattarov/Desktop/uniAff/spreadsheet-backend/middleware/authenticate.js","statementMap":{"0":{"start":{"line":3,"column":12},"end":{"line":3,"column":35}},"1":{"start":{"line":4,"column":15},"end":{"line":4,"column":41}},"2":{"start":{"line":5,"column":17},"end":{"line":5,"column":37}},"3":{"start":{"line":7,"column":21},"end":{"line":32,"column":1}},"4":{"start":{"line":8,"column":21},"end":{"line":8,"column":46}},"5":{"start":{"line":10,"column":2},"end":{"line":13,"column":3}},"6":{"start":{"line":11,"column":4},"end":{"line":11,"column":61}},"7":{"start":{"line":12,"column":4},"end":{"line":12,"column":79}},"8":{"start":{"line":15,"column":16},"end":{"line":15,"column":40}},"9":{"start":{"line":17,"column":2},"end":{"line":31,"column":3}},"10":{"start":{"line":18,"column":20},"end":{"line":18,"column":61}},"11":{"start":{"line":19,"column":17},"end":{"line":19,"column":48}},"12":{"start":{"line":21,"column":4},"end":{"line":24,"column":5}},"13":{"start":{"line":22,"column":6},"end":{"line":22,"column":54}},"14":{"start":{"line":23,"column":6},"end":{"line":23,"column":78}},"15":{"start":{"line":26,"column":4},"end":{"line":26,"column":20}},"16":{"start":{"line":27,"column":4},"end":{"line":27,"column":11}},"17":{"start":{"line":29,"column":4},"end":{"line":29,"column":70}},"18":{"start":{"line":30,"column":4},"end":{"line":30,"column":75}},"19":{"start":{"line":34,"column":0},"end":{"line":34,"column":30}}},"fnMap":{"0":{"name":"(anonymous_0)","decl":{"start":{"line":7,"column":21},"end":{"line":7,"column":22}},"loc":{"start":{"line":7,"column":47},"end":{"line":32,"column":1}},"line":7}},"branchMap":{"0":{"loc":{"start":{"line":10,"column":2},"end":{"line":13,"column":3}},"type":"if","locations":[{"start":{"line":10,"column":2},"end":{"line":13,"column":3}},{"start":{},"end":{}}],"line":10},"1":{"loc":{"start":{"line":10,"column":6},"end":{"line":10,"column":54}},"type":"binary-expr","locations":[{"start":{"line":10,"column":6},"end":{"line":10,"column":17}},{"start":{"line":10,"column":21},"end":{"line":10,"column":54}}],"line":10},"2":{"loc":{"start":{"line":21,"column":4},"end":{"line":24,"column":5}},"type":"if","locations":[{"start":{"line":21,"column":4},"end":{"line":24,"column":5}},{"start":{},"end":{}}],"line":21}},"s":{"0":2,"1":2,"2":2,"3":2,"4":0,"5":0,"6":0,"7":0,"8":0,"9":0,"10":0,"11":0,"12":0,"13":0,"14":0,"15":0,"16":0,"17":0,"18":0,"19":2},"f":{"0":0},"b":{"0":[0,0],"1":[0,0],"2":[0,0]},"_coverageSchema":"1a1c01bbd47fc00a2c39e90264f33305004495a9","hash":"cce7fc67ed16d9d02d61cfd42b53f4a71df13397"}
,"/Users/myktybeksattarov/Desktop/uniAff/spreadsheet-backend/middleware/errorHandler.js": {"path":"/Users/myktybeksattarov/Desktop/uniAff/spreadsheet-backend/middleware/errorHandler.js","statementMap":{"0":{"start":{"line":3,"column":15},"end":{"line":3,"column":41}},"1":{"start":{"line":5,"column":21},"end":{"line":18,"column":1}},"2":{"start":{"line":6,"column":2},"end":{"line":6,"column":58}},"3":{"start":{"line":8,"column":21},"end":{"line":8,"column":38}},"4":{"start":{"line":10,"column":4},"end":{"line":12,"column":42}},"5":{"start":{"line":14,"column":2},"end":{"line":17,"column":5}},"6":{"start":{"line":20,"column":0},"end":{"line":20,"column":30}}},"fnMap":{"0":{"name":"(anonymous_0)","decl":{"start":{"line":5,"column":21},"end":{"line":5,"column":22}},"loc":{"start":{"line":5,"column":46},"end":{"line":18,"column":1}},"line":5}},"branchMap":{"0":{"loc":{"start":{"line":8,"column":21},"end":{"line":8,"column":38}},"type":"binary-expr","locations":[{"start":{"line":8,"column":21},"end":{"line":8,"column":31}},{"start":{"line":8,"column":35},"end":{"line":8,"column":38}}],"line":8},"1":{"loc":{"start":{"line":10,"column":4},"end":{"line":12,"column":42}},"type":"cond-expr","locations":[{"start":{"line":11,"column":8},"end":{"line":11,"column":31}},{"start":{"line":12,"column":8},"end":{"line":12,"column":42}}],"line":10},"2":{"loc":{"start":{"line":12,"column":8},"end":{"line":12,"column":42}},"type":"binary-expr","locations":[{"start":{"line":12,"column":8},"end":{"line":12,"column":19}},{"start":{"line":12,"column":23},"end":{"line":12,"column":42}}],"line":12}},"s":{"0":1,"1":1,"2":0,"3":0,"4":0,"5":0,"6":1},"f":{"0":0},"b":{"0":[0,0],"1":[0,0],"2":[0,0]},"_coverageSchema":"1a1c01bbd47fc00a2c39e90264f33305004495a9","hash":"8aaa4c3c40f24470b099a6f15555d50e755b089e"}
,"/Users/myktybeksattarov/Desktop/uniAff/spreadsheet-backend/middleware/validateRequest.js": {"path":"/Users/myktybeksattarov/Desktop/uniAff/spreadsheet-backend/middleware/validateRequest.js","statementMap":{"0":{"start":{"line":3,"column":29},"end":{"line":3,"column":57}},"1":{"start":{"line":5,"column":0},"end":{"line":11,"column":2}},"2":{"start":{"line":6,"column":17},"end":{"line":6,"column":38}},"3":{"start":{"line":7,"column":2},"end":{"line":9,"column":3}},"4":{"start":{"line":8,"column":4},"end":{"line":8,"column":60}},"5":{"start":{"line":10,"column":2},"end":{"line":10,"column":9}}},"fnMap":{"0":{"name":"(anonymous_0)","decl":{"start":{"line":5,"column":17},"end":{"line":5,"column":18}},"loc":{"start":{"line":5,"column":37},"end":{"line":11,"column":1}},"line":5}},"branchMap":{"0":{"loc":{"start":{"line":7,"column":2},"end":{"line":9,"column":3}},"type":"if","locations":[{"start":{"line":7,"column":2},"end":{"line":9,"column":3}},{"start":{},"end":{}}],"line":7}},"s":{"0":3,"1":3,"2":27,"3":27,"4":9,"5":18},"f":{"0":27},"b":{"0":[9,18]},"_coverageSchema":"1a1c01bbd47fc00a2c39e90264f33305004495a9","hash":"07a6a44a5169a778d6c95b3d527744ff15e34c15"}
,"/Users/myktybeksattarov/Desktop/uniAff/spreadsheet-backend/models/cell.js": {"path":"/Users/myktybeksattarov/Desktop/uniAff/spreadsheet-backend/models/cell.js","statementMap":{"0":{"start":{"line":2,"column":29},"end":{"line":2,"column":49}},"1":{"start":{"line":4,"column":0},"end":{"line":49,"column":2}},"2":{"start":{"line":7,"column":6},"end":{"line":7,"column":62}},"3":{"start":{"line":11,"column":2},"end":{"line":46,"column":4}},"4":{"start":{"line":48,"column":2},"end":{"line":48,"column":14}}},"fnMap":{"0":{"name":"(anonymous_0)","decl":{"start":{"line":4,"column":17},"end":{"line":4,"column":18}},"loc":{"start":{"line":4,"column":32},"end":{"line":49,"column":1}},"line":4},"1":{"name":"(anonymous_1)","decl":{"start":{"line":6,"column":4},"end":{"line":6,"column":5}},"loc":{"start":{"line":6,"column":29},"end":{"line":8,"column":5}},"line":6}},"branchMap":{},"s":{"0":4,"1":4,"2":4,"3":4,"4":4},"f":{"0":4,"1":4},"b":{},"_coverageSchema":"1a1c01bbd47fc00a2c39e90264f33305004495a9","hash":"7cb6c8e1f5dde50819535a4accb40cf774764622"}
,"/Users/myktybeksattarov/Desktop/uniAff/spreadsheet-backend/models/index.js": {"path":"/Users/myktybeksattarov/Desktop/uniAff/spreadsheet-backend/models/index.js","statementMap":{"0":{"start":{"line":5,"column":11},"end":{"line":5,"column":24}},"1":{"start":{"line":6,"column":13},"end":{"line":6,"column":28}},"2":{"start":{"line":7,"column":18},"end":{"line":7,"column":38}},"3":{"start":{"line":8,"column":17},"end":{"line":8,"column":42}},"4":{"start":{"line":9,"column":12},"end":{"line":9,"column":49}},"5":{"start":{"line":10,"column":15},"end":{"line":10,"column":63}},"6":{"start":{"line":11,"column":11},"end":{"line":11,"column":13}},"7":{"start":{"line":14,"column":0},"end":{"line":20,"column":1}},"8":{"start":{"line":15,"column":2},"end":{"line":15,"column":74}},"9":{"start":{"line":16,"column":7},"end":{"line":20,"column":1}},"10":{"start":{"line":17,"column":2},"end":{"line":17,"column":48}},"11":{"start":{"line":19,"column":2},"end":{"line":19,"column":87}},"12":{"start":{"line":22,"column":0},"end":{"line":35,"column":5}},"13":{"start":{"line":25,"column":4},"end":{"line":30,"column":6}},"14":{"start":{"line":33,"column":18},"end":{"line":33,"column":85}},"15":{"start":{"line":34,"column":4},"end":{"line":34,"column":27}},"16":{"start":{"line":37,"column":0},"end":{"line":41,"column":3}},"17":{"start":{"line":38,"column":2},"end":{"line":40,"column":3}},"18":{"start":{"line":39,"column":4},"end":{"line":39,"column":32}},"19":{"start":{"line":43,"column":0},"end":{"line":43,"column":25}},"20":{"start":{"line":44,"column":0},"end":{"line":44,"column":25}},"21":{"start":{"line":46,"column":0},"end":{"line":46,"column":20}}},"fnMap":{"0":{"name":"(anonymous_0)","decl":{"start":{"line":24,"column":10},"end":{"line":24,"column":11}},"loc":{"start":{"line":24,"column":18},"end":{"line":31,"column":3}},"line":24},"1":{"name":"(anonymous_1)","decl":{"start":{"line":32,"column":11},"end":{"line":32,"column":12}},"loc":{"start":{"line":32,"column":19},"end":{"line":35,"column":3}},"line":32},"2":{"name":"(anonymous_2)","decl":{"start":{"line":37,"column":24},"end":{"line":37,"column":25}},"loc":{"start":{"line":37,"column":37},"end":{"line":41,"column":1}},"line":37}},"branchMap":{"0":{"loc":{"start":{"line":9,"column":12},"end":{"line":9,"column":49}},"type":"binary-expr","locations":[{"start":{"line":9,"column":12},"end":{"line":9,"column":32}},{"start":{"line":9,"column":36},"end":{"line":9,"column":49}}],"line":9},"1":{"loc":{"start":{"line":14,"column":0},"end":{"line":20,"column":1}},"type":"if","locations":[{"start":{"line":14,"column":0},"end":{"line":20,"column":1}},{"start":{"line":16,"column":7},"end":{"line":20,"column":1}}],"line":14},"2":{"loc":{"start":{"line":16,"column":7},"end":{"line":20,"column":1}},"type":"if","locations":[{"start":{"line":16,"column":7},"end":{"line":20,"column":1}},{"start":{"line":18,"column":7},"end":{"line":20,"column":1}}],"line":16},"3":{"loc":{"start":{"line":26,"column":6},"end":{"line":29,"column":37}},"type":"binary-expr","locations":[{"start":{"line":26,"column":6},"end":{"line":26,"column":29}},{"start":{"line":27,"column":6},"end":{"line":27,"column":23}},{"start":{"line":28,"column":6},"end":{"line":28,"column":30}},{"start":{"line":29,"column":6},"end":{"line":29,"column":37}}],"line":26},"4":{"loc":{"start":{"line":38,"column":2},"end":{"line":40,"column":3}},"type":"if","locations":[{"start":{"line":38,"column":2},"end":{"line":40,"column":3}},{"start":{},"end":{}}],"line":38}},"s":{"0":4,"1":4,"2":4,"3":4,"4":4,"5":4,"6":4,"7":4,"8":0,"9":4,"10":4,"11":0,"12":4,"13":24,"14":20,"15":20,"16":4,"17":20,"18":20,"19":4,"20":4,"21":4},"f":{"0":24,"1":20,"2":20},"b":{"0":[4,0],"1":[0,4],"2":[4,0],"3":[24,24,20,20],"4":[20,0]},"_coverageSchema":"1a1c01bbd47fc00a2c39e90264f33305004495a9","hash":"d3668b31abe9a734dea4758c624cbbd80f2c1774"}
,"/Users/myktybeksattarov/Desktop/uniAff/spreadsheet-backend/models/sheet.js": {"path":"/Users/myktybeksattarov/Desktop/uniAff/spreadsheet-backend/models/sheet.js","statementMap":{"0":{"start":{"line":2,"column":29},"end":{"line":2,"column":49}},"1":{"start":{"line":4,"column":0},"end":{"line":37,"column":2}},"2":{"start":{"line":7,"column":6},"end":{"line":7,"column":75}},"3":{"start":{"line":8,"column":6},"end":{"line":8,"column":60}},"4":{"start":{"line":12,"column":2},"end":{"line":34,"column":4}},"5":{"start":{"line":36,"column":2},"end":{"line":36,"column":15}}},"fnMap":{"0":{"name":"(anonymous_0)","decl":{"start":{"line":4,"column":17},"end":{"line":4,"column":18}},"loc":{"start":{"line":4,"column":32},"end":{"line":37,"column":1}},"line":4},"1":{"name":"(anonymous_1)","decl":{"start":{"line":6,"column":4},"end":{"line":6,"column":5}},"loc":{"start":{"line":6,"column":29},"end":{"line":9,"column":5}},"line":6}},"branchMap":{},"s":{"0":4,"1":4,"2":4,"3":4,"4":4,"5":4},"f":{"0":4,"1":4},"b":{},"_coverageSchema":"1a1c01bbd47fc00a2c39e90264f33305004495a9","hash":"12b7b1a074a3a49aeea3ca661393c581cce842e7"}
,"/Users/myktybeksattarov/Desktop/uniAff/spreadsheet-backend/models/spreadsheet.js": {"path":"/Users/myktybeksattarov/Desktop/uniAff/spreadsheet-backend/models/spreadsheet.js","statementMap":{"0":{"start":{"line":2,"column":29},"end":{"line":2,"column":49}},"1":{"start":{"line":4,"column":0},"end":{"line":61,"column":2}},"2":{"start":{"line":8,"column":6},"end":{"line":12,"column":9}},"3":{"start":{"line":15,"column":6},"end":{"line":19,"column":9}},"4":{"start":{"line":22,"column":6},"end":{"line":25,"column":9}},"5":{"start":{"line":29,"column":28},"end":{"line":31,"column":8}},"6":{"start":{"line":32,"column":6},"end":{"line":32,"column":38}},"7":{"start":{"line":36,"column":2},"end":{"line":58,"column":4}},"8":{"start":{"line":60,"column":2},"end":{"line":60,"column":21}}},"fnMap":{"0":{"name":"(anonymous_0)","decl":{"start":{"line":4,"column":17},"end":{"line":4,"column":18}},"loc":{"start":{"line":4,"column":32},"end":{"line":61,"column":1}},"line":4},"1":{"name":"(anonymous_1)","decl":{"start":{"line":6,"column":4},"end":{"line":6,"column":5}},"loc":{"start":{"line":6,"column":29},"end":{"line":26,"column":5}},"line":6},"2":{"name":"(anonymous_2)","decl":{"start":{"line":28,"column":4},"end":{"line":28,"column":5}},"loc":{"start":{"line":28,"column":34},"end":{"line":33,"column":5}},"line":28}},"branchMap":{},"s":{"0":4,"1":4,"2":4,"3":4,"4":4,"5":0,"6":0,"7":4,"8":4},"f":{"0":4,"1":4,"2":0},"b":{},"_coverageSchema":"1a1c01bbd47fc00a2c39e90264f33305004495a9","hash":"e68a4878818a7b21d74fcaf92471b781e0af80ad"}
,"/Users/myktybeksattarov/Desktop/uniAff/spreadsheet-backend/models/user.js": {"path":"/Users/myktybeksattarov/Desktop/uniAff/spreadsheet-backend/models/user.js","statementMap":{"0":{"start":{"line":2,"column":29},"end":{"line":2,"column":49}},"1":{"start":{"line":4,"column":0},"end":{"line":55,"column":2}},"2":{"start":{"line":8,"column":6},"end":{"line":12,"column":9}},"3":{"start":{"line":13,"column":6},"end":{"line":16,"column":9}},"4":{"start":{"line":20,"column":2},"end":{"line":52,"column":4}},"5":{"start":{"line":54,"column":2},"end":{"line":54,"column":14}}},"fnMap":{"0":{"name":"(anonymous_0)","decl":{"start":{"line":4,"column":17},"end":{"line":4,"column":18}},"loc":{"start":{"line":4,"column":32},"end":{"line":55,"column":1}},"line":4},"1":{"name":"(anonymous_1)","decl":{"start":{"line":6,"column":4},"end":{"line":6,"column":5}},"loc":{"start":{"line":6,"column":29},"end":{"line":17,"column":5}},"line":6}},"branchMap":{},"s":{"0":4,"1":4,"2":4,"3":4,"4":4,"5":4},"f":{"0":4,"1":4},"b":{},"_coverageSchema":"1a1c01bbd47fc00a2c39e90264f33305004495a9","hash":"f5bafe249535b55370fcd6c1f9ddad417c20a432"}
,"/Users/myktybeksattarov/Desktop/uniAff/spreadsheet-backend/models/userSpreadsheet.js": {"path":"/Users/myktybeksattarov/Desktop/uniAff/spreadsheet-backend/models/userSpreadsheet.js","statementMap":{"0":{"start":{"line":2,"column":29},"end":{"line":2,"column":49}},"1":{"start":{"line":4,"column":0},"end":{"line":42,"column":2}},"2":{"start":{"line":11,"column":2},"end":{"line":39,"column":4}},"3":{"start":{"line":41,"column":2},"end":{"line":41,"column":25}}},"fnMap":{"0":{"name":"(anonymous_0)","decl":{"start":{"line":4,"column":17},"end":{"line":4,"column":18}},"loc":{"start":{"line":4,"column":32},"end":{"line":42,"column":1}},"line":4},"1":{"name":"(anonymous_1)","decl":{"start":{"line":6,"column":4},"end":{"line":6,"column":5}},"loc":{"start":{"line":6,"column":29},"end":{"line":8,"column":5}},"line":6}},"branchMap":{},"s":{"0":4,"1":4,"2":4,"3":4},"f":{"0":4,"1":4},"b":{},"_coverageSchema":"1a1c01bbd47fc00a2c39e90264f33305004495a9","hash":"781ceab7b67c82edd0ba2909ab4659d8dbd9853f"}
,"/Users/myktybeksattarov/Desktop/uniAff/spreadsheet-backend/routes/authRoutes.js": {"path":"/Users/myktybeksattarov/Desktop/uniAff/spreadsheet-backend/routes/authRoutes.js","statementMap":{"0":{"start":{"line":3,"column":16},"end":{"line":3,"column":34}},"1":{"start":{"line":4,"column":17},"end":{"line":4,"column":45}},"2":{"start":{"line":5,"column":23},"end":{"line":5,"column":63}},"3":{"start":{"line":7,"column":15},"end":{"line":7,"column":31}},"4":{"start":{"line":40,"column":0},"end":{"line":52,"column":2}},"5":{"start":{"line":94,"column":0},"end":{"line":101,"column":2}},"6":{"start":{"line":136,"column":0},"end":{"line":136,"column":59}},"7":{"start":{"line":138,"column":0},"end":{"line":138,"column":24}}},"fnMap":{},"branchMap":{},"s":{"0":1,"1":1,"2":1,"3":1,"4":1,"5":1,"6":1,"7":1},"f":{},"b":{},"_coverageSchema":"1a1c01bbd47fc00a2c39e90264f33305004495a9","hash":"04ef27ae57dee13d4bac6d859a01abe0d5c9a9a0"}
,"/Users/myktybeksattarov/Desktop/uniAff/spreadsheet-backend/routes/cellRoutes.js": {"path":"/Users/myktybeksattarov/Desktop/uniAff/spreadsheet-backend/routes/cellRoutes.js","statementMap":{"0":{"start":{"line":3,"column":16},"end":{"line":3,"column":34}},"1":{"start":{"line":4,"column":15},"end":{"line":4,"column":52}},"2":{"start":{"line":5,"column":24},"end":{"line":5,"column":52}},"3":{"start":{"line":6,"column":23},"end":{"line":6,"column":63}},"4":{"start":{"line":7,"column":21},"end":{"line":7,"column":58}},"5":{"start":{"line":8,"column":24},"end":{"line":8,"column":64}},"6":{"start":{"line":11,"column":0},"end":{"line":11,"column":25}},"7":{"start":{"line":91,"column":0},"end":{"line":107,"column":2}},"8":{"start":{"line":152,"column":0},"end":{"line":162,"column":2}},"9":{"start":{"line":219,"column":0},"end":{"line":235,"column":2}},"10":{"start":{"line":293,"column":0},"end":{"line":309,"column":2}},"11":{"start":{"line":311,"column":0},"end":{"line":311,"column":24}}},"fnMap":{},"branchMap":{},"s":{"0":2,"1":2,"2":2,"3":2,"4":2,"5":2,"6":2,"7":2,"8":2,"9":2,"10":2,"11":2},"f":{},"b":{},"_coverageSchema":"1a1c01bbd47fc00a2c39e90264f33305004495a9","hash":"ad1b9c891afe27fdc3132d69f789dd348777d364"}
,"/Users/myktybeksattarov/Desktop/uniAff/spreadsheet-backend/routes/sheetRoutes.js": {"path":"/Users/myktybeksattarov/Desktop/uniAff/spreadsheet-backend/routes/sheetRoutes.js","statementMap":{"0":{"start":{"line":3,"column":16},"end":{"line":3,"column":34}},"1":{"start":{"line":4,"column":24},"end":{"line":4,"column":52}},"2":{"start":{"line":5,"column":24},"end":{"line":5,"column":65}},"3":{"start":{"line":6,"column":24},"end":{"line":6,"column":64}},"4":{"start":{"line":8,"column":15},"end":{"line":8,"column":31}},"5":{"start":{"line":62,"column":0},"end":{"line":70,"column":2}},"6":{"start":{"line":105,"column":0},"end":{"line":112,"column":2}},"7":{"start":{"line":152,"column":0},"end":{"line":160,"column":2}},"8":{"start":{"line":214,"column":0},"end":{"line":223,"column":2}},"9":{"start":{"line":256,"column":0},"end":{"line":264,"column":2}},"10":{"start":{"line":266,"column":0},"end":{"line":266,"column":24}}},"fnMap":{},"branchMap":{},"s":{"0":2,"1":2,"2":2,"3":2,"4":2,"5":2,"6":2,"7":2,"8":2,"9":2,"10":2},"f":{},"b":{},"_coverageSchema":"1a1c01bbd47fc00a2c39e90264f33305004495a9","hash":"4f1d30b8dfaa704ee642ed1bd0edb286cb1d2668"}
,"/Users/myktybeksattarov/Desktop/uniAff/spreadsheet-backend/routes/spreadSheetRoutes.js": {"path":"/Users/myktybeksattarov/Desktop/uniAff/spreadsheet-backend/routes/spreadSheetRoutes.js","statementMap":{"0":{"start":{"line":1,"column":16},"end":{"line":1,"column":34}},"1":{"start":{"line":2,"column":24},"end":{"line":2,"column":52}},"2":{"start":{"line":3,"column":30},"end":{"line":3,"column":77}},"3":{"start":{"line":5,"column":15},"end":{"line":5,"column":31}},"4":{"start":{"line":47,"column":0},"end":{"line":55,"column":2}},"5":{"start":{"line":82,"column":0},"end":{"line":82,"column":55}},"6":{"start":{"line":115,"column":0},"end":{"line":119,"column":2}},"7":{"start":{"line":162,"column":0},"end":{"line":172,"column":2}},"8":{"start":{"line":198,"column":0},"end":{"line":202,"column":2}},"9":{"start":{"line":242,"column":0},"end":{"line":251,"column":2}},"10":{"start":{"line":291,"column":0},"end":{"line":300,"column":2}},"11":{"start":{"line":302,"column":0},"end":{"line":302,"column":24}}},"fnMap":{},"branchMap":{},"s":{"0":2,"1":2,"2":2,"3":2,"4":2,"5":2,"6":2,"7":2,"8":2,"9":2,"10":2,"11":2},"f":{},"b":{},"_coverageSchema":"1a1c01bbd47fc00a2c39e90264f33305004495a9","hash":"49340b651cb228dbb3a34a3abec919b4bf87ab76"}
,"/Users/myktybeksattarov/Desktop/uniAff/spreadsheet-backend/services/authService.js": {"path":"/Users/myktybeksattarov/Desktop/uniAff/spreadsheet-backend/services/authService.js","statementMap":{"0":{"start":{"line":3,"column":15},"end":{"line":3,"column":32}},"1":{"start":{"line":4,"column":12},"end":{"line":4,"column":35}},"2":{"start":{"line":5,"column":17},"end":{"line":5,"column":37}},"3":{"start":{"line":6,"column":15},"end":{"line":6,"column":35}},"4":{"start":{"line":7,"column":15},"end":{"line":7,"column":41}},"5":{"start":{"line":9,"column":0},"end":{"line":35,"column":2}},"6":{"start":{"line":11,"column":23},"end":{"line":15,"column":4}},"7":{"start":{"line":16,"column":2},"end":{"line":21,"column":3}},"8":{"start":{"line":17,"column":4},"end":{"line":19,"column":6}},"9":{"start":{"line":20,"column":4},"end":{"line":20,"column":56}},"10":{"start":{"line":24,"column":25},"end":{"line":24,"column":56}},"11":{"start":{"line":27,"column":15},"end":{"line":31,"column":4}},"12":{"start":{"line":33,"column":2},"end":{"line":33,"column":59}},"13":{"start":{"line":34,"column":2},"end":{"line":34,"column":14}},"14":{"start":{"line":37,"column":0},"end":{"line":67,"column":2}},"15":{"start":{"line":39,"column":15},"end":{"line":39,"column":58}},"16":{"start":{"line":40,"column":2},"end":{"line":42,"column":3}},"17":{"start":{"line":41,"column":4},"end":{"line":41,"column":38}},"18":{"start":{"line":45,"column":26},"end":{"line":45,"column":75}},"19":{"start":{"line":46,"column":2},"end":{"line":48,"column":3}},"20":{"start":{"line":47,"column":4},"end":{"line":47,"column":40}},"21":{"start":{"line":51,"column":22},"end":{"line":53,"column":4}},"22":{"start":{"line":54,"column":23},"end":{"line":60,"column":3}},"23":{"start":{"line":63,"column":2},"end":{"line":63,"column":35}},"24":{"start":{"line":64,"column":2},"end":{"line":64,"column":20}},"25":{"start":{"line":66,"column":2},"end":{"line":66,"column":39}}},"fnMap":{"0":{"name":"(anonymous_0)","decl":{"start":{"line":9,"column":19},"end":{"line":9,"column":20}},"loc":{"start":{"line":9,"column":56},"end":{"line":35,"column":1}},"line":9},"1":{"name":"(anonymous_1)","decl":{"start":{"line":37,"column":16},"end":{"line":37,"column":17}},"loc":{"start":{"line":37,"column":46},"end":{"line":67,"column":1}},"line":37}},"branchMap":{"0":{"loc":{"start":{"line":16,"column":2},"end":{"line":21,"column":3}},"type":"if","locations":[{"start":{"line":16,"column":2},"end":{"line":21,"column":3}},{"start":{},"end":{}}],"line":16},"1":{"loc":{"start":{"line":40,"column":2},"end":{"line":42,"column":3}},"type":"if","locations":[{"start":{"line":40,"column":2},"end":{"line":42,"column":3}},{"start":{},"end":{}}],"line":40},"2":{"loc":{"start":{"line":46,"column":2},"end":{"line":48,"column":3}},"type":"if","locations":[{"start":{"line":46,"column":2},"end":{"line":48,"column":3}},{"start":{},"end":{}}],"line":46}},"s":{"0":1,"1":1,"2":1,"3":1,"4":1,"5":1,"6":2,"7":2,"8":1,"9":1,"10":1,"11":1,"12":1,"13":1,"14":1,"15":2,"16":2,"17":0,"18":2,"19":2,"20":1,"21":1,"22":1,"23":1,"24":1,"25":1},"f":{"0":2,"1":2},"b":{"0":[1,1],"1":[0,2],"2":[1,1]},"_coverageSchema":"1a1c01bbd47fc00a2c39e90264f33305004495a9","hash":"da8a5177b7c357e573b25de39e7cbe0f38f73921"}
,"/Users/myktybeksattarov/Desktop/uniAff/spreadsheet-backend/services/formulaService.js": {"path":"/Users/myktybeksattarov/Desktop/uniAff/spreadsheet-backend/services/formulaService.js","statementMap":{"0":{"start":{"line":3,"column":24},"end":{"line":3,"column":41}},"1":{"start":{"line":4,"column":17},"end":{"line":4,"column":37}},"2":{"start":{"line":5,"column":15},"end":{"line":5,"column":35}},"3":{"start":{"line":6,"column":15},"end":{"line":6,"column":41}},"4":{"start":{"line":9,"column":13},"end":{"line":9,"column":24}},"5":{"start":{"line":12,"column":21},"end":{"line":12,"column":43}},"6":{"start":{"line":21,"column":0},"end":{"line":43,"column":2}},"7":{"start":{"line":27,"column":19},"end":{"line":27,"column":49}},"8":{"start":{"line":30,"column":21},"end":{"line":30,"column":75}},"9":{"start":{"line":33,"column":21},"end":{"line":33,"column":63}},"10":{"start":{"line":36,"column":2},"end":{"line":42,"column":3}},"11":{"start":{"line":37,"column":19},"end":{"line":37,"column":44}},"12":{"start":{"line":38,"column":4},"end":{"line":38,"column":18}},"13":{"start":{"line":40,"column":4},"end":{"line":40,"column":76}},"14":{"start":{"line":41,"column":4},"end":{"line":41,"column":58}},"15":{"start":{"line":51,"column":15},"end":{"line":51,"column":48}},"16":{"start":{"line":52,"column":2},"end":{"line":52,"column":14}},"17":{"start":{"line":64,"column":21},"end":{"line":64,"column":67}},"18":{"start":{"line":64,"column":43},"end":{"line":64,"column":66}},"19":{"start":{"line":67,"column":2},"end":{"line":73,"column":5}},"20":{"start":{"line":68,"column":20},"end":{"line":68,"column":57}},"21":{"start":{"line":69,"column":4},"end":{"line":71,"column":5}},"22":{"start":{"line":70,"column":6},"end":{"line":70,"column":53}},"23":{"start":{"line":72,"column":4},"end":{"line":72,"column":30}},"24":{"start":{"line":76,"column":16},"end":{"line":84,"column":4}},"25":{"start":{"line":79,"column":40},"end":{"line":82,"column":7}},"26":{"start":{"line":87,"column":18},"end":{"line":87,"column":20}},"27":{"start":{"line":88,"column":2},"end":{"line":111,"column":3}},"28":{"start":{"line":89,"column":20},"end":{"line":89,"column":59}},"29":{"start":{"line":90,"column":17},"end":{"line":92,"column":5}},"30":{"start":{"line":91,"column":13},"end":{"line":91,"column":57}},"31":{"start":{"line":94,"column":16},"end":{"line":94,"column":17}},"32":{"start":{"line":95,"column":4},"end":{"line":109,"column":5}},"33":{"start":{"line":96,"column":6},"end":{"line":108,"column":7}},"34":{"start":{"line":98,"column":8},"end":{"line":102,"column":10}},"35":{"start":{"line":104,"column":8},"end":{"line":104,"column":41}},"36":{"start":{"line":105,"column":8},"end":{"line":107,"column":9}},"37":{"start":{"line":106,"column":10},"end":{"line":106,"column":20}},"38":{"start":{"line":110,"column":4},"end":{"line":110,"column":29}},"39":{"start":{"line":114,"column":2},"end":{"line":117,"column":5}},"40":{"start":{"line":115,"column":20},"end":{"line":115,"column":57}},"41":{"start":{"line":116,"column":4},"end":{"line":116,"column":33}},"42":{"start":{"line":119,"column":2},"end":{"line":119,"column":17}},"43":{"start":{"line":129,"column":2},"end":{"line":132,"column":5}},"44":{"start":{"line":130,"column":18},"end":{"line":130,"column":73}},"45":{"start":{"line":131,"column":4},"end":{"line":131,"column":17}},"46":{"start":{"line":141,"column":24},"end":{"line":141,"column":47}},"47":{"start":{"line":142,"column":20},"end":{"line":142,"column":39}},"48":{"start":{"line":145,"column":21},"end":{"line":145,"column":22}},"49":{"start":{"line":146,"column":2},"end":{"line":149,"column":3}},"50":{"start":{"line":146,"column":15},"end":{"line":146,"column":16}},"51":{"start":{"line":147,"column":4},"end":{"line":147,"column":23}},"52":{"start":{"line":148,"column":4},"end":{"line":148,"column":67}},"53":{"start":{"line":151,"column":2},"end":{"line":154,"column":4}},"54":{"start":{"line":164,"column":12},"end":{"line":164,"column":14}},"55":{"start":{"line":165,"column":2},"end":{"line":169,"column":3}},"56":{"start":{"line":166,"column":19},"end":{"line":166,"column":36}},"57":{"start":{"line":167,"column":4},"end":{"line":167,"column":49}},"58":{"start":{"line":168,"column":4},"end":{"line":168,"column":48}},"59":{"start":{"line":170,"column":2},"end":{"line":170,"column":19}}},"fnMap":{"0":{"name":"(anonymous_0)","decl":{"start":{"line":21,"column":26},"end":{"line":21,"column":27}},"loc":{"start":{"line":25,"column":5},"end":{"line":43,"column":1}},"line":25},"1":{"name":"extractCellReferences","decl":{"start":{"line":50,"column":9},"end":{"line":50,"column":30}},"loc":{"start":{"line":50,"column":40},"end":{"line":53,"column":1}},"line":50},"2":{"name":"fetchCellValues","decl":{"start":{"line":62,"column":15},"end":{"line":62,"column":30}},"loc":{"start":{"line":62,"column":64},"end":{"line":120,"column":1}},"line":62},"3":{"name":"(anonymous_3)","decl":{"start":{"line":64,"column":34},"end":{"line":64,"column":35}},"loc":{"start":{"line":64,"column":43},"end":{"line":64,"column":66}},"line":64},"4":{"name":"(anonymous_4)","decl":{"start":{"line":67,"column":21},"end":{"line":67,"column":22}},"loc":{"start":{"line":67,"column":30},"end":{"line":73,"column":3}},"line":67},"5":{"name":"(anonymous_5)","decl":{"start":{"line":79,"column":30},"end":{"line":79,"column":31}},"loc":{"start":{"line":79,"column":40},"end":{"line":82,"column":7}},"line":79},"6":{"name":"(anonymous_6)","decl":{"start":{"line":91,"column":6},"end":{"line":91,"column":7}},"loc":{"start":{"line":91,"column":13},"end":{"line":91,"column":57}},"line":91},"7":{"name":"(anonymous_7)","decl":{"start":{"line":114,"column":21},"end":{"line":114,"column":22}},"loc":{"start":{"line":114,"column":30},"end":{"line":117,"column":3}},"line":114},"8":{"name":"replaceCellReferences","decl":{"start":{"line":128,"column":9},"end":{"line":128,"column":30}},"loc":{"start":{"line":128,"column":52},"end":{"line":133,"column":1}},"line":128},"9":{"name":"(anonymous_9)","decl":{"start":{"line":129,"column":39},"end":{"line":129,"column":40}},"loc":{"start":{"line":129,"column":50},"end":{"line":132,"column":3}},"line":129},"10":{"name":"parseCellReference","decl":{"start":{"line":140,"column":9},"end":{"line":140,"column":27}},"loc":{"start":{"line":140,"column":33},"end":{"line":155,"column":1}},"line":140},"11":{"name":"convertRowColToRef","decl":{"start":{"line":163,"column":9},"end":{"line":163,"column":27}},"loc":{"start":{"line":163,"column":41},"end":{"line":171,"column":1}},"line":163}},"branchMap":{"0":{"loc":{"start":{"line":24,"column":2},"end":{"line":24,"column":26}},"type":"default-arg","locations":[{"start":{"line":24,"column":17},"end":{"line":24,"column":26}}],"line":24},"1":{"loc":{"start":{"line":51,"column":15},"end":{"line":51,"column":48}},"type":"binary-expr","locations":[{"start":{"line":51,"column":15},"end":{"line":51,"column":42}},{"start":{"line":51,"column":46},"end":{"line":51,"column":48}}],"line":51},"2":{"loc":{"start":{"line":69,"column":4},"end":{"line":71,"column":5}},"type":"if","locations":[{"start":{"line":69,"column":4},"end":{"line":71,"column":5}},{"start":{},"end":{}}],"line":69},"3":{"loc":{"start":{"line":91,"column":13},"end":{"line":91,"column":57}},"type":"binary-expr","locations":[{"start":{"line":91,"column":13},"end":{"line":91,"column":30}},{"start":{"line":91,"column":34},"end":{"line":91,"column":57}}],"line":91},"4":{"loc":{"start":{"line":95,"column":4},"end":{"line":109,"column":5}},"type":"if","locations":[{"start":{"line":95,"column":4},"end":{"line":109,"column":5}},{"start":{},"end":{}}],"line":95},"5":{"loc":{"start":{"line":96,"column":6},"end":{"line":108,"column":7}},"type":"if","locations":[{"start":{"line":96,"column":6},"end":{"line":108,"column":7}},{"start":{"line":103,"column":13},"end":{"line":108,"column":7}}],"line":96},"6":{"loc":{"start":{"line":96,"column":10},"end":{"line":96,"column":54}},"type":"binary-expr","locations":[{"start":{"line":96,"column":10},"end":{"line":96,"column":22}},{"start":{"line":96,"column":26},"end":{"line":96,"column":54}}],"line":96},"7":{"loc":{"start":{"line":105,"column":8},"end":{"line":107,"column":9}},"type":"if","locations":[{"start":{"line":105,"column":8},"end":{"line":107,"column":9}},{"start":{},"end":{}}],"line":105},"8":{"loc":{"start":{"line":130,"column":18},"end":{"line":130,"column":73}},"type":"cond-expr","locations":[{"start":{"line":130,"column":52},"end":{"line":130,"column":69}},{"start":{"line":130,"column":72},"end":{"line":130,"column":73}}],"line":130}},"s":{"0":4,"1":4,"2":4,"3":4,"4":4,"5":4,"6":4,"7":10,"8":10,"9":6,"10":6,"11":6,"12":5,"13":1,"14":1,"15":10,"16":10,"17":10,"18":11,"19":10,"20":11,"21":11,"22":2,"23":9,"24":8,"25":9,"26":8,"27":8,"28":9,"29":9,"30":11,"31":9,"32":9,"33":8,"34":3,"35":5,"36":5,"37":0,"38":7,"39":6,"40":7,"41":7,"42":6,"43":6,"44":7,"45":7,"46":11,"47":11,"48":11,"49":11,"50":11,"51":11,"52":11,"53":11,"54":9,"55":9,"56":9,"57":9,"58":9,"59":9},"f":{"0":10,"1":10,"2":10,"3":11,"4":11,"5":9,"6":11,"7":7,"8":6,"9":7,"10":11,"11":9},"b":{"0":[7],"1":[10,2],"2":[2,9],"3":[11,10],"4":[8,1],"5":[3,5],"6":[8,3],"7":[0,5],"8":[7,0]},"_coverageSchema":"1a1c01bbd47fc00a2c39e90264f33305004495a9","hash":"c3bde499ae11b5ca3bf025991d1dba78aeafc062"}
,"/Users/myktybeksattarov/Desktop/uniAff/spreadsheet-backend/utils/logger.js": {"path":"/Users/myktybeksattarov/Desktop/uniAff/spreadsheet-backend/utils/logger.js","statementMap":{"0":{"start":{"line":3,"column":45},"end":{"line":3,"column":63}},"1":{"start":{"line":5,"column":15},"end":{"line":24,"column":2}},"2":{"start":{"line":27,"column":0},"end":{"line":33,"column":1}},"3":{"start":{"line":28,"column":2},"end":{"line":32,"column":4}},"4":{"start":{"line":35,"column":0},"end":{"line":35,"column":24}}},"fnMap":{},"branchMap":{"0":{"loc":{"start":{"line":27,"column":0},"end":{"line":33,"column":1}},"type":"if","locations":[{"start":{"line":27,"column":0},"end":{"line":33,"column":1}},{"start":{},"end":{}}],"line":27}},"s":{"0":5,"1":5,"2":5,"3":5,"4":5},"f":{},"b":{"0":[5,0]},"_coverageSchema":"1a1c01bbd47fc00a2c39e90264f33305004495a9","hash":"bc7c8af5351e9d8a0acb3606ca342961f841c33f"}
}
