TN:
SF:app.js
FN:66,(anonymous_0)
FNF:1
FNH:0
FNDA:0,(anonymous_0)
DA:3,1
DA:4,1
DA:5,1
DA:6,1
DA:7,1
DA:8,1
DA:9,1
DA:10,1
DA:12,1
DA:13,1
DA:16,1
DA:17,1
DA:19,1
DA:20,1
DA:27,1
DA:28,1
DA:31,1
DA:40,1
DA:45,1
DA:47,1
DA:50,1
DA:54,1
DA:57,1
DA:63,1
DA:66,1
DA:67,0
DA:68,0
DA:71,1
LF:28
LH:26
BRF:0
BRH:0
end_of_record
TN:
SF:socket.js
FN:16,(anonymous_0)
FN:28,(anonymous_1)
FN:35,(anonymous_2)
FN:46,(anonymous_3)
FN:54,(anonymous_4)
FN:68,(anonymous_5)
FN:99,(anonymous_6)
FN:117,(anonymous_7)
FN:133,(anonymous_8)
FN:203,(anonymous_9)
FN:217,(anonymous_10)
FNF:11
FNH:0
FNDA:0,(anonymous_0)
FNDA:0,(anonymous_1)
FNDA:0,(anonymous_2)
FNDA:0,(anonymous_3)
FNDA:0,(anonymous_4)
FNDA:0,(anonymous_5)
FNDA:0,(anonymous_6)
FNDA:0,(anonymous_7)
FNDA:0,(anonymous_8)
FNDA:0,(anonymous_9)
FNDA:0,(anonymous_10)
DA:3,1
DA:4,1
DA:5,1
DA:6,1
DA:7,1
DA:16,1
DA:17,0
DA:28,0
DA:29,0
DA:30,0
DA:31,0
DA:32,0
DA:35,0
DA:36,0
DA:37,0
DA:38,0
DA:40,0
DA:41,0
DA:46,0
DA:47,0
DA:54,0
DA:55,0
DA:57,0
DA:61,0
DA:62,0
DA:63,0
DA:66,0
DA:67,0
DA:68,0
DA:71,0
DA:72,0
DA:75,0
DA:79,0
DA:80,0
DA:85,0
DA:90,0
DA:91,0
DA:99,0
DA:100,0
DA:101,0
DA:104,0
DA:117,0
DA:118,0
DA:120,0
DA:122,0
DA:126,0
DA:127,0
DA:128,0
DA:131,0
DA:132,0
DA:133,0
DA:136,0
DA:137,0
DA:138,0
DA:142,0
DA:144,0
DA:149,0
DA:150,0
DA:154,0
DA:155,0
DA:156,0
DA:166,0
DA:175,0
DA:176,0
DA:177,0
DA:178,0
DA:179,0
DA:183,0
DA:195,0
DA:196,0
DA:203,0
DA:204,0
DA:209,0
DA:217,1
DA:218,0
DA:219,0
DA:221,0
DA:224,1
LF:78
LH:8
BRDA:30,0,0,0
BRDA:30,0,1,0
BRDA:36,1,0,0
BRDA:36,1,1,0
BRDA:61,2,0,0
BRDA:61,2,1,0
BRDA:71,3,0,0
BRDA:71,3,1,0
BRDA:71,4,0,0
BRDA:71,4,1,0
BRDA:126,5,0,0
BRDA:126,5,1,0
BRDA:136,6,0,0
BRDA:136,6,1,0
BRDA:136,7,0,0
BRDA:136,7,1,0
BRDA:144,8,0,0
BRDA:144,8,1,0
BRDA:145,9,0,0
BRDA:145,9,1,0
BRDA:145,9,2,0
BRDA:155,10,0,0
BRDA:155,10,1,0
BRDA:155,11,0,0
BRDA:155,11,1,0
BRDA:170,12,0,0
BRDA:170,12,1,0
BRDA:171,13,0,0
BRDA:171,13,1,0
BRDA:175,14,0,0
BRDA:175,14,1,0
BRDA:177,15,0,0
BRDA:177,15,1,0
BRDA:178,16,0,0
BRDA:178,16,1,0
BRDA:190,17,0,0
BRDA:190,17,1,0
BRDA:191,18,0,0
BRDA:191,18,1,0
BRDA:218,19,0,0
BRDA:218,19,1,0
BRF:41
BRH:0
end_of_record
TN:
SF:config/config.js
FNF:0
FNH:0
DA:3,1
DA:4,1
DA:5,1
DA:36,1
LF:4
LH:4
BRDA:4,0,0,1
BRDA:4,0,1,0
BRDA:15,1,0,1
BRDA:15,1,1,0
BRF:4
BRH:2
end_of_record
TN:
SF:controllers/authController.js
FN:10,(anonymous_0)
FN:29,(anonymous_1)
FN:51,(anonymous_2)
FNF:3
FNH:3
FNDA:2,(anonymous_0)
FNDA:2,(anonymous_1)
FNDA:2,(anonymous_2)
DA:3,1
DA:4,1
DA:5,1
DA:6,1
DA:7,1
DA:10,1
DA:11,2
DA:12,2
DA:13,0
DA:14,0
DA:17,2
DA:18,2
DA:19,2
DA:20,1
DA:24,1
DA:25,1
DA:29,1
DA:30,2
DA:31,2
DA:32,0
DA:33,0
DA:36,2
DA:37,2
DA:38,2
DA:42,1
DA:46,1
DA:47,1
DA:51,1
DA:52,2
DA:53,2
DA:54,0
DA:57,2
DA:59,2
DA:62,1
DA:63,1
DA:64,0
DA:65,0
DA:70,1
DA:71,0
DA:72,0
DA:76,1
DA:79,1
DA:86,1
DA:87,1
DA:89,1
DA:92,1
LF:46
LH:37
BRDA:12,0,0,0
BRDA:12,0,1,2
BRDA:31,1,0,0
BRDA:31,1,1,2
BRDA:53,2,0,0
BRDA:53,2,1,2
BRDA:63,3,0,0
BRDA:63,3,1,1
BRDA:70,4,0,0
BRDA:70,4,1,1
BRF:10
BRH:5
end_of_record
TN:
SF:controllers/spreadsheetController.js
FN:8,(anonymous_0)
FN:40,(anonymous_1)
FN:71,(anonymous_2)
FN:126,(anonymous_3)
FN:177,(anonymous_4)
FN:198,(anonymous_5)
FN:210,(anonymous_6)
FN:228,(anonymous_7)
FN:244,(anonymous_8)
FNF:9
FNH:9
FNDA:6,(anonymous_0)
FNDA:8,(anonymous_1)
FNDA:12,(anonymous_2)
FNDA:12,(anonymous_3)
FNDA:4,(anonymous_4)
FNDA:1,(anonymous_5)
FNDA:8,(anonymous_6)
FNDA:1,(anonymous_7)
FNDA:10,(anonymous_8)
DA:1,3
DA:2,3
DA:3,3
DA:8,3
DA:9,6
DA:10,6
DA:11,6
DA:12,2
DA:15,4
DA:16,4
DA:19,4
DA:22,2
DA:28,2
DA:29,2
DA:31,2
DA:33,2
DA:40,3
DA:41,8
DA:42,8
DA:43,8
DA:45,8
DA:47,6
DA:48,2
DA:51,4
DA:52,2
DA:57,2
DA:59,2
DA:60,2
DA:62,2
DA:64,2
DA:71,3
DA:72,12
DA:73,12
DA:74,12
DA:75,12
DA:77,12
DA:81,10
DA:82,2
DA:85,8
DA:86,2
DA:91,6
DA:95,6
DA:96,2
DA:99,4
DA:103,4
DA:104,2
DA:109,2
DA:111,2
DA:112,2
DA:117,2
DA:119,2
DA:126,3
DA:127,12
DA:128,12
DA:129,12
DA:130,12
DA:132,12
DA:136,10
DA:137,2
DA:140,8
DA:141,2
DA:146,6
DA:147,2
DA:152,4
DA:156,4
DA:157,2
DA:160,2
DA:162,2
DA:163,2
DA:168,2
DA:170,2
DA:177,3
DA:178,4
DA:179,4
DA:181,4
DA:186,2
DA:197,2
DA:198,1
DA:201,2
DA:203,2
DA:210,3
DA:211,8
DA:212,8
DA:213,8
DA:215,8
DA:222,6
DA:223,2
DA:226,4
DA:227,4
DA:228,1
DA:231,4
DA:232,2
DA:235,2
DA:237,2
DA:244,3
DA:245,10
DA:246,10
DA:247,10
DA:248,2
DA:251,8
DA:252,8
DA:253,8
DA:255,8
DA:257,6
DA:258,2
DA:261,4
DA:262,2
DA:267,2
DA:268,2
DA:269,2
DA:271,2
DA:272,2
DA:275,2
DA:277,2
LF:114
LH:114
BRDA:11,0,0,2
BRDA:11,0,1,4
BRDA:47,1,0,2
BRDA:47,1,1,4
BRDA:51,2,0,2
BRDA:51,2,1,2
BRDA:81,3,0,2
BRDA:81,3,1,8
BRDA:85,4,0,2
BRDA:85,4,1,6
BRDA:95,5,0,2
BRDA:95,5,1,4
BRDA:103,6,0,2
BRDA:103,6,1,2
BRDA:136,7,0,2
BRDA:136,7,1,8
BRDA:140,8,0,2
BRDA:140,8,1,6
BRDA:146,9,0,2
BRDA:146,9,1,4
BRDA:156,10,0,2
BRDA:156,10,1,2
BRDA:222,11,0,2
BRDA:222,11,1,4
BRDA:231,12,0,2
BRDA:231,12,1,2
BRDA:231,13,0,4
BRDA:231,13,1,2
BRDA:247,14,0,2
BRDA:247,14,1,8
BRDA:257,15,0,2
BRDA:257,15,1,4
BRDA:261,16,0,2
BRDA:261,16,1,2
BRDA:267,17,0,2
BRDA:267,17,1,0
BRF:36
BRH:35
end_of_record
TN:
SF:docs/swagger.js
FNF:0
FNH:0
DA:3,1
DA:4,1
DA:6,1
DA:147,1
DA:149,1
LF:5
LH:5
BRF:0
BRH:0
end_of_record
TN:
SF:middleware/authenticate.js
FN:7,(anonymous_0)
FNF:1
FNH:0
FNDA:0,(anonymous_0)
DA:3,1
DA:4,1
DA:5,1
DA:7,1
DA:8,0
DA:10,0
DA:11,0
DA:13,0
DA:15,0
DA:16,0
DA:19,0
DA:20,0
DA:21,0
DA:22,0
DA:23,0
DA:25,0
DA:26,0
DA:28,0
DA:29,0
DA:30,0
DA:32,0
LF:21
LH:4
BRDA:10,0,0,0
BRDA:10,0,1,0
BRDA:10,1,0,0
BRDA:10,1,1,0
BRDA:13,2,0,0
BRDA:13,2,1,0
BRDA:15,3,0,0
BRDA:15,3,1,0
BRDA:22,4,0,0
BRDA:22,4,1,0
BRDA:29,5,0,0
BRDA:29,5,1,0
BRF:12
BRH:0
end_of_record
TN:
SF:middleware/errorHandler.js
FN:5,(anonymous_0)
FNF:1
FNH:0
FNDA:0,(anonymous_0)
DA:3,1
DA:5,1
DA:6,0
DA:8,0
DA:10,0
DA:14,0
DA:20,1
LF:7
LH:3
BRDA:8,0,0,0
BRDA:8,0,1,0
BRDA:10,1,0,0
BRDA:10,1,1,0
BRDA:12,2,0,0
BRDA:12,2,1,0
BRF:6
BRH:0
end_of_record
TN:
SF:models/cell.js
FN:4,(anonymous_0)
FN:6,(anonymous_1)
FNF:2
FNH:2
FNDA:1,(anonymous_0)
FNDA:1,(anonymous_1)
DA:2,1
DA:4,1
DA:7,1
DA:11,1
DA:48,1
LF:5
LH:5
BRF:0
BRH:0
end_of_record
TN:
SF:models/index.js
FN:24,(anonymous_0)
FN:32,(anonymous_1)
FN:37,(anonymous_2)
FNF:3
FNH:3
FNDA:6,(anonymous_0)
FNDA:5,(anonymous_1)
FNDA:5,(anonymous_2)
DA:5,1
DA:6,1
DA:7,1
DA:8,1
DA:9,1
DA:10,1
DA:11,1
DA:14,1
DA:15,0
DA:16,1
DA:17,1
DA:19,0
DA:22,1
DA:25,6
DA:33,5
DA:34,5
DA:37,1
DA:38,5
DA:39,5
DA:43,1
DA:44,1
DA:46,1
LF:22
LH:20
BRDA:9,0,0,1
BRDA:9,0,1,0
BRDA:14,1,0,0
BRDA:14,1,1,1
BRDA:16,2,0,1
BRDA:16,2,1,0
BRDA:26,3,0,6
BRDA:26,3,1,6
BRDA:26,3,2,5
BRDA:26,3,3,5
BRDA:38,4,0,5
BRDA:38,4,1,0
BRF:12
BRH:8
end_of_record
TN:
SF:models/sheet.js
FN:4,(anonymous_0)
FN:6,(anonymous_1)
FNF:2
FNH:2
FNDA:1,(anonymous_0)
FNDA:1,(anonymous_1)
DA:2,1
DA:4,1
DA:7,1
DA:8,1
DA:12,1
DA:36,1
LF:6
LH:6
BRF:0
BRH:0
end_of_record
TN:
SF:models/spreadsheet.js
FN:4,(anonymous_0)
FN:6,(anonymous_1)
FNF:2
FNH:2
FNDA:1,(anonymous_0)
FNDA:1,(anonymous_1)
DA:2,1
DA:4,1
DA:8,1
DA:15,1
DA:22,1
DA:29,1
DA:53,1
LF:7
LH:7
BRF:0
BRH:0
end_of_record
TN:
SF:models/user.js
FN:4,(anonymous_0)
FN:6,(anonymous_1)
FNF:2
FNH:2
FNDA:1,(anonymous_0)
FNDA:1,(anonymous_1)
DA:2,1
DA:4,1
DA:8,1
DA:13,1
DA:20,1
DA:54,1
LF:6
LH:6
BRF:0
BRH:0
end_of_record
TN:
SF:models/userSpreadsheet.js
FN:4,(anonymous_0)
FN:6,(anonymous_1)
FNF:2
FNH:2
FNDA:1,(anonymous_0)
FNDA:1,(anonymous_1)
DA:2,1
DA:4,1
DA:11,1
DA:41,1
LF:4
LH:4
BRF:0
BRH:0
end_of_record
TN:
SF:routes/authRoutes.js
FNF:0
FNH:0
DA:3,1
DA:4,1
DA:5,1
DA:7,1
DA:40,1
DA:94,1
DA:136,1
DA:138,1
LF:8
LH:8
BRF:0
BRH:0
end_of_record
TN:
SF:routes/spreadSheetRoutes.js
FNF:0
FNH:0
DA:1,2
DA:2,2
DA:3,2
DA:5,2
DA:47,2
DA:82,2
DA:115,2
DA:164,2
DA:200,2
DA:246,2
DA:295,2
DA:306,2
LF:12
LH:12
BRF:0
BRH:0
end_of_record
TN:
SF:services/authService.js
FN:9,(anonymous_0)
FN:37,(anonymous_1)
FNF:2
FNH:2
FNDA:2,(anonymous_0)
FNDA:2,(anonymous_1)
DA:3,1
DA:4,1
DA:5,1
DA:6,1
DA:7,1
DA:9,1
DA:11,2
DA:16,2
DA:17,1
DA:20,1
DA:24,1
DA:27,1
DA:33,1
DA:34,1
DA:37,1
DA:39,2
DA:40,2
DA:41,0
DA:45,2
DA:46,2
DA:47,1
DA:51,1
DA:54,1
DA:63,1
DA:64,1
DA:66,1
LF:26
LH:25
BRDA:16,0,0,1
BRDA:16,0,1,1
BRDA:40,1,0,0
BRDA:40,1,1,2
BRDA:46,2,0,1
BRDA:46,2,1,1
BRF:6
BRH:5
end_of_record
TN:
SF:services/formulaService.js
FN:8,(anonymous_0)
FN:13,(anonymous_1)
FN:23,(anonymous_2)
FN:32,(anonymous_3)
FN:41,(anonymous_4)
FN:56,parseCellReference
FN:73,convertRowColToRef
FNF:7
FNH:0
FNDA:0,(anonymous_0)
FNDA:0,(anonymous_1)
FNDA:0,(anonymous_2)
FNDA:0,(anonymous_3)
FNDA:0,(anonymous_4)
FNDA:0,parseCellReference
FNDA:0,convertRowColToRef
DA:3,1
DA:4,1
DA:5,1
DA:6,1
DA:8,1
DA:10,0
DA:13,0
DA:15,0
DA:16,0
DA:20,0
DA:23,0
DA:31,0
DA:32,0
DA:33,0
DA:34,0
DA:40,0
DA:41,0
DA:42,0
DA:43,0
DA:47,0
DA:48,0
DA:49,0
DA:51,0
DA:52,0
DA:57,0
DA:58,0
DA:61,0
DA:62,0
DA:63,0
DA:64,0
DA:67,0
DA:74,0
DA:75,0
DA:76,0
DA:77,0
DA:78,0
DA:80,0
LF:37
LH:5
BRDA:10,0,0,0
BRDA:10,0,1,0
BRDA:15,1,0,0
BRDA:15,1,1,0
BRDA:34,2,0,0
BRDA:34,2,1,0
BRDA:42,3,0,0
BRDA:42,3,1,0
BRF:8
BRH:0
end_of_record
TN:
SF:utils/logger.js
FNF:0
FNH:0
DA:3,1
DA:5,1
DA:27,1
DA:28,1
DA:35,1
LF:5
LH:5
BRDA:27,0,0,1
BRDA:27,0,1,0
BRF:2
BRH:1
end_of_record
