TN:
SF:app.js
FNF:0
FNH:0
DA:3,1
DA:4,1
DA:5,1
DA:6,1
DA:7,1
DA:8,1
DA:10,1
DA:11,1
DA:14,1
DA:15,1
DA:16,1
DA:17,1
DA:18,1
DA:20,1
DA:25,1
DA:28,1
DA:31,1
DA:40,1
DA:45,1
DA:50,1
DA:53,1
DA:54,1
DA:56,1
DA:63,1
DA:66,1
DA:68,1
LF:26
LH:26
BRF:0
BRH:0
end_of_record
TN:
SF:socket.js
FN:16,(anonymous_0)
FN:28,(anonymous_1)
FN:35,(anonymous_2)
FN:46,(anonymous_3)
FN:54,(anonymous_4)
FN:68,(anonymous_5)
FN:99,(anonymous_6)
FN:117,(anonymous_7)
FN:133,(anonymous_8)
FN:236,(anonymous_9)
FN:250,(anonymous_10)
FNF:11
FNH:0
FNDA:0,(anonymous_0)
FNDA:0,(anonymous_1)
FNDA:0,(anonymous_2)
FNDA:0,(anonymous_3)
FNDA:0,(anonymous_4)
FNDA:0,(anonymous_5)
FNDA:0,(anonymous_6)
FNDA:0,(anonymous_7)
FNDA:0,(anonymous_8)
FNDA:0,(anonymous_9)
FNDA:0,(anonymous_10)
DA:3,3
DA:4,3
DA:5,3
DA:6,3
DA:7,3
DA:16,3
DA:17,0
DA:28,0
DA:29,0
DA:30,0
DA:31,0
DA:32,0
DA:35,0
DA:36,0
DA:37,0
DA:38,0
DA:40,0
DA:41,0
DA:46,0
DA:47,0
DA:54,0
DA:55,0
DA:57,0
DA:61,0
DA:62,0
DA:63,0
DA:66,0
DA:67,0
DA:68,0
DA:71,0
DA:72,0
DA:75,0
DA:79,0
DA:80,0
DA:85,0
DA:90,0
DA:91,0
DA:99,0
DA:100,0
DA:101,0
DA:104,0
DA:117,0
DA:118,0
DA:120,0
DA:122,0
DA:126,0
DA:127,0
DA:128,0
DA:131,0
DA:132,0
DA:133,0
DA:136,0
DA:137,0
DA:138,0
DA:142,0
DA:144,0
DA:149,0
DA:150,0
DA:154,0
DA:158,0
DA:159,0
DA:160,0
DA:164,0
DA:165,0
DA:166,0
DA:176,0
DA:177,0
DA:179,0
DA:184,0
DA:189,0
DA:198,0
DA:199,0
DA:200,0
DA:201,0
DA:202,0
DA:206,0
DA:208,0
DA:214,0
DA:218,0
DA:223,0
DA:228,0
DA:229,0
DA:236,0
DA:237,0
DA:242,0
DA:250,3
DA:251,0
DA:252,0
DA:254,0
DA:257,3
LF:90
LH:8
BRDA:30,0,0,0
BRDA:30,0,1,0
BRDA:36,1,0,0
BRDA:36,1,1,0
BRDA:61,2,0,0
BRDA:61,2,1,0
BRDA:71,3,0,0
BRDA:71,3,1,0
BRDA:71,4,0,0
BRDA:71,4,1,0
BRDA:126,5,0,0
BRDA:126,5,1,0
BRDA:136,6,0,0
BRDA:136,6,1,0
BRDA:136,7,0,0
BRDA:136,7,1,0
BRDA:144,8,0,0
BRDA:144,8,1,0
BRDA:145,9,0,0
BRDA:145,9,1,0
BRDA:145,9,2,0
BRDA:158,10,0,0
BRDA:158,10,1,0
BRDA:165,11,0,0
BRDA:165,11,1,0
BRDA:165,12,0,0
BRDA:165,12,1,0
BRDA:176,13,0,0
BRDA:176,13,1,0
BRDA:193,14,0,0
BRDA:193,14,1,0
BRDA:194,15,0,0
BRDA:194,15,1,0
BRDA:198,16,0,0
BRDA:198,16,1,0
BRDA:200,17,0,0
BRDA:200,17,1,0
BRDA:201,18,0,0
BRDA:201,18,1,0
BRDA:206,19,0,0
BRDA:206,19,1,0
BRDA:206,20,0,0
BRDA:206,20,1,0
BRDA:251,21,0,0
BRDA:251,21,1,0
BRF:45
BRH:0
end_of_record
TN:
SF:config/config.js
FNF:0
FNH:0
DA:3,4
DA:4,4
DA:5,4
DA:36,4
LF:4
LH:4
BRDA:4,0,0,4
BRDA:4,0,1,0
BRDA:15,1,0,4
BRDA:15,1,1,0
BRF:4
BRH:2
end_of_record
TN:
SF:controllers/authController.js
FN:10,(anonymous_0)
FN:29,(anonymous_1)
FN:51,(anonymous_2)
FNF:3
FNH:3
FNDA:2,(anonymous_0)
FNDA:2,(anonymous_1)
FNDA:2,(anonymous_2)
DA:3,1
DA:4,1
DA:5,1
DA:6,1
DA:7,1
DA:10,1
DA:11,2
DA:12,2
DA:13,0
DA:14,0
DA:17,2
DA:18,2
DA:19,2
DA:20,1
DA:24,1
DA:25,1
DA:29,1
DA:30,2
DA:31,2
DA:32,0
DA:33,0
DA:36,2
DA:37,2
DA:38,2
DA:42,1
DA:46,1
DA:47,1
DA:51,1
DA:52,2
DA:53,2
DA:54,0
DA:57,2
DA:59,2
DA:62,1
DA:63,1
DA:64,0
DA:65,0
DA:70,1
DA:71,0
DA:72,0
DA:76,1
DA:79,1
DA:86,1
DA:87,1
DA:89,1
DA:92,1
LF:46
LH:37
BRDA:12,0,0,0
BRDA:12,0,1,2
BRDA:31,1,0,0
BRDA:31,1,1,2
BRDA:53,2,0,0
BRDA:53,2,1,2
BRDA:63,3,0,0
BRDA:63,3,1,1
BRDA:70,4,0,0
BRDA:70,4,1,1
BRF:10
BRH:5
end_of_record
TN:
SF:controllers/cellController.js
FN:11,(anonymous_0)
FN:85,(anonymous_1)
FN:126,(anonymous_2)
FN:173,(anonymous_3)
FNF:4
FNH:4
FNDA:6,(anonymous_0)
FNDA:4,(anonymous_1)
FNDA:3,(anonymous_2)
FNDA:5,(anonymous_3)
DA:3,3
DA:4,3
DA:5,3
DA:11,3
DA:12,6
DA:14,6
DA:15,6
DA:16,1
DA:19,5
DA:20,5
DA:23,5
DA:25,4
DA:26,1
DA:30,3
DA:31,3
DA:32,1
DA:33,1
DA:34,1
DA:41,2
DA:45,2
DA:46,0
DA:50,2
DA:54,2
DA:56,1
DA:57,1
DA:58,1
DA:59,1
DA:62,1
DA:73,2
DA:74,2
DA:76,2
DA:78,1
DA:85,3
DA:86,4
DA:87,4
DA:90,4
DA:92,3
DA:93,1
DA:97,2
DA:98,2
DA:99,1
DA:100,1
DA:101,1
DA:106,1
DA:110,1
DA:111,0
DA:115,1
DA:117,1
DA:119,1
DA:126,3
DA:127,3
DA:128,3
DA:131,3
DA:133,2
DA:134,0
DA:138,2
DA:139,2
DA:140,1
DA:141,1
DA:142,1
DA:147,1
DA:151,1
DA:152,0
DA:156,1
DA:160,1
DA:161,0
DA:164,1
DA:166,1
DA:173,3
DA:174,5
DA:175,5
DA:178,5
DA:180,4
DA:181,0
DA:185,4
DA:186,4
DA:187,1
DA:191,3
DA:195,3
DA:196,0
DA:200,3
DA:204,3
DA:205,2
DA:209,1
DA:212,1
DA:213,1
DA:215,1
DA:217,1
LF:88
LH:81
BRDA:15,0,0,1
BRDA:15,0,1,5
BRDA:25,1,0,1
BRDA:25,1,1,3
BRDA:31,2,0,1
BRDA:31,2,1,2
BRDA:33,3,0,1
BRDA:33,3,1,0
BRDA:45,4,0,0
BRDA:45,4,1,2
BRDA:54,5,0,1
BRDA:54,5,1,1
BRDA:92,6,0,1
BRDA:92,6,1,2
BRDA:98,7,0,1
BRDA:98,7,1,1
BRDA:100,8,0,1
BRDA:100,8,1,0
BRDA:110,9,0,0
BRDA:110,9,1,1
BRDA:133,10,0,0
BRDA:133,10,1,2
BRDA:139,11,0,1
BRDA:139,11,1,1
BRDA:141,12,0,1
BRDA:141,12,1,0
BRDA:151,13,0,0
BRDA:151,13,1,1
BRDA:160,14,0,0
BRDA:160,14,1,1
BRDA:180,15,0,0
BRDA:180,15,1,4
BRDA:186,16,0,1
BRDA:186,16,1,3
BRDA:195,17,0,0
BRDA:195,17,1,3
BRDA:204,18,0,2
BRDA:204,18,1,1
BRF:38
BRH:28
end_of_record
TN:
SF:controllers/sheetController.js
FN:11,(anonymous_0)
FN:56,(anonymous_1)
FN:89,(anonymous_2)
FN:128,(anonymous_3)
FN:182,(anonymous_4)
FNF:5
FNH:5
FNDA:5,(anonymous_0)
FNDA:4,(anonymous_1)
FNDA:5,(anonymous_2)
FNDA:6,(anonymous_3)
FNDA:4,(anonymous_4)
DA:3,2
DA:4,2
DA:5,2
DA:11,2
DA:12,5
DA:14,5
DA:15,5
DA:16,1
DA:19,4
DA:20,4
DA:23,4
DA:25,4
DA:26,1
DA:30,3
DA:31,2
DA:32,2
DA:33,1
DA:40,2
DA:43,2
DA:44,2
DA:46,2
DA:48,0
DA:56,2
DA:57,4
DA:58,4
DA:61,4
DA:63,4
DA:64,1
DA:68,3
DA:69,2
DA:70,2
DA:71,1
DA:77,2
DA:79,2
DA:81,0
DA:89,2
DA:90,5
DA:91,5
DA:94,5
DA:96,5
DA:97,1
DA:101,4
DA:102,2
DA:103,2
DA:104,1
DA:110,3
DA:114,3
DA:115,1
DA:118,2
DA:120,0
DA:128,2
DA:129,6
DA:131,6
DA:132,6
DA:133,1
DA:136,5
DA:137,5
DA:140,5
DA:142,5
DA:143,1
DA:147,4
DA:148,2
DA:149,2
DA:150,1
DA:156,3
DA:160,3
DA:161,1
DA:165,2
DA:166,2
DA:169,2
DA:170,2
DA:172,2
DA:174,0
DA:182,2
DA:183,4
DA:184,4
DA:187,4
DA:189,4
DA:190,1
DA:194,3
DA:195,1
DA:200,2
DA:204,2
DA:205,1
DA:209,1
DA:212,1
DA:213,1
DA:215,1
DA:217,0
LF:89
LH:84
BRDA:15,0,0,1
BRDA:15,0,1,4
BRDA:25,1,0,1
BRDA:25,1,1,3
BRDA:30,2,0,2
BRDA:30,2,1,1
BRDA:32,3,0,1
BRDA:32,3,1,1
BRDA:63,4,0,1
BRDA:63,4,1,3
BRDA:68,5,0,2
BRDA:68,5,1,1
BRDA:70,6,0,1
BRDA:70,6,1,1
BRDA:96,7,0,1
BRDA:96,7,1,4
BRDA:101,8,0,2
BRDA:101,8,1,2
BRDA:103,9,0,1
BRDA:103,9,1,1
BRDA:114,10,0,1
BRDA:114,10,1,2
BRDA:132,11,0,1
BRDA:132,11,1,5
BRDA:142,12,0,1
BRDA:142,12,1,4
BRDA:147,13,0,2
BRDA:147,13,1,2
BRDA:149,14,0,1
BRDA:149,14,1,1
BRDA:160,15,0,1
BRDA:160,15,1,2
BRDA:189,16,0,1
BRDA:189,16,1,3
BRDA:194,17,0,1
BRDA:194,17,1,2
BRDA:204,18,0,1
BRDA:204,18,1,1
BRF:38
BRH:38
end_of_record
TN:
SF:controllers/spreadsheetController.js
FN:8,(anonymous_0)
FN:40,(anonymous_1)
FN:71,(anonymous_2)
FN:126,(anonymous_3)
FN:177,(anonymous_4)
FN:198,(anonymous_5)
FN:210,(anonymous_6)
FN:228,(anonymous_7)
FN:244,(anonymous_8)
FNF:9
FNH:9
FNDA:6,(anonymous_0)
FNDA:8,(anonymous_1)
FNDA:12,(anonymous_2)
FNDA:12,(anonymous_3)
FNDA:4,(anonymous_4)
FNDA:1,(anonymous_5)
FNDA:8,(anonymous_6)
FNDA:1,(anonymous_7)
FNDA:10,(anonymous_8)
DA:1,3
DA:2,3
DA:3,3
DA:8,3
DA:9,6
DA:10,6
DA:11,6
DA:12,2
DA:15,4
DA:16,4
DA:19,4
DA:22,2
DA:28,2
DA:29,2
DA:31,2
DA:33,2
DA:40,3
DA:41,8
DA:42,8
DA:43,8
DA:45,8
DA:47,6
DA:48,2
DA:51,4
DA:52,2
DA:57,2
DA:59,2
DA:60,2
DA:62,2
DA:64,2
DA:71,3
DA:72,12
DA:73,12
DA:74,12
DA:75,12
DA:77,12
DA:81,10
DA:82,2
DA:85,8
DA:86,2
DA:91,6
DA:95,6
DA:96,2
DA:99,4
DA:103,4
DA:104,2
DA:109,2
DA:111,2
DA:112,2
DA:117,2
DA:119,2
DA:126,3
DA:127,12
DA:128,12
DA:129,12
DA:130,12
DA:132,12
DA:136,10
DA:137,2
DA:140,8
DA:141,2
DA:146,6
DA:147,2
DA:152,4
DA:156,4
DA:157,2
DA:160,2
DA:162,2
DA:163,2
DA:168,2
DA:170,2
DA:177,3
DA:178,4
DA:179,4
DA:181,4
DA:186,2
DA:197,2
DA:198,1
DA:201,2
DA:203,2
DA:210,3
DA:211,8
DA:212,8
DA:213,8
DA:215,8
DA:222,6
DA:223,2
DA:226,4
DA:227,4
DA:228,1
DA:231,4
DA:232,2
DA:235,2
DA:237,2
DA:244,3
DA:245,10
DA:246,10
DA:247,10
DA:248,2
DA:251,8
DA:252,8
DA:253,8
DA:255,8
DA:257,6
DA:258,2
DA:261,4
DA:262,2
DA:267,2
DA:268,2
DA:269,2
DA:271,2
DA:272,2
DA:275,2
DA:277,2
LF:114
LH:114
BRDA:11,0,0,2
BRDA:11,0,1,4
BRDA:47,1,0,2
BRDA:47,1,1,4
BRDA:51,2,0,2
BRDA:51,2,1,2
BRDA:81,3,0,2
BRDA:81,3,1,8
BRDA:85,4,0,2
BRDA:85,4,1,6
BRDA:95,5,0,2
BRDA:95,5,1,4
BRDA:103,6,0,2
BRDA:103,6,1,2
BRDA:136,7,0,2
BRDA:136,7,1,8
BRDA:140,8,0,2
BRDA:140,8,1,6
BRDA:146,9,0,2
BRDA:146,9,1,4
BRDA:156,10,0,2
BRDA:156,10,1,2
BRDA:222,11,0,2
BRDA:222,11,1,4
BRDA:231,12,0,2
BRDA:231,12,1,2
BRDA:231,13,0,4
BRDA:231,13,1,2
BRDA:247,14,0,2
BRDA:247,14,1,8
BRDA:257,15,0,2
BRDA:257,15,1,4
BRDA:261,16,0,2
BRDA:261,16,1,2
BRDA:267,17,0,2
BRDA:267,17,1,0
BRF:36
BRH:35
end_of_record
TN:
SF:docs/swagger.js
FNF:0
FNH:0
DA:3,1
DA:4,1
DA:6,1
DA:190,1
DA:192,1
LF:5
LH:5
BRF:0
BRH:0
end_of_record
TN:
SF:middleware/authenticate.js
FN:7,(anonymous_0)
FNF:1
FNH:0
FNDA:0,(anonymous_0)
DA:3,2
DA:4,2
DA:5,2
DA:7,2
DA:8,0
DA:10,0
DA:11,0
DA:12,0
DA:15,0
DA:17,0
DA:18,0
DA:19,0
DA:21,0
DA:22,0
DA:23,0
DA:26,0
DA:27,0
DA:29,0
DA:30,0
DA:34,2
LF:20
LH:5
BRDA:10,0,0,0
BRDA:10,0,1,0
BRDA:10,1,0,0
BRDA:10,1,1,0
BRDA:21,2,0,0
BRDA:21,2,1,0
BRF:6
BRH:0
end_of_record
TN:
SF:middleware/errorHandler.js
FN:5,(anonymous_0)
FNF:1
FNH:0
FNDA:0,(anonymous_0)
DA:3,1
DA:5,1
DA:6,0
DA:8,0
DA:10,0
DA:14,0
DA:20,1
LF:7
LH:3
BRDA:8,0,0,0
BRDA:8,0,1,0
BRDA:10,1,0,0
BRDA:10,1,1,0
BRDA:12,2,0,0
BRDA:12,2,1,0
BRF:6
BRH:0
end_of_record
TN:
SF:middleware/validateRequest.js
FN:5,(anonymous_0)
FNF:1
FNH:1
FNDA:27,(anonymous_0)
DA:3,3
DA:5,3
DA:6,27
DA:7,27
DA:8,9
DA:10,18
LF:6
LH:6
BRDA:7,0,0,9
BRDA:7,0,1,18
BRF:2
BRH:2
end_of_record
TN:
SF:models/cell.js
FN:4,(anonymous_0)
FN:6,(anonymous_1)
FNF:2
FNH:2
FNDA:4,(anonymous_0)
FNDA:4,(anonymous_1)
DA:2,4
DA:4,4
DA:7,4
DA:11,4
DA:48,4
LF:5
LH:5
BRF:0
BRH:0
end_of_record
TN:
SF:models/index.js
FN:24,(anonymous_0)
FN:32,(anonymous_1)
FN:37,(anonymous_2)
FNF:3
FNH:3
FNDA:24,(anonymous_0)
FNDA:20,(anonymous_1)
FNDA:20,(anonymous_2)
DA:5,4
DA:6,4
DA:7,4
DA:8,4
DA:9,4
DA:10,4
DA:11,4
DA:14,4
DA:15,0
DA:16,4
DA:17,4
DA:19,0
DA:22,4
DA:25,24
DA:33,20
DA:34,20
DA:37,4
DA:38,20
DA:39,20
DA:43,4
DA:44,4
DA:46,4
LF:22
LH:20
BRDA:9,0,0,4
BRDA:9,0,1,0
BRDA:14,1,0,0
BRDA:14,1,1,4
BRDA:16,2,0,4
BRDA:16,2,1,0
BRDA:26,3,0,24
BRDA:26,3,1,24
BRDA:26,3,2,20
BRDA:26,3,3,20
BRDA:38,4,0,20
BRDA:38,4,1,0
BRF:12
BRH:8
end_of_record
TN:
SF:models/sheet.js
FN:4,(anonymous_0)
FN:6,(anonymous_1)
FNF:2
FNH:2
FNDA:4,(anonymous_0)
FNDA:4,(anonymous_1)
DA:2,4
DA:4,4
DA:7,4
DA:8,4
DA:12,4
DA:36,4
LF:6
LH:6
BRF:0
BRH:0
end_of_record
TN:
SF:models/spreadsheet.js
FN:4,(anonymous_0)
FN:6,(anonymous_1)
FN:28,(anonymous_2)
FNF:3
FNH:2
FNDA:4,(anonymous_0)
FNDA:4,(anonymous_1)
FNDA:0,(anonymous_2)
DA:2,4
DA:4,4
DA:8,4
DA:15,4
DA:22,4
DA:29,0
DA:32,0
DA:36,4
DA:60,4
LF:9
LH:7
BRF:0
BRH:0
end_of_record
TN:
SF:models/user.js
FN:4,(anonymous_0)
FN:6,(anonymous_1)
FNF:2
FNH:2
FNDA:4,(anonymous_0)
FNDA:4,(anonymous_1)
DA:2,4
DA:4,4
DA:8,4
DA:13,4
DA:20,4
DA:54,4
LF:6
LH:6
BRF:0
BRH:0
end_of_record
TN:
SF:models/userSpreadsheet.js
FN:4,(anonymous_0)
FN:6,(anonymous_1)
FNF:2
FNH:2
FNDA:4,(anonymous_0)
FNDA:4,(anonymous_1)
DA:2,4
DA:4,4
DA:11,4
DA:41,4
LF:4
LH:4
BRF:0
BRH:0
end_of_record
TN:
SF:routes/authRoutes.js
FNF:0
FNH:0
DA:3,1
DA:4,1
DA:5,1
DA:7,1
DA:40,1
DA:94,1
DA:136,1
DA:138,1
LF:8
LH:8
BRF:0
BRH:0
end_of_record
TN:
SF:routes/cellRoutes.js
FNF:0
FNH:0
DA:3,2
DA:4,2
DA:5,2
DA:6,2
DA:7,2
DA:8,2
DA:11,2
DA:91,2
DA:152,2
DA:219,2
DA:293,2
DA:311,2
LF:12
LH:12
BRF:0
BRH:0
end_of_record
TN:
SF:routes/sheetRoutes.js
FNF:0
FNH:0
DA:3,2
DA:4,2
DA:5,2
DA:6,2
DA:8,2
DA:62,2
DA:105,2
DA:152,2
DA:214,2
DA:256,2
DA:266,2
LF:11
LH:11
BRF:0
BRH:0
end_of_record
TN:
SF:routes/spreadSheetRoutes.js
FNF:0
FNH:0
DA:1,2
DA:2,2
DA:3,2
DA:5,2
DA:47,2
DA:82,2
DA:115,2
DA:162,2
DA:198,2
DA:242,2
DA:291,2
DA:302,2
LF:12
LH:12
BRF:0
BRH:0
end_of_record
TN:
SF:services/authService.js
FN:9,(anonymous_0)
FN:37,(anonymous_1)
FNF:2
FNH:2
FNDA:2,(anonymous_0)
FNDA:2,(anonymous_1)
DA:3,1
DA:4,1
DA:5,1
DA:6,1
DA:7,1
DA:9,1
DA:11,2
DA:16,2
DA:17,1
DA:20,1
DA:24,1
DA:27,1
DA:33,1
DA:34,1
DA:37,1
DA:39,2
DA:40,2
DA:41,0
DA:45,2
DA:46,2
DA:47,1
DA:51,1
DA:54,1
DA:63,1
DA:64,1
DA:66,1
LF:26
LH:25
BRDA:16,0,0,1
BRDA:16,0,1,1
BRDA:40,1,0,0
BRDA:40,1,1,2
BRDA:46,2,0,1
BRDA:46,2,1,1
BRF:6
BRH:5
end_of_record
TN:
SF:services/formulaService.js
FN:21,(anonymous_0)
FN:50,extractCellReferences
FN:62,fetchCellValues
FN:64,(anonymous_3)
FN:67,(anonymous_4)
FN:79,(anonymous_5)
FN:91,(anonymous_6)
FN:114,(anonymous_7)
FN:128,replaceCellReferences
FN:129,(anonymous_9)
FN:140,parseCellReference
FN:163,convertRowColToRef
FNF:12
FNH:12
FNDA:10,(anonymous_0)
FNDA:10,extractCellReferences
FNDA:10,fetchCellValues
FNDA:11,(anonymous_3)
FNDA:11,(anonymous_4)
FNDA:9,(anonymous_5)
FNDA:11,(anonymous_6)
FNDA:7,(anonymous_7)
FNDA:6,replaceCellReferences
FNDA:7,(anonymous_9)
FNDA:11,parseCellReference
FNDA:9,convertRowColToRef
DA:3,4
DA:4,4
DA:5,4
DA:6,4
DA:9,4
DA:12,4
DA:21,4
DA:27,10
DA:30,10
DA:33,6
DA:36,6
DA:37,6
DA:38,5
DA:40,1
DA:41,1
DA:51,10
DA:52,10
DA:64,11
DA:67,10
DA:68,11
DA:69,11
DA:70,2
DA:72,9
DA:76,8
DA:79,9
DA:87,8
DA:88,8
DA:89,9
DA:90,9
DA:91,11
DA:94,9
DA:95,9
DA:96,8
DA:98,3
DA:104,5
DA:105,5
DA:106,0
DA:110,7
DA:114,6
DA:115,7
DA:116,7
DA:119,6
DA:129,6
DA:130,7
DA:131,7
DA:141,11
DA:142,11
DA:145,11
DA:146,11
DA:147,11
DA:148,11
DA:151,11
DA:164,9
DA:165,9
DA:166,9
DA:167,9
DA:168,9
DA:170,9
LF:58
LH:57
BRDA:24,0,0,7
BRDA:51,1,0,10
BRDA:51,1,1,2
BRDA:69,2,0,2
BRDA:69,2,1,9
BRDA:91,3,0,11
BRDA:91,3,1,10
BRDA:95,4,0,8
BRDA:95,4,1,1
BRDA:96,5,0,3
BRDA:96,5,1,5
BRDA:96,6,0,8
BRDA:96,6,1,3
BRDA:105,7,0,0
BRDA:105,7,1,5
BRDA:130,8,0,7
BRDA:130,8,1,0
BRF:17
BRH:15
end_of_record
TN:
SF:utils/logger.js
FNF:0
FNH:0
DA:3,5
DA:5,5
DA:27,5
DA:28,5
DA:35,5
LF:5
LH:5
BRDA:27,0,0,5
BRDA:27,0,1,0
BRF:2
BRH:1
end_of_record
